DEBUG:sanic.root:

                 Sanic
         Build Fast. Run Fast.


INFO:sanic.root:Sanic v25.3.0
INFO:sanic.root:Goin' Fast @ http://127.0.0.1:8000
INFO:sanic.root:app: __main__
INFO:sanic.root:mode: debug, single worker
INFO:sanic.root:server: sanic, HTTP/1.1
INFO:sanic.root:python: 3.12.11
INFO:sanic.root:platform: Linux-6.1.0-40-cloud-amd64-x86_64-with-glibc2.36
INFO:sanic.root:auto-reload: enabled
INFO:sanic.root:packages: sanic-routing==23.12.0
DEBUG:sanic.root:Creating multiprocessing context using 'spawn'
DEBUG:sanic.root:Starting a process: Sanic-Server-0-0
DEBUG:sanic.root:Starting a process: Sanic-Reloader-0
DEBUG:asyncio:Using selector: EpollSelector
DEBUG:peewee:('BEGIN', None)
DEBUG:peewee:('CREATE TABLE IF NOT EXISTS "draft" ("id" INTEGER NOT NULL PRIMARY KEY, "created" DATETIME NOT NULL, "blue" TEXT NOT NULL, "red" TEXT, "current_move" INTEGER NOT NULL, "r1b" INTEGER, "b1b" INTEGER, "b2b" INTEGER, "r2b" INTEGER, "r3b" INTEGER, "b3b" INTEGER, "b1p" INTEGER, "r1p" INTEGER, "r2p" INTEGER, "b2p" INTEGER, "b3p" INTEGER, "r3p" INTEGER, "r4b" INTEGER, "b4b" INTEGER, "b5b" INTEGER, "r5b" INTEGER, "r4p" INTEGER, "b4p" INTEGER, "b5p" INTEGER, "r5p" INTEGER, "votes_blue" INTEGER NOT NULL, "votes_red" INTEGER NOT NULL)', [])
DEBUG:sanic.root:Process ack: Sanic-Server-0-0 [27470]
INFO:sanic.server:Starting worker [27470]
INFO:sanic.root:Received signal SIGTERM. Shutting down.
DEBUG:sanic.root:Terminating a process: Sanic-Server-0-0 [27470]
INFO:sanic.server:Stopping worker [27470]
ERROR:sanic.error:Experienced exception while trying to serve
Traceback (most recent call last):
  File "/home/le/draft/.venv/lib/python3.12/site-packages/sanic/mixins/startup.py", line 1141, in serve
    manager.run()
  File "/home/le/draft/.venv/lib/python3.12/site-packages/sanic/worker/manager.py", line 195, in run
    self.monitor()
  File "/home/le/draft/.venv/lib/python3.12/site-packages/sanic/worker/manager.py", line 295, in monitor
    cycle = self._poll_monitor()
            ^^^^^^^^^^^^^^^^^^^^
  File "/home/le/draft/.venv/lib/python3.12/site-packages/sanic/worker/manager.py", line 455, in _poll_monitor
    if self.monitor_subscriber.poll(0.1):
       ^^^^^^^^^^^^^^^^^^^^^^^^^^^^^^^^^
  File "/home/le/.local/share/uv/python/cpython-3.12.11-linux-x86_64-gnu/lib/python3.12/multiprocessing/connection.py", line 257, in poll
    return self._poll(timeout)
           ^^^^^^^^^^^^^^^^^^^
  File "/home/le/.local/share/uv/python/cpython-3.12.11-linux-x86_64-gnu/lib/python3.12/multiprocessing/connection.py", line 440, in _poll
    r = wait([self], timeout)
        ^^^^^^^^^^^^^^^^^^^^^
  File "/home/le/.local/share/uv/python/cpython-3.12.11-linux-x86_64-gnu/lib/python3.12/multiprocessing/connection.py", line 1136, in wait
    ready = selector.select(timeout)
            ^^^^^^^^^^^^^^^^^^^^^^^^
  File "/home/le/.local/share/uv/python/cpython-3.12.11-linux-x86_64-gnu/lib/python3.12/selectors.py", line 415, in select
    fd_event_list = self._selector.poll(timeout)
                    ^^^^^^^^^^^^^^^^^^^^^^^^^^^^
  File "/home/le/draft/.venv/lib/python3.12/site-packages/sanic/worker/manager.py", line 391, in shutdown_signal
    self.shutdown()
  File "/home/le/draft/.venv/lib/python3.12/site-packages/sanic/worker/manager.py", line 397, in shutdown
    process.terminate()
  File "/home/le/draft/.venv/lib/python3.12/site-packages/sanic/worker/process.py", line 108, in terminate
    self.set_state(ProcessState.TERMINATED, force=True)
  File "/home/le/draft/.venv/lib/python3.12/site-packages/sanic/worker/process.py", line 56, in set_state
    **self.worker_state[self.name],
      ~~~~~~~~~~~~~~~~~^^^^^^^^^^^
  File "<string>", line 2, in __getitem__
  File "/home/le/.local/share/uv/python/cpython-3.12.11-linux-x86_64-gnu/lib/python3.12/multiprocessing/managers.py", line 827, in _callmethod
    conn.send((self._id, methodname, args, kwds))
  File "/home/le/.local/share/uv/python/cpython-3.12.11-linux-x86_64-gnu/lib/python3.12/multiprocessing/connection.py", line 206, in send
    self._send_bytes(_ForkingPickler.dumps(obj))
  File "/home/le/.local/share/uv/python/cpython-3.12.11-linux-x86_64-gnu/lib/python3.12/multiprocessing/connection.py", line 427, in _send_bytes
    self._send(header + buf)
  File "/home/le/.local/share/uv/python/cpython-3.12.11-linux-x86_64-gnu/lib/python3.12/multiprocessing/connection.py", line 384, in _send
    n = write(self._handle, buf)
        ^^^^^^^^^^^^^^^^^^^^^^^^
BrokenPipeError: [Errno 32] Broken pipe
INFO:sanic.root:Server Stopped
ERROR:sanic.error:[Errno 32] Broken pipe
Traceback (most recent call last):
  File "/home/le/draft/.venv/lib/python3.12/site-packages/sanic/worker/serve.py", line 121, in worker_serve
    return _serve_http_1(
           ^^^^^^^^^^^^^^
  File "/home/le/draft/.venv/lib/python3.12/site-packages/sanic/server/runners.py", line 304, in _serve_http_1
    _run_server_forever(
  File "/home/le/draft/.venv/lib/python3.12/site-packages/sanic/server/runners.py", line 190, in _run_server_forever
    cleanup()
  File "/home/le/draft/.venv/lib/python3.12/site-packages/sanic/server/runners.py", line 299, in _cleanup
    app.set_serving(False)
  File "/home/le/draft/.venv/lib/python3.12/site-packages/sanic/app.py", line 2423, in set_serving
    self.multiplexer.set_serving(serving)
  File "/home/le/draft/.venv/lib/python3.12/site-packages/sanic/worker/multiplexer.py", line 91, in set_serving
    **self._state._state[self.name],
      ~~~~~~~~~~~~~~~~~~^^^^^^^^^^^
  File "<string>", line 2, in __getitem__
  File "/home/le/.local/share/uv/python/cpython-3.12.11-linux-x86_64-gnu/lib/python3.12/multiprocessing/managers.py", line 827, in _callmethod
    conn.send((self._id, methodname, args, kwds))
  File "/home/le/.local/share/uv/python/cpython-3.12.11-linux-x86_64-gnu/lib/python3.12/multiprocessing/connection.py", line 206, in send
    self._send_bytes(_ForkingPickler.dumps(obj))
  File "/home/le/.local/share/uv/python/cpython-3.12.11-linux-x86_64-gnu/lib/python3.12/multiprocessing/connection.py", line 427, in _send_bytes
    self._send(header + buf)
  File "/home/le/.local/share/uv/python/cpython-3.12.11-linux-x86_64-gnu/lib/python3.12/multiprocessing/connection.py", line 384, in _send
    n = write(self._handle, buf)
        ^^^^^^^^^^^^^^^^^^^^^^^^
BrokenPipeError: [Errno 32] Broken pipe
DEBUG:sanic.root:

                 Sanic
         Build Fast. Run Fast.


INFO:sanic.root:Sanic v25.3.0
INFO:sanic.root:Goin' Fast @ http://127.0.0.1:8000
INFO:sanic.root:app: __main__
INFO:sanic.root:mode: debug, single worker
INFO:sanic.root:server: sanic, HTTP/1.1
INFO:sanic.root:python: 3.12.11
INFO:sanic.root:platform: Linux-6.1.0-40-cloud-amd64-x86_64-with-glibc2.36
INFO:sanic.root:auto-reload: enabled
INFO:sanic.root:packages: sanic-routing==23.12.0
DEBUG:sanic.root:Creating multiprocessing context using 'spawn'
DEBUG:sanic.root:Starting a process: Sanic-Server-0-0
DEBUG:sanic.root:Starting a process: Sanic-Reloader-0
DEBUG:asyncio:Using selector: EpollSelector
DEBUG:peewee:('BEGIN', None)
DEBUG:peewee:('CREATE TABLE IF NOT EXISTS "draft" ("id" INTEGER NOT NULL PRIMARY KEY, "created" DATETIME NOT NULL, "blue" TEXT NOT NULL, "red" TEXT, "current_move" INTEGER NOT NULL, "r1b" INTEGER, "b1b" INTEGER, "b2b" INTEGER, "r2b" INTEGER, "r3b" INTEGER, "b3b" INTEGER, "b1p" INTEGER, "r1p" INTEGER, "r2p" INTEGER, "b2p" INTEGER, "b3p" INTEGER, "r3p" INTEGER, "r4b" INTEGER, "b4b" INTEGER, "b5b" INTEGER, "r5b" INTEGER, "r4p" INTEGER, "b4p" INTEGER, "b5p" INTEGER, "r5p" INTEGER, "votes_blue" INTEGER NOT NULL, "votes_red" INTEGER NOT NULL)', [])
DEBUG:sanic.root:Process ack: Sanic-Server-0-0 [27644]
INFO:sanic.server:Starting worker [27644]
DEBUG:sanic.root:Restarting a process: Sanic-Server-0-0 [27644]
DEBUG:sanic.root:Begin restart termination: Sanic-Server-0-0 [27644]
INFO:sanic.server:Stopping worker [27644]
DEBUG:sanic.root:Starting a process: Sanic-Server-0-0
INFO:sanic.server:Worker complete [27644]
DEBUG:peewee:('BEGIN', None)
DEBUG:peewee:('CREATE TABLE IF NOT EXISTS "draft" ("id" INTEGER NOT NULL PRIMARY KEY, "created" DATETIME NOT NULL, "blue" TEXT NOT NULL, "red" TEXT, "current_move" INTEGER NOT NULL, "r1b" INTEGER, "b1b" INTEGER, "b2b" INTEGER, "r2b" INTEGER, "r3b" INTEGER, "b3b" INTEGER, "b1p" INTEGER, "r1p" INTEGER, "r2p" INTEGER, "b2p" INTEGER, "b3p" INTEGER, "r3p" INTEGER, "r4b" INTEGER, "b4b" INTEGER, "b5b" INTEGER, "r5b" INTEGER, "r4p" INTEGER, "b4p" INTEGER, "b5p" INTEGER, "r5p" INTEGER, "votes_blue" INTEGER NOT NULL, "votes_red" INTEGER NOT NULL)', [])
DEBUG:sanic.root:Process ack: Sanic-Server-0-0 [27724]
INFO:sanic.server:Starting worker [27724]
INFO:sanic.root:Received signal SIGTERM. Shutting down.
DEBUG:sanic.root:Terminating a process: Sanic-Server-0-0 [27724]
INFO:sanic.server:Stopping worker [27724]
INFO:sanic.root:Received signal SIGTERM. Shutting down.
DEBUG:sanic.root:Terminating a process: Sanic-Reloader-0 [27645]
ERROR:sanic.error:Experienced exception while trying to serve
Traceback (most recent call last):
  File "/home/le/draft/.venv/lib/python3.12/site-packages/sanic/mixins/startup.py", line 1141, in serve
    manager.run()
  File "/home/le/draft/.venv/lib/python3.12/site-packages/sanic/worker/manager.py", line 195, in run
    self.monitor()
  File "/home/le/draft/.venv/lib/python3.12/site-packages/sanic/worker/manager.py", line 295, in monitor
    cycle = self._poll_monitor()
            ^^^^^^^^^^^^^^^^^^^^
  File "/home/le/draft/.venv/lib/python3.12/site-packages/sanic/worker/manager.py", line 455, in _poll_monitor
    if self.monitor_subscriber.poll(0.1):
       ^^^^^^^^^^^^^^^^^^^^^^^^^^^^^^^^^
  File "/home/le/.local/share/uv/python/cpython-3.12.11-linux-x86_64-gnu/lib/python3.12/multiprocessing/connection.py", line 257, in poll
    return self._poll(timeout)
           ^^^^^^^^^^^^^^^^^^^
  File "/home/le/.local/share/uv/python/cpython-3.12.11-linux-x86_64-gnu/lib/python3.12/multiprocessing/connection.py", line 440, in _poll
    r = wait([self], timeout)
        ^^^^^^^^^^^^^^^^^^^^^
  File "/home/le/.local/share/uv/python/cpython-3.12.11-linux-x86_64-gnu/lib/python3.12/multiprocessing/connection.py", line 1136, in wait
    ready = selector.select(timeout)
            ^^^^^^^^^^^^^^^^^^^^^^^^
  File "/home/le/.local/share/uv/python/cpython-3.12.11-linux-x86_64-gnu/lib/python3.12/selectors.py", line 415, in select
    fd_event_list = self._selector.poll(timeout)
                    ^^^^^^^^^^^^^^^^^^^^^^^^^^^^
  File "/home/le/draft/.venv/lib/python3.12/site-packages/sanic/worker/manager.py", line 391, in shutdown_signal
    self.shutdown()
  File "/home/le/draft/.venv/lib/python3.12/site-packages/sanic/worker/manager.py", line 397, in shutdown
    process.terminate()
  File "/home/le/draft/.venv/lib/python3.12/site-packages/sanic/worker/process.py", line 110, in terminate
    os.kill(self.pid, SIGINT)
  File "/home/le/draft/.venv/lib/python3.12/site-packages/sanic/worker/manager.py", line 391, in shutdown_signal
    self.shutdown()
  File "/home/le/draft/.venv/lib/python3.12/site-packages/sanic/worker/manager.py", line 397, in shutdown
    process.terminate()
  File "/home/le/draft/.venv/lib/python3.12/site-packages/sanic/worker/process.py", line 108, in terminate
    self.set_state(ProcessState.TERMINATED, force=True)
  File "/home/le/draft/.venv/lib/python3.12/site-packages/sanic/worker/process.py", line 56, in set_state
    **self.worker_state[self.name],
      ~~~~~~~~~~~~~~~~~^^^^^^^^^^^
  File "<string>", line 2, in __getitem__
  File "/home/le/.local/share/uv/python/cpython-3.12.11-linux-x86_64-gnu/lib/python3.12/multiprocessing/managers.py", line 827, in _callmethod
    conn.send((self._id, methodname, args, kwds))
  File "/home/le/.local/share/uv/python/cpython-3.12.11-linux-x86_64-gnu/lib/python3.12/multiprocessing/connection.py", line 206, in send
    self._send_bytes(_ForkingPickler.dumps(obj))
  File "/home/le/.local/share/uv/python/cpython-3.12.11-linux-x86_64-gnu/lib/python3.12/multiprocessing/connection.py", line 427, in _send_bytes
    self._send(header + buf)
  File "/home/le/.local/share/uv/python/cpython-3.12.11-linux-x86_64-gnu/lib/python3.12/multiprocessing/connection.py", line 384, in _send
    n = write(self._handle, buf)
        ^^^^^^^^^^^^^^^^^^^^^^^^
BrokenPipeError: [Errno 32] Broken pipe
INFO:sanic.root:Server Stopped
ERROR:sanic.error:[Errno 32] Broken pipe
Traceback (most recent call last):
  File "/home/le/draft/.venv/lib/python3.12/site-packages/sanic/worker/serve.py", line 121, in worker_serve
    return _serve_http_1(
           ^^^^^^^^^^^^^^
  File "/home/le/draft/.venv/lib/python3.12/site-packages/sanic/server/runners.py", line 304, in _serve_http_1
    _run_server_forever(
  File "/home/le/draft/.venv/lib/python3.12/site-packages/sanic/server/runners.py", line 190, in _run_server_forever
    cleanup()
  File "/home/le/draft/.venv/lib/python3.12/site-packages/sanic/server/runners.py", line 299, in _cleanup
    app.set_serving(False)
  File "/home/le/draft/.venv/lib/python3.12/site-packages/sanic/app.py", line 2423, in set_serving
    self.multiplexer.set_serving(serving)
  File "/home/le/draft/.venv/lib/python3.12/site-packages/sanic/worker/multiplexer.py", line 91, in set_serving
    **self._state._state[self.name],
      ~~~~~~~~~~~~~~~~~~^^^^^^^^^^^
  File "<string>", line 2, in __getitem__
  File "/home/le/.local/share/uv/python/cpython-3.12.11-linux-x86_64-gnu/lib/python3.12/multiprocessing/managers.py", line 827, in _callmethod
    conn.send((self._id, methodname, args, kwds))
  File "/home/le/.local/share/uv/python/cpython-3.12.11-linux-x86_64-gnu/lib/python3.12/multiprocessing/connection.py", line 206, in send
    self._send_bytes(_ForkingPickler.dumps(obj))
  File "/home/le/.local/share/uv/python/cpython-3.12.11-linux-x86_64-gnu/lib/python3.12/multiprocessing/connection.py", line 427, in _send_bytes
    self._send(header + buf)
  File "/home/le/.local/share/uv/python/cpython-3.12.11-linux-x86_64-gnu/lib/python3.12/multiprocessing/connection.py", line 384, in _send
    n = write(self._handle, buf)
        ^^^^^^^^^^^^^^^^^^^^^^^^
BrokenPipeError: [Errno 32] Broken pipe
INFO:sanic.root:Sanic v25.3.0
INFO:sanic.root:Goin' Fast @ http://127.0.0.1:8000
INFO:sanic.root:app: __main__
INFO:sanic.root:mode: production, single worker
INFO:sanic.root:server: sanic, HTTP/1.1
INFO:sanic.root:python: 3.12.11
INFO:sanic.root:platform: Linux-6.1.0-40-cloud-amd64-x86_64-with-glibc2.36
INFO:sanic.root:auto-reload: enabled
INFO:sanic.root:packages: sanic-routing==23.12.0
DEBUG:asyncio:Using selector: EpollSelector
DEBUG:peewee:('BEGIN', None)
DEBUG:peewee:('CREATE TABLE IF NOT EXISTS "draft" ("id" INTEGER NOT NULL PRIMARY KEY, "created" DATETIME NOT NULL, "blue" TEXT NOT NULL, "red" TEXT, "current_move" INTEGER NOT NULL, "r1b" INTEGER, "b1b" INTEGER, "b2b" INTEGER, "r2b" INTEGER, "r3b" INTEGER, "b3b" INTEGER, "b1p" INTEGER, "r1p" INTEGER, "r2p" INTEGER, "b2p" INTEGER, "b3p" INTEGER, "r3p" INTEGER, "r4b" INTEGER, "b4b" INTEGER, "b5b" INTEGER, "r5b" INTEGER, "r4p" INTEGER, "b4p" INTEGER, "b5p" INTEGER, "r5p" INTEGER, "votes_blue" INTEGER NOT NULL, "votes_red" INTEGER NOT NULL)', [])
INFO:sanic.server:Starting worker [27871]
INFO:sanic.server:Stopping worker [27871]
INFO:sanic.server:Worker complete [27871]
DEBUG:peewee:('BEGIN', None)
DEBUG:peewee:('CREATE TABLE IF NOT EXISTS "draft" ("id" INTEGER NOT NULL PRIMARY KEY, "created" DATETIME NOT NULL, "blue" TEXT NOT NULL, "red" TEXT, "current_move" INTEGER NOT NULL, "r1b" INTEGER, "b1b" INTEGER, "b2b" INTEGER, "r2b" INTEGER, "r3b" INTEGER, "b3b" INTEGER, "b1p" INTEGER, "r1p" INTEGER, "r2p" INTEGER, "b2p" INTEGER, "b3p" INTEGER, "r3p" INTEGER, "r4b" INTEGER, "b4b" INTEGER, "b5b" INTEGER, "r5b" INTEGER, "r4p" INTEGER, "b4p" INTEGER, "b5p" INTEGER, "r5p" INTEGER, "votes_blue" INTEGER NOT NULL, "votes_red" INTEGER NOT NULL)', [])
INFO:sanic.server:Starting worker [27948]
INFO:sanic.root:Received signal SIGTERM. Shutting down.
INFO:sanic.server:Stopping worker [27948]
INFO:sanic.root:Received signal SIGTERM. Shutting down.
ERROR:sanic.error:[Errno 104] Connection reset by peer
Traceback (most recent call last):
  File "/home/le/draft/.venv/lib/python3.12/site-packages/sanic/worker/serve.py", line 121, in worker_serve
    return _serve_http_1(
           ^^^^^^^^^^^^^^
  File "/home/le/draft/.venv/lib/python3.12/site-packages/sanic/server/runners.py", line 304, in _serve_http_1
    _run_server_forever(
  File "/home/le/draft/.venv/lib/python3.12/site-packages/sanic/server/runners.py", line 190, in _run_server_forever
    cleanup()
  File "/home/le/draft/.venv/lib/python3.12/site-packages/sanic/server/runners.py", line 299, in _cleanup
    app.set_serving(False)
  File "/home/le/draft/.venv/lib/python3.12/site-packages/sanic/app.py", line 2423, in set_serving
    self.multiplexer.set_serving(serving)
  File "/home/le/draft/.venv/lib/python3.12/site-packages/sanic/worker/multiplexer.py", line 91, in set_serving
    **self._state._state[self.name],
      ~~~~~~~~~~~~~~~~~~^^^^^^^^^^^
  File "<string>", line 2, in __getitem__
  File "/home/le/.local/share/uv/python/cpython-3.12.11-linux-x86_64-gnu/lib/python3.12/multiprocessing/managers.py", line 828, in _callmethod
    kind, result = conn.recv()
                   ^^^^^^^^^^^
  File "/home/le/.local/share/uv/python/cpython-3.12.11-linux-x86_64-gnu/lib/python3.12/multiprocessing/connection.py", line 250, in recv
    buf = self._recv_bytes()
          ^^^^^^^^^^^^^^^^^^
  File "/home/le/.local/share/uv/python/cpython-3.12.11-linux-x86_64-gnu/lib/python3.12/multiprocessing/connection.py", line 430, in _recv_bytes
    buf = self._recv(4)
          ^^^^^^^^^^^^^
  File "/home/le/.local/share/uv/python/cpython-3.12.11-linux-x86_64-gnu/lib/python3.12/multiprocessing/connection.py", line 395, in _recv
    chunk = read(handle, remaining)
            ^^^^^^^^^^^^^^^^^^^^^^^
ConnectionResetError: [Errno 104] Connection reset by peer
ERROR:sanic.error:Experienced exception while trying to serve
Traceback (most recent call last):
  File "/home/le/draft/.venv/lib/python3.12/site-packages/sanic/mixins/startup.py", line 1141, in serve
    manager.run()
  File "/home/le/draft/.venv/lib/python3.12/site-packages/sanic/worker/manager.py", line 195, in run
    self.monitor()
  File "/home/le/draft/.venv/lib/python3.12/site-packages/sanic/worker/manager.py", line 295, in monitor
    cycle = self._poll_monitor()
            ^^^^^^^^^^^^^^^^^^^^
  File "/home/le/draft/.venv/lib/python3.12/site-packages/sanic/worker/manager.py", line 455, in _poll_monitor
    if self.monitor_subscriber.poll(0.1):
       ^^^^^^^^^^^^^^^^^^^^^^^^^^^^^^^^^
  File "/home/le/.local/share/uv/python/cpython-3.12.11-linux-x86_64-gnu/lib/python3.12/multiprocessing/connection.py", line 257, in poll
    return self._poll(timeout)
           ^^^^^^^^^^^^^^^^^^^
  File "/home/le/.local/share/uv/python/cpython-3.12.11-linux-x86_64-gnu/lib/python3.12/multiprocessing/connection.py", line 440, in _poll
    r = wait([self], timeout)
        ^^^^^^^^^^^^^^^^^^^^^
  File "/home/le/.local/share/uv/python/cpython-3.12.11-linux-x86_64-gnu/lib/python3.12/multiprocessing/connection.py", line 1136, in wait
    ready = selector.select(timeout)
            ^^^^^^^^^^^^^^^^^^^^^^^^
  File "/home/le/.local/share/uv/python/cpython-3.12.11-linux-x86_64-gnu/lib/python3.12/selectors.py", line 415, in select
    fd_event_list = self._selector.poll(timeout)
                    ^^^^^^^^^^^^^^^^^^^^^^^^^^^^
  File "/home/le/draft/.venv/lib/python3.12/site-packages/sanic/worker/manager.py", line 391, in shutdown_signal
    self.shutdown()
  File "/home/le/draft/.venv/lib/python3.12/site-packages/sanic/worker/manager.py", line 397, in shutdown
    process.terminate()
  File "/home/le/draft/.venv/lib/python3.12/site-packages/sanic/worker/process.py", line 108, in terminate
    self.set_state(ProcessState.TERMINATED, force=True)
  File "/home/le/draft/.venv/lib/python3.12/site-packages/sanic/worker/process.py", line 56, in set_state
    **self.worker_state[self.name],
      ~~~~~~~~~~~~~~~~~^^^^^^^^^^^
  File "<string>", line 2, in __getitem__
  File "/home/le/.local/share/uv/python/cpython-3.12.11-linux-x86_64-gnu/lib/python3.12/multiprocessing/managers.py", line 827, in _callmethod
    conn.send((self._id, methodname, args, kwds))
  File "/home/le/.local/share/uv/python/cpython-3.12.11-linux-x86_64-gnu/lib/python3.12/multiprocessing/connection.py", line 206, in send
    self._send_bytes(_ForkingPickler.dumps(obj))
  File "/home/le/.local/share/uv/python/cpython-3.12.11-linux-x86_64-gnu/lib/python3.12/multiprocessing/connection.py", line 427, in _send_bytes
    self._send(header + buf)
  File "/home/le/.local/share/uv/python/cpython-3.12.11-linux-x86_64-gnu/lib/python3.12/multiprocessing/connection.py", line 384, in _send
    n = write(self._handle, buf)
        ^^^^^^^^^^^^^^^^^^^^^^^^
  File "/home/le/draft/.venv/lib/python3.12/site-packages/sanic/worker/manager.py", line 391, in shutdown_signal
    self.shutdown()
  File "/home/le/draft/.venv/lib/python3.12/site-packages/sanic/worker/manager.py", line 397, in shutdown
    process.terminate()
  File "/home/le/draft/.venv/lib/python3.12/site-packages/sanic/worker/process.py", line 108, in terminate
    self.set_state(ProcessState.TERMINATED, force=True)
  File "/home/le/draft/.venv/lib/python3.12/site-packages/sanic/worker/process.py", line 56, in set_state
    **self.worker_state[self.name],
      ~~~~~~~~~~~~~~~~~^^^^^^^^^^^
  File "<string>", line 2, in __getitem__
  File "/home/le/.local/share/uv/python/cpython-3.12.11-linux-x86_64-gnu/lib/python3.12/multiprocessing/managers.py", line 828, in _callmethod
    kind, result = conn.recv()
                   ^^^^^^^^^^^
  File "/home/le/.local/share/uv/python/cpython-3.12.11-linux-x86_64-gnu/lib/python3.12/multiprocessing/connection.py", line 250, in recv
    buf = self._recv_bytes()
          ^^^^^^^^^^^^^^^^^^
  File "/home/le/.local/share/uv/python/cpython-3.12.11-linux-x86_64-gnu/lib/python3.12/multiprocessing/connection.py", line 430, in _recv_bytes
    buf = self._recv(4)
          ^^^^^^^^^^^^^
  File "/home/le/.local/share/uv/python/cpython-3.12.11-linux-x86_64-gnu/lib/python3.12/multiprocessing/connection.py", line 395, in _recv
    chunk = read(handle, remaining)
            ^^^^^^^^^^^^^^^^^^^^^^^
ConnectionResetError: [Errno 104] Connection reset by peer
INFO:sanic.root:Server Stopped
INFO:sanic.root:Sanic v25.3.0
INFO:sanic.root:Goin' Fast @ draft.sock http://...
INFO:sanic.root:app: __main__
INFO:sanic.root:mode: production, single worker
INFO:sanic.root:server: sanic, HTTP/1.1
INFO:sanic.root:python: 3.12.11
INFO:sanic.root:platform: Linux-6.1.0-40-cloud-amd64-x86_64-with-glibc2.36
INFO:sanic.root:auto-reload: enabled
INFO:sanic.root:packages: sanic-routing==23.12.0
DEBUG:asyncio:Using selector: EpollSelector
DEBUG:peewee:('BEGIN', None)
DEBUG:peewee:('CREATE TABLE IF NOT EXISTS "draft" ("id" INTEGER NOT NULL PRIMARY KEY, "created" DATETIME NOT NULL, "blue" TEXT NOT NULL, "red" TEXT, "current_move" INTEGER NOT NULL, "r1b" INTEGER, "b1b" INTEGER, "b2b" INTEGER, "r2b" INTEGER, "r3b" INTEGER, "b3b" INTEGER, "b1p" INTEGER, "r1p" INTEGER, "r2p" INTEGER, "b2p" INTEGER, "b3p" INTEGER, "r3p" INTEGER, "r4b" INTEGER, "b4b" INTEGER, "b5b" INTEGER, "r5b" INTEGER, "r4p" INTEGER, "b4p" INTEGER, "b5p" INTEGER, "r5p" INTEGER, "votes_blue" INTEGER NOT NULL, "votes_red" INTEGER NOT NULL)', [])
INFO:sanic.server:Starting worker [27998]
ERROR:sanic.error:Exception occurred in one of response middleware handlers
Traceback (most recent call last):
  File "/home/le/draft/.venv/lib/python3.12/site-packages/sanic/request/types.py", line 402, in respond
    response = await self.app._run_response_middleware(
               ^^^^^^^^^^^^^^^^^^^^^^^^^^^^^^^^^^^^^^^^
  File "_run_response_middleware", line 17, in _run_response_middleware
    from asyncio.futures import Future
                            ^^^^^^^^^^^
  File "/home/le/draft/app.py", line 49, in cookie
    if ("user_id" not in request.cookies) and ("user_id" not in response.cookies):
                                               ^^^^^^^^^^^^^^^^^^^^^^^^^^^^^^^^^
TypeError: argument of type 'CookieJar' is not iterable
ERROR:sanic.error:Exception occurred in one of response middleware handlers
Traceback (most recent call last):
  File "/home/le/draft/.venv/lib/python3.12/site-packages/sanic/request/types.py", line 402, in respond
    response = await self.app._run_response_middleware(
               ^^^^^^^^^^^^^^^^^^^^^^^^^^^^^^^^^^^^^^^^
  File "_run_response_middleware", line 17, in _run_response_middleware
    from asyncio.futures import Future
                            ^^^^^^^^^^^
  File "/home/le/draft/app.py", line 49, in cookie
    if ("user_id" not in request.cookies) and ("user_id" not in response.cookies):
                                               ^^^^^^^^^^^^^^^^^^^^^^^^^^^^^^^^^
TypeError: argument of type 'CookieJar' is not iterable
ERROR:sanic.error:Exception occurred in one of response middleware handlers
Traceback (most recent call last):
  File "/home/le/draft/.venv/lib/python3.12/site-packages/sanic/request/types.py", line 402, in respond
    response = await self.app._run_response_middleware(
               ^^^^^^^^^^^^^^^^^^^^^^^^^^^^^^^^^^^^^^^^
  File "_run_response_middleware", line 17, in _run_response_middleware
    from asyncio.futures import Future
                            ^^^^^^^^^^^
  File "/home/le/draft/app.py", line 49, in cookie
    if ("user_id" not in request.cookies) and ("user_id" not in response.cookies):
                                               ^^^^^^^^^^^^^^^^^^^^^^^^^^^^^^^^^
TypeError: argument of type 'CookieJar' is not iterable
ERROR:sanic.error:Exception occurred in one of response middleware handlers
Traceback (most recent call last):
  File "/home/le/draft/.venv/lib/python3.12/site-packages/sanic/request/types.py", line 402, in respond
    response = await self.app._run_response_middleware(
               ^^^^^^^^^^^^^^^^^^^^^^^^^^^^^^^^^^^^^^^^
  File "_run_response_middleware", line 17, in _run_response_middleware
    from asyncio.futures import Future
                            ^^^^^^^^^^^
  File "/home/le/draft/app.py", line 49, in cookie
    if ("user_id" not in request.cookies) and ("user_id" not in response.cookies):
                                               ^^^^^^^^^^^^^^^^^^^^^^^^^^^^^^^^^
TypeError: argument of type 'CookieJar' is not iterable
ERROR:sanic.error:Exception occurred in one of response middleware handlers
Traceback (most recent call last):
  File "/home/le/draft/.venv/lib/python3.12/site-packages/sanic/request/types.py", line 402, in respond
    response = await self.app._run_response_middleware(
               ^^^^^^^^^^^^^^^^^^^^^^^^^^^^^^^^^^^^^^^^
  File "_run_response_middleware", line 17, in _run_response_middleware
    from asyncio.futures import Future
                            ^^^^^^^^^^^
  File "/home/le/draft/app.py", line 49, in cookie
    if ("user_id" not in request.cookies) and ("user_id" not in response.cookies):
                                               ^^^^^^^^^^^^^^^^^^^^^^^^^^^^^^^^^
TypeError: argument of type 'CookieJar' is not iterable
ERROR:sanic.error:Exception occurred in one of response middleware handlers
Traceback (most recent call last):
  File "/home/le/draft/.venv/lib/python3.12/site-packages/sanic/request/types.py", line 402, in respond
    response = await self.app._run_response_middleware(
               ^^^^^^^^^^^^^^^^^^^^^^^^^^^^^^^^^^^^^^^^
  File "_run_response_middleware", line 17, in _run_response_middleware
    from asyncio.futures import Future
                            ^^^^^^^^^^^
  File "/home/le/draft/app.py", line 49, in cookie
    if ("user_id" not in request.cookies) and ("user_id" not in response.cookies):
                                               ^^^^^^^^^^^^^^^^^^^^^^^^^^^^^^^^^
TypeError: argument of type 'CookieJar' is not iterable
ERROR:sanic.error:Exception occurred in one of response middleware handlers
Traceback (most recent call last):
  File "/home/le/draft/.venv/lib/python3.12/site-packages/sanic/request/types.py", line 402, in respond
    response = await self.app._run_response_middleware(
               ^^^^^^^^^^^^^^^^^^^^^^^^^^^^^^^^^^^^^^^^
  File "_run_response_middleware", line 17, in _run_response_middleware
    from asyncio.futures import Future
                            ^^^^^^^^^^^
  File "/home/le/draft/app.py", line 49, in cookie
    if ("user_id" not in request.cookies) and ("user_id" not in response.cookies):
                                               ^^^^^^^^^^^^^^^^^^^^^^^^^^^^^^^^^
TypeError: argument of type 'CookieJar' is not iterable
ERROR:sanic.error:Exception occurred in one of response middleware handlers
Traceback (most recent call last):
  File "/home/le/draft/.venv/lib/python3.12/site-packages/sanic/request/types.py", line 402, in respond
    response = await self.app._run_response_middleware(
               ^^^^^^^^^^^^^^^^^^^^^^^^^^^^^^^^^^^^^^^^
  File "_run_response_middleware", line 17, in _run_response_middleware
    from asyncio.futures import Future
                            ^^^^^^^^^^^
  File "/home/le/draft/app.py", line 49, in cookie
    if ("user_id" not in request.cookies) and ("user_id" not in response.cookies):
                                               ^^^^^^^^^^^^^^^^^^^^^^^^^^^^^^^^^
TypeError: argument of type 'CookieJar' is not iterable
ERROR:sanic.error:Exception occurred in one of response middleware handlers
Traceback (most recent call last):
  File "/home/le/draft/.venv/lib/python3.12/site-packages/sanic/request/types.py", line 402, in respond
    response = await self.app._run_response_middleware(
               ^^^^^^^^^^^^^^^^^^^^^^^^^^^^^^^^^^^^^^^^
  File "_run_response_middleware", line 17, in _run_response_middleware
    from asyncio.futures import Future
                            ^^^^^^^^^^^
  File "/home/le/draft/app.py", line 49, in cookie
    if ("user_id" not in request.cookies) and ("user_id" not in response.cookies):
                                               ^^^^^^^^^^^^^^^^^^^^^^^^^^^^^^^^^
TypeError: argument of type 'CookieJar' is not iterable
ERROR:sanic.error:Exception occurred in one of response middleware handlers
Traceback (most recent call last):
  File "/home/le/draft/.venv/lib/python3.12/site-packages/sanic/request/types.py", line 402, in respond
    response = await self.app._run_response_middleware(
               ^^^^^^^^^^^^^^^^^^^^^^^^^^^^^^^^^^^^^^^^
  File "_run_response_middleware", line 17, in _run_response_middleware
    from asyncio.futures import Future
                            ^^^^^^^^^^^
  File "/home/le/draft/app.py", line 49, in cookie
    if ("user_id" not in request.cookies) and ("user_id" not in response.cookies):
                                               ^^^^^^^^^^^^^^^^^^^^^^^^^^^^^^^^^
TypeError: argument of type 'CookieJar' is not iterable
ERROR:sanic.error:Exception occurred in one of response middleware handlers
Traceback (most recent call last):
  File "/home/le/draft/.venv/lib/python3.12/site-packages/sanic/request/types.py", line 402, in respond
    response = await self.app._run_response_middleware(
               ^^^^^^^^^^^^^^^^^^^^^^^^^^^^^^^^^^^^^^^^
  File "_run_response_middleware", line 17, in _run_response_middleware
    from asyncio.futures import Future
                            ^^^^^^^^^^^
  File "/home/le/draft/app.py", line 49, in cookie
    if ("user_id" not in request.cookies) and ("user_id" not in response.cookies):
                                               ^^^^^^^^^^^^^^^^^^^^^^^^^^^^^^^^^
TypeError: argument of type 'CookieJar' is not iterable
DEBUG:peewee:('SELECT "t1"."id", "t1"."created", "t1"."blue", "t1"."red", "t1"."current_move", "t1"."r1b", "t1"."b1b", "t1"."b2b", "t1"."r2b", "t1"."r3b", "t1"."b3b", "t1"."b1p", "t1"."r1p", "t1"."r2p", "t1"."b2p", "t1"."b3p", "t1"."r3p", "t1"."r4b", "t1"."b4b", "t1"."b5b", "t1"."r5b", "t1"."r4p", "t1"."b4p", "t1"."b5p", "t1"."r5p", "t1"."votes_blue", "t1"."votes_red" FROM "draft" AS "t1"', [])
ERROR:sanic.error:Exception occurred in one of response middleware handlers
Traceback (most recent call last):
  File "/home/le/draft/.venv/lib/python3.12/site-packages/sanic/request/types.py", line 402, in respond
    response = await self.app._run_response_middleware(
               ^^^^^^^^^^^^^^^^^^^^^^^^^^^^^^^^^^^^^^^^
  File "_run_response_middleware", line 17, in _run_response_middleware
    from asyncio.futures import Future
                            ^^^^^^^^^^^
  File "/home/le/draft/app.py", line 49, in cookie
    if ("user_id" not in request.cookies) and ("user_id" not in response.cookies):
                                               ^^^^^^^^^^^^^^^^^^^^^^^^^^^^^^^^^
TypeError: argument of type 'CookieJar' is not iterable
ERROR:sanic.error:Exception occurred in one of response middleware handlers
Traceback (most recent call last):
  File "/home/le/draft/.venv/lib/python3.12/site-packages/sanic/request/types.py", line 402, in respond
    response = await self.app._run_response_middleware(
               ^^^^^^^^^^^^^^^^^^^^^^^^^^^^^^^^^^^^^^^^
  File "_run_response_middleware", line 17, in _run_response_middleware
    from asyncio.futures import Future
                            ^^^^^^^^^^^
  File "/home/le/draft/app.py", line 49, in cookie
    if ("user_id" not in request.cookies) and ("user_id" not in response.cookies):
                                               ^^^^^^^^^^^^^^^^^^^^^^^^^^^^^^^^^
TypeError: argument of type 'CookieJar' is not iterable
ERROR:sanic.error:Exception occurred in one of response middleware handlers
Traceback (most recent call last):
  File "/home/le/draft/.venv/lib/python3.12/site-packages/sanic/request/types.py", line 402, in respond
    response = await self.app._run_response_middleware(
               ^^^^^^^^^^^^^^^^^^^^^^^^^^^^^^^^^^^^^^^^
  File "_run_response_middleware", line 17, in _run_response_middleware
    from asyncio.futures import Future
                            ^^^^^^^^^^^
  File "/home/le/draft/app.py", line 49, in cookie
    if ("user_id" not in request.cookies) and ("user_id" not in response.cookies):
                                               ^^^^^^^^^^^^^^^^^^^^^^^^^^^^^^^^^
TypeError: argument of type 'CookieJar' is not iterable
ERROR:sanic.error:Exception occurred in one of response middleware handlers
Traceback (most recent call last):
  File "/home/le/draft/.venv/lib/python3.12/site-packages/sanic/request/types.py", line 402, in respond
    response = await self.app._run_response_middleware(
               ^^^^^^^^^^^^^^^^^^^^^^^^^^^^^^^^^^^^^^^^
  File "_run_response_middleware", line 17, in _run_response_middleware
    from asyncio.futures import Future
                            ^^^^^^^^^^^
  File "/home/le/draft/app.py", line 49, in cookie
    if ("user_id" not in request.cookies) and ("user_id" not in response.cookies):
                                               ^^^^^^^^^^^^^^^^^^^^^^^^^^^^^^^^^
TypeError: argument of type 'CookieJar' is not iterable
ERROR:sanic.error:Exception occurred in one of response middleware handlers
Traceback (most recent call last):
  File "/home/le/draft/.venv/lib/python3.12/site-packages/sanic/request/types.py", line 402, in respond
    response = await self.app._run_response_middleware(
               ^^^^^^^^^^^^^^^^^^^^^^^^^^^^^^^^^^^^^^^^
  File "_run_response_middleware", line 17, in _run_response_middleware
    from asyncio.futures import Future
                            ^^^^^^^^^^^
  File "/home/le/draft/app.py", line 49, in cookie
    if ("user_id" not in request.cookies) and ("user_id" not in response.cookies):
                                               ^^^^^^^^^^^^^^^^^^^^^^^^^^^^^^^^^
TypeError: argument of type 'CookieJar' is not iterable
ERROR:sanic.error:Exception occurred in one of response middleware handlers
Traceback (most recent call last):
  File "/home/le/draft/.venv/lib/python3.12/site-packages/sanic/request/types.py", line 402, in respond
    response = await self.app._run_response_middleware(
               ^^^^^^^^^^^^^^^^^^^^^^^^^^^^^^^^^^^^^^^^
  File "_run_response_middleware", line 17, in _run_response_middleware
    from asyncio.futures import Future
                            ^^^^^^^^^^^
  File "/home/le/draft/app.py", line 49, in cookie
    if ("user_id" not in request.cookies) and ("user_id" not in response.cookies):
                                               ^^^^^^^^^^^^^^^^^^^^^^^^^^^^^^^^^
TypeError: argument of type 'CookieJar' is not iterable
ERROR:sanic.error:Exception occurred in one of response middleware handlers
Traceback (most recent call last):
  File "/home/le/draft/.venv/lib/python3.12/site-packages/sanic/request/types.py", line 402, in respond
    response = await self.app._run_response_middleware(
               ^^^^^^^^^^^^^^^^^^^^^^^^^^^^^^^^^^^^^^^^
  File "_run_response_middleware", line 17, in _run_response_middleware
    from asyncio.futures import Future
                            ^^^^^^^^^^^
  File "/home/le/draft/app.py", line 49, in cookie
    if ("user_id" not in request.cookies) and ("user_id" not in response.cookies):
                                               ^^^^^^^^^^^^^^^^^^^^^^^^^^^^^^^^^
TypeError: argument of type 'CookieJar' is not iterable
DEBUG:peewee:('SELECT "t1"."id", "t1"."created", "t1"."blue", "t1"."red", "t1"."current_move", "t1"."r1b", "t1"."b1b", "t1"."b2b", "t1"."r2b", "t1"."r3b", "t1"."b3b", "t1"."b1p", "t1"."r1p", "t1"."r2p", "t1"."b2p", "t1"."b3p", "t1"."r3p", "t1"."r4b", "t1"."b4b", "t1"."b5b", "t1"."r5b", "t1"."r4p", "t1"."b4p", "t1"."b5p", "t1"."r5p", "t1"."votes_blue", "t1"."votes_red" FROM "draft" AS "t1"', [])
DEBUG:peewee:('INSERT INTO "draft" ("created", "blue", "red", "current_move", "votes_blue", "votes_red") VALUES (?, ?, ?, ?, ?, ?)', [datetime.datetime(2025, 10, 22, 14, 6, 59, 27384), None, None, 0, 1, 1])
ERROR:sanic.error:Exception occurred while handling uri: 'http://draft.leg.ovh/draft/solo'
Traceback (most recent call last):
  File "/home/le/draft/.venv/lib/python3.12/site-packages/peewee.py", line 3322, in execute_sql
    cursor.execute(sql, params or ())
sqlite3.IntegrityError: NOT NULL constraint failed: draft.blue

During handling of the above exception, another exception occurred:

Traceback (most recent call last):
  File "handle_request", line 100, in handle_request
    except ImportError:
                        
  File "/home/le/draft/app.py", line 76, in new_draft
    draft_id = Draft.create(
               ^^^^^^^^^^^^^
  File "/home/le/draft/.venv/lib/python3.12/site-packages/peewee.py", line 6748, in create
    inst.save(force_insert=True)
  File "/home/le/draft/.venv/lib/python3.12/site-packages/peewee.py", line 6958, in save
    pk = self.insert(**field_dict).execute()
         ^^^^^^^^^^^^^^^^^^^^^^^^^^^^^^^^^^^
  File "/home/le/draft/.venv/lib/python3.12/site-packages/peewee.py", line 2036, in inner
    return method(self, database, *args, **kwargs)
           ^^^^^^^^^^^^^^^^^^^^^^^^^^^^^^^^^^^^^^^
  File "/home/le/draft/.venv/lib/python3.12/site-packages/peewee.py", line 2107, in execute
    return self._execute(database)
           ^^^^^^^^^^^^^^^^^^^^^^^
  File "/home/le/draft/.venv/lib/python3.12/site-packages/peewee.py", line 2912, in _execute
    return super(Insert, self)._execute(database)
           ^^^^^^^^^^^^^^^^^^^^^^^^^^^^^^^^^^^^^^
  File "/home/le/draft/.venv/lib/python3.12/site-packages/peewee.py", line 2625, in _execute
    cursor = database.execute(self)
             ^^^^^^^^^^^^^^^^^^^^^^
  File "/home/le/draft/.venv/lib/python3.12/site-packages/peewee.py", line 3330, in execute
    return self.execute_sql(sql, params)
           ^^^^^^^^^^^^^^^^^^^^^^^^^^^^^
  File "/home/le/draft/.venv/lib/python3.12/site-packages/peewee.py", line 3320, in execute_sql
    with __exception_wrapper__:
         ^^^^^^^^^^^^^^^^^^^^^
  File "/home/le/draft/.venv/lib/python3.12/site-packages/peewee.py", line 3088, in __exit__
    reraise(new_type, new_type(exc_value, *exc_args), traceback)
  File "/home/le/draft/.venv/lib/python3.12/site-packages/peewee.py", line 196, in reraise
    raise value.with_traceback(tb)
  File "/home/le/draft/.venv/lib/python3.12/site-packages/peewee.py", line 3322, in execute_sql
    cursor.execute(sql, params or ())
peewee.IntegrityError: NOT NULL constraint failed: draft.blue
ERROR:sanic.error:Exception occurred in one of response middleware handlers
Traceback (most recent call last):
  File "/home/le/draft/.venv/lib/python3.12/site-packages/peewee.py", line 3322, in execute_sql
    cursor.execute(sql, params or ())
sqlite3.IntegrityError: NOT NULL constraint failed: draft.blue

During handling of the above exception, another exception occurred:

Traceback (most recent call last):
  File "handle_request", line 100, in handle_request
    except ImportError:
                        
  File "/home/le/draft/app.py", line 76, in new_draft
    draft_id = Draft.create(
               ^^^^^^^^^^^^^
  File "/home/le/draft/.venv/lib/python3.12/site-packages/peewee.py", line 6748, in create
    inst.save(force_insert=True)
  File "/home/le/draft/.venv/lib/python3.12/site-packages/peewee.py", line 6958, in save
    pk = self.insert(**field_dict).execute()
         ^^^^^^^^^^^^^^^^^^^^^^^^^^^^^^^^^^^
  File "/home/le/draft/.venv/lib/python3.12/site-packages/peewee.py", line 2036, in inner
    return method(self, database, *args, **kwargs)
           ^^^^^^^^^^^^^^^^^^^^^^^^^^^^^^^^^^^^^^^
  File "/home/le/draft/.venv/lib/python3.12/site-packages/peewee.py", line 2107, in execute
    return self._execute(database)
           ^^^^^^^^^^^^^^^^^^^^^^^
  File "/home/le/draft/.venv/lib/python3.12/site-packages/peewee.py", line 2912, in _execute
    return super(Insert, self)._execute(database)
           ^^^^^^^^^^^^^^^^^^^^^^^^^^^^^^^^^^^^^^
  File "/home/le/draft/.venv/lib/python3.12/site-packages/peewee.py", line 2625, in _execute
    cursor = database.execute(self)
             ^^^^^^^^^^^^^^^^^^^^^^
  File "/home/le/draft/.venv/lib/python3.12/site-packages/peewee.py", line 3330, in execute
    return self.execute_sql(sql, params)
           ^^^^^^^^^^^^^^^^^^^^^^^^^^^^^
  File "/home/le/draft/.venv/lib/python3.12/site-packages/peewee.py", line 3320, in execute_sql
    with __exception_wrapper__:
         ^^^^^^^^^^^^^^^^^^^^^
  File "/home/le/draft/.venv/lib/python3.12/site-packages/peewee.py", line 3088, in __exit__
    reraise(new_type, new_type(exc_value, *exc_args), traceback)
  File "/home/le/draft/.venv/lib/python3.12/site-packages/peewee.py", line 196, in reraise
    raise value.with_traceback(tb)
  File "/home/le/draft/.venv/lib/python3.12/site-packages/peewee.py", line 3322, in execute_sql
    cursor.execute(sql, params or ())
peewee.IntegrityError: NOT NULL constraint failed: draft.blue

During handling of the above exception, another exception occurred:

Traceback (most recent call last):
  File "/home/le/draft/.venv/lib/python3.12/site-packages/sanic/request/types.py", line 402, in respond
    response = await self.app._run_response_middleware(
               ^^^^^^^^^^^^^^^^^^^^^^^^^^^^^^^^^^^^^^^^
  File "_run_response_middleware", line 17, in _run_response_middleware
    from asyncio.futures import Future
                            ^^^^^^^^^^^
  File "/home/le/draft/app.py", line 49, in cookie
    if ("user_id" not in request.cookies) and ("user_id" not in response.cookies):
                                               ^^^^^^^^^^^^^^^^^^^^^^^^^^^^^^^^^
TypeError: argument of type 'CookieJar' is not iterable
ERROR:sanic.error:Exception occurred in one of response middleware handlers
Traceback (most recent call last):
  File "handle_request", line 39, in handle_request
    TypeVar,
             
  File "/home/le/draft/.venv/lib/python3.12/site-packages/sanic/router.py", line 76, in get
    return self._get(path, method, host)
           ^^^^^^^^^^^^^^^^^^^^^^^^^^^^^
  File "/home/le/draft/.venv/lib/python3.12/site-packages/sanic/router.py", line 41, in _get
    raise NotFound(f"Requested URL {e.path} not found") from None
sanic.exceptions.NotFound: Requested URL /favicon.ico not found

During handling of the above exception, another exception occurred:

Traceback (most recent call last):
  File "/home/le/draft/.venv/lib/python3.12/site-packages/sanic/request/types.py", line 402, in respond
    response = await self.app._run_response_middleware(
               ^^^^^^^^^^^^^^^^^^^^^^^^^^^^^^^^^^^^^^^^
  File "_run_response_middleware", line 17, in _run_response_middleware
    from asyncio.futures import Future
                            ^^^^^^^^^^^
  File "/home/le/draft/app.py", line 49, in cookie
    if ("user_id" not in request.cookies) and ("user_id" not in response.cookies):
                                               ^^^^^^^^^^^^^^^^^^^^^^^^^^^^^^^^^
TypeError: argument of type 'CookieJar' is not iterable
ERROR:sanic.error:Exception occurred in one of response middleware handlers
Traceback (most recent call last):
  File "/home/le/draft/.venv/lib/python3.12/site-packages/sanic/request/types.py", line 402, in respond
    response = await self.app._run_response_middleware(
               ^^^^^^^^^^^^^^^^^^^^^^^^^^^^^^^^^^^^^^^^
  File "_run_response_middleware", line 17, in _run_response_middleware
    from asyncio.futures import Future
                            ^^^^^^^^^^^
  File "/home/le/draft/app.py", line 49, in cookie
    if ("user_id" not in request.cookies) and ("user_id" not in response.cookies):
                                               ^^^^^^^^^^^^^^^^^^^^^^^^^^^^^^^^^
TypeError: argument of type 'CookieJar' is not iterable
DEBUG:peewee:('SELECT "t1"."id", "t1"."created", "t1"."blue", "t1"."red", "t1"."current_move", "t1"."r1b", "t1"."b1b", "t1"."b2b", "t1"."r2b", "t1"."r3b", "t1"."b3b", "t1"."b1p", "t1"."r1p", "t1"."r2p", "t1"."b2p", "t1"."b3p", "t1"."r3p", "t1"."r4b", "t1"."b4b", "t1"."b5b", "t1"."r5b", "t1"."r4p", "t1"."b4p", "t1"."b5p", "t1"."r5p", "t1"."votes_blue", "t1"."votes_red" FROM "draft" AS "t1"', [])
ERROR:sanic.error:Exception occurred in one of response middleware handlers
Traceback (most recent call last):
  File "/home/le/draft/.venv/lib/python3.12/site-packages/sanic/request/types.py", line 402, in respond
    response = await self.app._run_response_middleware(
               ^^^^^^^^^^^^^^^^^^^^^^^^^^^^^^^^^^^^^^^^
  File "_run_response_middleware", line 17, in _run_response_middleware
    from asyncio.futures import Future
                            ^^^^^^^^^^^
  File "/home/le/draft/app.py", line 49, in cookie
    if ("user_id" not in request.cookies) and ("user_id" not in response.cookies):
                                               ^^^^^^^^^^^^^^^^^^^^^^^^^^^^^^^^^
TypeError: argument of type 'CookieJar' is not iterable
DEBUG:peewee:('SELECT "t1"."id", "t1"."created", "t1"."blue", "t1"."red", "t1"."current_move", "t1"."r1b", "t1"."b1b", "t1"."b2b", "t1"."r2b", "t1"."r3b", "t1"."b3b", "t1"."b1p", "t1"."r1p", "t1"."r2p", "t1"."b2p", "t1"."b3p", "t1"."r3p", "t1"."r4b", "t1"."b4b", "t1"."b5b", "t1"."r5b", "t1"."r4p", "t1"."b4p", "t1"."b5p", "t1"."r5p", "t1"."votes_blue", "t1"."votes_red" FROM "draft" AS "t1"', [])
ERROR:sanic.error:Exception occurred in one of response middleware handlers
Traceback (most recent call last):
  File "/home/le/draft/.venv/lib/python3.12/site-packages/sanic/request/types.py", line 402, in respond
    response = await self.app._run_response_middleware(
               ^^^^^^^^^^^^^^^^^^^^^^^^^^^^^^^^^^^^^^^^
  File "_run_response_middleware", line 17, in _run_response_middleware
    from asyncio.futures import Future
                            ^^^^^^^^^^^
  File "/home/le/draft/app.py", line 49, in cookie
    if ("user_id" not in request.cookies) and ("user_id" not in response.cookies):
                                               ^^^^^^^^^^^^^^^^^^^^^^^^^^^^^^^^^
TypeError: argument of type 'CookieJar' is not iterable
DEBUG:peewee:('SELECT "t1"."id", "t1"."created", "t1"."blue", "t1"."red", "t1"."current_move", "t1"."r1b", "t1"."b1b", "t1"."b2b", "t1"."r2b", "t1"."r3b", "t1"."b3b", "t1"."b1p", "t1"."r1p", "t1"."r2p", "t1"."b2p", "t1"."b3p", "t1"."r3p", "t1"."r4b", "t1"."b4b", "t1"."b5b", "t1"."r5b", "t1"."r4p", "t1"."b4p", "t1"."b5p", "t1"."r5p", "t1"."votes_blue", "t1"."votes_red" FROM "draft" AS "t1"', [])
INFO:sanic.server:Stopping worker [27998]
INFO:sanic.server:Worker complete [27998]
DEBUG:peewee:('BEGIN', None)
DEBUG:peewee:('CREATE TABLE IF NOT EXISTS "draft" ("id" INTEGER NOT NULL PRIMARY KEY, "created" DATETIME NOT NULL, "blue" TEXT NOT NULL, "red" TEXT, "current_move" INTEGER NOT NULL, "r1b" INTEGER, "b1b" INTEGER, "b2b" INTEGER, "r2b" INTEGER, "r3b" INTEGER, "b3b" INTEGER, "b1p" INTEGER, "r1p" INTEGER, "r2p" INTEGER, "b2p" INTEGER, "b3p" INTEGER, "r3p" INTEGER, "r4b" INTEGER, "b4b" INTEGER, "b5b" INTEGER, "r5b" INTEGER, "r4p" INTEGER, "b4p" INTEGER, "b5p" INTEGER, "r5p" INTEGER, "votes_blue" INTEGER NOT NULL, "votes_red" INTEGER NOT NULL)', [])
INFO:sanic.server:Starting worker [28172]
ERROR:sanic.error:Exception occurred in one of response middleware handlers
Traceback (most recent call last):
  File "/home/le/draft/.venv/lib/python3.12/site-packages/sanic/request/types.py", line 402, in respond
    response = await self.app._run_response_middleware(
               ^^^^^^^^^^^^^^^^^^^^^^^^^^^^^^^^^^^^^^^^
  File "_run_response_middleware", line 17, in _run_response_middleware
    from asyncio.futures import Future
                            ^^^^^^^^^^^
  File "/home/le/draft/app.py", line 49, in cookie
    if not request.cookies.get("user_id") and not response.cookies.get("user_id"):
                                                  ^^^^^^^^^^^^^^^^^^^^
AttributeError: 'CookieJar' object has no attribute 'get'
DEBUG:peewee:('SELECT "t1"."id", "t1"."created", "t1"."blue", "t1"."red", "t1"."current_move", "t1"."r1b", "t1"."b1b", "t1"."b2b", "t1"."r2b", "t1"."r3b", "t1"."b3b", "t1"."b1p", "t1"."r1p", "t1"."r2p", "t1"."b2p", "t1"."b3p", "t1"."r3p", "t1"."r4b", "t1"."b4b", "t1"."b5b", "t1"."r5b", "t1"."r4p", "t1"."b4p", "t1"."b5p", "t1"."r5p", "t1"."votes_blue", "t1"."votes_red" FROM "draft" AS "t1"', [])
ERROR:sanic.error:Exception occurred in one of response middleware handlers
Traceback (most recent call last):
  File "/home/le/draft/.venv/lib/python3.12/site-packages/sanic/request/types.py", line 402, in respond
    response = await self.app._run_response_middleware(
               ^^^^^^^^^^^^^^^^^^^^^^^^^^^^^^^^^^^^^^^^
  File "_run_response_middleware", line 17, in _run_response_middleware
    from asyncio.futures import Future
                            ^^^^^^^^^^^
  File "/home/le/draft/app.py", line 49, in cookie
    if not request.cookies.get("user_id") and not response.cookies.get("user_id"):
                                                  ^^^^^^^^^^^^^^^^^^^^
AttributeError: 'CookieJar' object has no attribute 'get'
ERROR:sanic.error:Exception occurred in one of response middleware handlers
Traceback (most recent call last):
  File "/home/le/draft/.venv/lib/python3.12/site-packages/sanic/request/types.py", line 402, in respond
    response = await self.app._run_response_middleware(
               ^^^^^^^^^^^^^^^^^^^^^^^^^^^^^^^^^^^^^^^^
  File "_run_response_middleware", line 17, in _run_response_middleware
    from asyncio.futures import Future
                            ^^^^^^^^^^^
  File "/home/le/draft/app.py", line 49, in cookie
    if not request.cookies.get("user_id") and not response.cookies.get("user_id"):
                                                  ^^^^^^^^^^^^^^^^^^^^
AttributeError: 'CookieJar' object has no attribute 'get'
ERROR:sanic.error:Exception occurred in one of response middleware handlers
Traceback (most recent call last):
  File "/home/le/draft/.venv/lib/python3.12/site-packages/sanic/request/types.py", line 402, in respond
    response = await self.app._run_response_middleware(
               ^^^^^^^^^^^^^^^^^^^^^^^^^^^^^^^^^^^^^^^^
  File "_run_response_middleware", line 17, in _run_response_middleware
    from asyncio.futures import Future
                            ^^^^^^^^^^^
  File "/home/le/draft/app.py", line 49, in cookie
    if not request.cookies.get("user_id") and not response.cookies.get("user_id"):
                                                  ^^^^^^^^^^^^^^^^^^^^
AttributeError: 'CookieJar' object has no attribute 'get'
ERROR:sanic.error:Exception occurred in one of response middleware handlers
Traceback (most recent call last):
  File "/home/le/draft/.venv/lib/python3.12/site-packages/sanic/request/types.py", line 402, in respond
    response = await self.app._run_response_middleware(
               ^^^^^^^^^^^^^^^^^^^^^^^^^^^^^^^^^^^^^^^^
  File "_run_response_middleware", line 17, in _run_response_middleware
    from asyncio.futures import Future
                            ^^^^^^^^^^^
  File "/home/le/draft/app.py", line 49, in cookie
    if not request.cookies.get("user_id") and not response.cookies.get("user_id"):
                                                  ^^^^^^^^^^^^^^^^^^^^
AttributeError: 'CookieJar' object has no attribute 'get'
ERROR:sanic.error:Exception occurred in one of response middleware handlers
Traceback (most recent call last):
  File "/home/le/draft/.venv/lib/python3.12/site-packages/sanic/request/types.py", line 402, in respond
    response = await self.app._run_response_middleware(
               ^^^^^^^^^^^^^^^^^^^^^^^^^^^^^^^^^^^^^^^^
  File "_run_response_middleware", line 17, in _run_response_middleware
    from asyncio.futures import Future
                            ^^^^^^^^^^^
  File "/home/le/draft/app.py", line 49, in cookie
    if not request.cookies.get("user_id") and not response.cookies.get("user_id"):
                                                  ^^^^^^^^^^^^^^^^^^^^
AttributeError: 'CookieJar' object has no attribute 'get'
ERROR:sanic.error:Exception occurred in one of response middleware handlers
Traceback (most recent call last):
  File "/home/le/draft/.venv/lib/python3.12/site-packages/sanic/request/types.py", line 402, in respond
    response = await self.app._run_response_middleware(
               ^^^^^^^^^^^^^^^^^^^^^^^^^^^^^^^^^^^^^^^^
  File "_run_response_middleware", line 17, in _run_response_middleware
    from asyncio.futures import Future
                            ^^^^^^^^^^^
  File "/home/le/draft/app.py", line 49, in cookie
    if not request.cookies.get("user_id") and not response.cookies.get("user_id"):
                                                  ^^^^^^^^^^^^^^^^^^^^
AttributeError: 'CookieJar' object has no attribute 'get'
DEBUG:peewee:('SELECT "t1"."id", "t1"."created", "t1"."blue", "t1"."red", "t1"."current_move", "t1"."r1b", "t1"."b1b", "t1"."b2b", "t1"."r2b", "t1"."r3b", "t1"."b3b", "t1"."b1p", "t1"."r1p", "t1"."r2p", "t1"."b2p", "t1"."b3p", "t1"."r3p", "t1"."r4b", "t1"."b4b", "t1"."b5b", "t1"."r5b", "t1"."r4p", "t1"."b4p", "t1"."b5p", "t1"."r5p", "t1"."votes_blue", "t1"."votes_red" FROM "draft" AS "t1"', [])
ERROR:sanic.error:Exception occurred in one of response middleware handlers
Traceback (most recent call last):
  File "/home/le/draft/.venv/lib/python3.12/site-packages/sanic/request/types.py", line 402, in respond
    response = await self.app._run_response_middleware(
               ^^^^^^^^^^^^^^^^^^^^^^^^^^^^^^^^^^^^^^^^
  File "_run_response_middleware", line 17, in _run_response_middleware
    from asyncio.futures import Future
                            ^^^^^^^^^^^
  File "/home/le/draft/app.py", line 49, in cookie
    if not request.cookies.get("user_id") and not response.cookies.get("user_id"):
                                                  ^^^^^^^^^^^^^^^^^^^^
AttributeError: 'CookieJar' object has no attribute 'get'
DEBUG:peewee:('INSERT INTO "draft" ("created", "blue", "red", "current_move", "votes_blue", "votes_red") VALUES (?, ?, ?, ?, ?, ?)', [datetime.datetime(2025, 10, 22, 14, 9, 36, 232305), None, None, 0, 1, 1])
ERROR:sanic.error:Exception occurred while handling uri: 'http://draft.leg.ovh/draft/solo'
Traceback (most recent call last):
  File "/home/le/draft/.venv/lib/python3.12/site-packages/peewee.py", line 3322, in execute_sql
    cursor.execute(sql, params or ())
sqlite3.IntegrityError: NOT NULL constraint failed: draft.blue

During handling of the above exception, another exception occurred:

Traceback (most recent call last):
  File "handle_request", line 100, in handle_request
    except ImportError:
                        
  File "/home/le/draft/app.py", line 76, in new_draft
    draft_id = Draft.create(
               ^^^^^^^^^^^^^
  File "/home/le/draft/.venv/lib/python3.12/site-packages/peewee.py", line 6748, in create
    inst.save(force_insert=True)
  File "/home/le/draft/.venv/lib/python3.12/site-packages/peewee.py", line 6958, in save
    pk = self.insert(**field_dict).execute()
         ^^^^^^^^^^^^^^^^^^^^^^^^^^^^^^^^^^^
  File "/home/le/draft/.venv/lib/python3.12/site-packages/peewee.py", line 2036, in inner
    return method(self, database, *args, **kwargs)
           ^^^^^^^^^^^^^^^^^^^^^^^^^^^^^^^^^^^^^^^
  File "/home/le/draft/.venv/lib/python3.12/site-packages/peewee.py", line 2107, in execute
    return self._execute(database)
           ^^^^^^^^^^^^^^^^^^^^^^^
  File "/home/le/draft/.venv/lib/python3.12/site-packages/peewee.py", line 2912, in _execute
    return super(Insert, self)._execute(database)
           ^^^^^^^^^^^^^^^^^^^^^^^^^^^^^^^^^^^^^^
  File "/home/le/draft/.venv/lib/python3.12/site-packages/peewee.py", line 2625, in _execute
    cursor = database.execute(self)
             ^^^^^^^^^^^^^^^^^^^^^^
  File "/home/le/draft/.venv/lib/python3.12/site-packages/peewee.py", line 3330, in execute
    return self.execute_sql(sql, params)
           ^^^^^^^^^^^^^^^^^^^^^^^^^^^^^
  File "/home/le/draft/.venv/lib/python3.12/site-packages/peewee.py", line 3320, in execute_sql
    with __exception_wrapper__:
         ^^^^^^^^^^^^^^^^^^^^^
  File "/home/le/draft/.venv/lib/python3.12/site-packages/peewee.py", line 3088, in __exit__
    reraise(new_type, new_type(exc_value, *exc_args), traceback)
  File "/home/le/draft/.venv/lib/python3.12/site-packages/peewee.py", line 196, in reraise
    raise value.with_traceback(tb)
  File "/home/le/draft/.venv/lib/python3.12/site-packages/peewee.py", line 3322, in execute_sql
    cursor.execute(sql, params or ())
peewee.IntegrityError: NOT NULL constraint failed: draft.blue
ERROR:sanic.error:Exception occurred in one of response middleware handlers
Traceback (most recent call last):
  File "/home/le/draft/.venv/lib/python3.12/site-packages/peewee.py", line 3322, in execute_sql
    cursor.execute(sql, params or ())
sqlite3.IntegrityError: NOT NULL constraint failed: draft.blue

During handling of the above exception, another exception occurred:

Traceback (most recent call last):
  File "handle_request", line 100, in handle_request
    except ImportError:
                        
  File "/home/le/draft/app.py", line 76, in new_draft
    draft_id = Draft.create(
               ^^^^^^^^^^^^^
  File "/home/le/draft/.venv/lib/python3.12/site-packages/peewee.py", line 6748, in create
    inst.save(force_insert=True)
  File "/home/le/draft/.venv/lib/python3.12/site-packages/peewee.py", line 6958, in save
    pk = self.insert(**field_dict).execute()
         ^^^^^^^^^^^^^^^^^^^^^^^^^^^^^^^^^^^
  File "/home/le/draft/.venv/lib/python3.12/site-packages/peewee.py", line 2036, in inner
    return method(self, database, *args, **kwargs)
           ^^^^^^^^^^^^^^^^^^^^^^^^^^^^^^^^^^^^^^^
  File "/home/le/draft/.venv/lib/python3.12/site-packages/peewee.py", line 2107, in execute
    return self._execute(database)
           ^^^^^^^^^^^^^^^^^^^^^^^
  File "/home/le/draft/.venv/lib/python3.12/site-packages/peewee.py", line 2912, in _execute
    return super(Insert, self)._execute(database)
           ^^^^^^^^^^^^^^^^^^^^^^^^^^^^^^^^^^^^^^
  File "/home/le/draft/.venv/lib/python3.12/site-packages/peewee.py", line 2625, in _execute
    cursor = database.execute(self)
             ^^^^^^^^^^^^^^^^^^^^^^
  File "/home/le/draft/.venv/lib/python3.12/site-packages/peewee.py", line 3330, in execute
    return self.execute_sql(sql, params)
           ^^^^^^^^^^^^^^^^^^^^^^^^^^^^^
  File "/home/le/draft/.venv/lib/python3.12/site-packages/peewee.py", line 3320, in execute_sql
    with __exception_wrapper__:
         ^^^^^^^^^^^^^^^^^^^^^
  File "/home/le/draft/.venv/lib/python3.12/site-packages/peewee.py", line 3088, in __exit__
    reraise(new_type, new_type(exc_value, *exc_args), traceback)
  File "/home/le/draft/.venv/lib/python3.12/site-packages/peewee.py", line 196, in reraise
    raise value.with_traceback(tb)
  File "/home/le/draft/.venv/lib/python3.12/site-packages/peewee.py", line 3322, in execute_sql
    cursor.execute(sql, params or ())
peewee.IntegrityError: NOT NULL constraint failed: draft.blue

During handling of the above exception, another exception occurred:

Traceback (most recent call last):
  File "/home/le/draft/.venv/lib/python3.12/site-packages/sanic/request/types.py", line 402, in respond
    response = await self.app._run_response_middleware(
               ^^^^^^^^^^^^^^^^^^^^^^^^^^^^^^^^^^^^^^^^
  File "_run_response_middleware", line 17, in _run_response_middleware
    from asyncio.futures import Future
                            ^^^^^^^^^^^
  File "/home/le/draft/app.py", line 49, in cookie
    if not request.cookies.get("user_id") and not response.cookies.get("user_id"):
                                                  ^^^^^^^^^^^^^^^^^^^^
AttributeError: 'CookieJar' object has no attribute 'get'
INFO:sanic.server:Stopping worker [28172]
INFO:sanic.server:Worker complete [28172]
DEBUG:peewee:('BEGIN', None)
DEBUG:peewee:('CREATE TABLE IF NOT EXISTS "draft" ("id" INTEGER NOT NULL PRIMARY KEY, "created" DATETIME NOT NULL, "blue" TEXT NOT NULL, "red" TEXT, "current_move" INTEGER NOT NULL, "r1b" INTEGER, "b1b" INTEGER, "b2b" INTEGER, "r2b" INTEGER, "r3b" INTEGER, "b3b" INTEGER, "b1p" INTEGER, "r1p" INTEGER, "r2p" INTEGER, "b2p" INTEGER, "b3p" INTEGER, "r3p" INTEGER, "r4b" INTEGER, "b4b" INTEGER, "b5b" INTEGER, "r5b" INTEGER, "r4p" INTEGER, "b4p" INTEGER, "b5p" INTEGER, "r5p" INTEGER, "votes_blue" INTEGER NOT NULL, "votes_red" INTEGER NOT NULL)', [])
INFO:sanic.server:Starting worker [28227]
INFO:sanic.server:Stopping worker [28227]
INFO:sanic.server:Worker complete [28227]
DEBUG:peewee:('BEGIN', None)
DEBUG:peewee:('CREATE TABLE IF NOT EXISTS "draft" ("id" INTEGER NOT NULL PRIMARY KEY, "created" DATETIME NOT NULL, "blue" TEXT NOT NULL, "red" TEXT, "current_move" INTEGER NOT NULL, "r1b" INTEGER, "b1b" INTEGER, "b2b" INTEGER, "r2b" INTEGER, "r3b" INTEGER, "b3b" INTEGER, "b1p" INTEGER, "r1p" INTEGER, "r2p" INTEGER, "b2p" INTEGER, "b3p" INTEGER, "r3p" INTEGER, "r4b" INTEGER, "b4b" INTEGER, "b5b" INTEGER, "r5b" INTEGER, "r4p" INTEGER, "b4p" INTEGER, "b5p" INTEGER, "r5p" INTEGER, "votes_blue" INTEGER NOT NULL, "votes_red" INTEGER NOT NULL)', [])
INFO:sanic.server:Starting worker [28231]
DEBUG:peewee:('INSERT INTO "draft" ("created", "blue", "red", "current_move", "votes_blue", "votes_red") VALUES (?, ?, ?, ?, ?, ?)', [datetime.datetime(2025, 10, 22, 14, 13, 16, 598994), None, None, 0, 1, 1])
ERROR:sanic.error:Exception occurred while handling uri: 'http://draft.leg.ovh/draft/solo'
Traceback (most recent call last):
  File "/home/le/draft/.venv/lib/python3.12/site-packages/peewee.py", line 3322, in execute_sql
    cursor.execute(sql, params or ())
sqlite3.IntegrityError: NOT NULL constraint failed: draft.blue

During handling of the above exception, another exception occurred:

Traceback (most recent call last):
  File "handle_request", line 100, in handle_request
    except ImportError:
                        
  File "/home/le/draft/app.py", line 76, in new_draft
    draft_id = Draft.create(
               ^^^^^^^^^^^^^
  File "/home/le/draft/.venv/lib/python3.12/site-packages/peewee.py", line 6748, in create
    inst.save(force_insert=True)
  File "/home/le/draft/.venv/lib/python3.12/site-packages/peewee.py", line 6958, in save
    pk = self.insert(**field_dict).execute()
         ^^^^^^^^^^^^^^^^^^^^^^^^^^^^^^^^^^^
  File "/home/le/draft/.venv/lib/python3.12/site-packages/peewee.py", line 2036, in inner
    return method(self, database, *args, **kwargs)
           ^^^^^^^^^^^^^^^^^^^^^^^^^^^^^^^^^^^^^^^
  File "/home/le/draft/.venv/lib/python3.12/site-packages/peewee.py", line 2107, in execute
    return self._execute(database)
           ^^^^^^^^^^^^^^^^^^^^^^^
  File "/home/le/draft/.venv/lib/python3.12/site-packages/peewee.py", line 2912, in _execute
    return super(Insert, self)._execute(database)
           ^^^^^^^^^^^^^^^^^^^^^^^^^^^^^^^^^^^^^^
  File "/home/le/draft/.venv/lib/python3.12/site-packages/peewee.py", line 2625, in _execute
    cursor = database.execute(self)
             ^^^^^^^^^^^^^^^^^^^^^^
  File "/home/le/draft/.venv/lib/python3.12/site-packages/peewee.py", line 3330, in execute
    return self.execute_sql(sql, params)
           ^^^^^^^^^^^^^^^^^^^^^^^^^^^^^
  File "/home/le/draft/.venv/lib/python3.12/site-packages/peewee.py", line 3320, in execute_sql
    with __exception_wrapper__:
         ^^^^^^^^^^^^^^^^^^^^^
  File "/home/le/draft/.venv/lib/python3.12/site-packages/peewee.py", line 3088, in __exit__
    reraise(new_type, new_type(exc_value, *exc_args), traceback)
  File "/home/le/draft/.venv/lib/python3.12/site-packages/peewee.py", line 196, in reraise
    raise value.with_traceback(tb)
  File "/home/le/draft/.venv/lib/python3.12/site-packages/peewee.py", line 3322, in execute_sql
    cursor.execute(sql, params or ())
peewee.IntegrityError: NOT NULL constraint failed: draft.blue
ERROR:sanic.error:Exception occurred in one of response middleware handlers
Traceback (most recent call last):
  File "/home/le/draft/.venv/lib/python3.12/site-packages/peewee.py", line 3322, in execute_sql
    cursor.execute(sql, params or ())
sqlite3.IntegrityError: NOT NULL constraint failed: draft.blue

During handling of the above exception, another exception occurred:

Traceback (most recent call last):
  File "handle_request", line 100, in handle_request
    except ImportError:
                        
  File "/home/le/draft/app.py", line 76, in new_draft
    draft_id = Draft.create(
               ^^^^^^^^^^^^^
  File "/home/le/draft/.venv/lib/python3.12/site-packages/peewee.py", line 6748, in create
    inst.save(force_insert=True)
  File "/home/le/draft/.venv/lib/python3.12/site-packages/peewee.py", line 6958, in save
    pk = self.insert(**field_dict).execute()
         ^^^^^^^^^^^^^^^^^^^^^^^^^^^^^^^^^^^
  File "/home/le/draft/.venv/lib/python3.12/site-packages/peewee.py", line 2036, in inner
    return method(self, database, *args, **kwargs)
           ^^^^^^^^^^^^^^^^^^^^^^^^^^^^^^^^^^^^^^^
  File "/home/le/draft/.venv/lib/python3.12/site-packages/peewee.py", line 2107, in execute
    return self._execute(database)
           ^^^^^^^^^^^^^^^^^^^^^^^
  File "/home/le/draft/.venv/lib/python3.12/site-packages/peewee.py", line 2912, in _execute
    return super(Insert, self)._execute(database)
           ^^^^^^^^^^^^^^^^^^^^^^^^^^^^^^^^^^^^^^
  File "/home/le/draft/.venv/lib/python3.12/site-packages/peewee.py", line 2625, in _execute
    cursor = database.execute(self)
             ^^^^^^^^^^^^^^^^^^^^^^
  File "/home/le/draft/.venv/lib/python3.12/site-packages/peewee.py", line 3330, in execute
    return self.execute_sql(sql, params)
           ^^^^^^^^^^^^^^^^^^^^^^^^^^^^^
  File "/home/le/draft/.venv/lib/python3.12/site-packages/peewee.py", line 3320, in execute_sql
    with __exception_wrapper__:
         ^^^^^^^^^^^^^^^^^^^^^
  File "/home/le/draft/.venv/lib/python3.12/site-packages/peewee.py", line 3088, in __exit__
    reraise(new_type, new_type(exc_value, *exc_args), traceback)
  File "/home/le/draft/.venv/lib/python3.12/site-packages/peewee.py", line 196, in reraise
    raise value.with_traceback(tb)
  File "/home/le/draft/.venv/lib/python3.12/site-packages/peewee.py", line 3322, in execute_sql
    cursor.execute(sql, params or ())
peewee.IntegrityError: NOT NULL constraint failed: draft.blue

During handling of the above exception, another exception occurred:

Traceback (most recent call last):
  File "/home/le/draft/.venv/lib/python3.12/site-packages/sanic/request/types.py", line 402, in respond
    response = await self.app._run_response_middleware(
               ^^^^^^^^^^^^^^^^^^^^^^^^^^^^^^^^^^^^^^^^
  File "_run_response_middleware", line 17, in _run_response_middleware
    from asyncio.futures import Future
                            ^^^^^^^^^^^
  File "/home/le/draft/app.py", line 49, in cookie
    if not request.cookies.get("user_id") and "user_id" not in response.cookies.cookies():
                                                               ^^^^^^^^^^^^^^^^^^^^^^^^^^
TypeError: 'list' object is not callable
ERROR:sanic.error:Exception occurred in one of response middleware handlers
Traceback (most recent call last):
  File "handle_request", line 39, in handle_request
    TypeVar,
             
  File "/home/le/draft/.venv/lib/python3.12/site-packages/sanic/router.py", line 76, in get
    return self._get(path, method, host)
           ^^^^^^^^^^^^^^^^^^^^^^^^^^^^^
  File "/home/le/draft/.venv/lib/python3.12/site-packages/sanic/router.py", line 41, in _get
    raise NotFound(f"Requested URL {e.path} not found") from None
sanic.exceptions.NotFound: Requested URL /favicon.ico not found

During handling of the above exception, another exception occurred:

Traceback (most recent call last):
  File "/home/le/draft/.venv/lib/python3.12/site-packages/sanic/request/types.py", line 402, in respond
    response = await self.app._run_response_middleware(
               ^^^^^^^^^^^^^^^^^^^^^^^^^^^^^^^^^^^^^^^^
  File "_run_response_middleware", line 17, in _run_response_middleware
    from asyncio.futures import Future
                            ^^^^^^^^^^^
  File "/home/le/draft/app.py", line 49, in cookie
    if not request.cookies.get("user_id") and "user_id" not in response.cookies.cookies():
                                                               ^^^^^^^^^^^^^^^^^^^^^^^^^^
TypeError: 'list' object is not callable
ERROR:sanic.error:Exception occurred in one of response middleware handlers
Traceback (most recent call last):
  File "/home/le/draft/.venv/lib/python3.12/site-packages/sanic/request/types.py", line 402, in respond
    response = await self.app._run_response_middleware(
               ^^^^^^^^^^^^^^^^^^^^^^^^^^^^^^^^^^^^^^^^
  File "_run_response_middleware", line 17, in _run_response_middleware
    from asyncio.futures import Future
                            ^^^^^^^^^^^
  File "/home/le/draft/app.py", line 49, in cookie
    if not request.cookies.get("user_id") and "user_id" not in response.cookies.cookies():
                                                               ^^^^^^^^^^^^^^^^^^^^^^^^^^
TypeError: 'list' object is not callable
DEBUG:peewee:('SELECT "t1"."id", "t1"."created", "t1"."blue", "t1"."red", "t1"."current_move", "t1"."r1b", "t1"."b1b", "t1"."b2b", "t1"."r2b", "t1"."r3b", "t1"."b3b", "t1"."b1p", "t1"."r1p", "t1"."r2p", "t1"."b2p", "t1"."b3p", "t1"."r3p", "t1"."r4b", "t1"."b4b", "t1"."b5b", "t1"."r5b", "t1"."r4p", "t1"."b4p", "t1"."b5p", "t1"."r5p", "t1"."votes_blue", "t1"."votes_red" FROM "draft" AS "t1"', [])
DEBUG:peewee:('INSERT INTO "draft" ("created", "blue", "red", "current_move", "votes_blue", "votes_red") VALUES (?, ?, ?, ?, ?, ?)', [datetime.datetime(2025, 10, 22, 14, 13, 18, 867321), None, None, 0, 1, 1])
ERROR:sanic.error:Exception occurred while handling uri: 'http://draft.leg.ovh/draft/solo'
Traceback (most recent call last):
  File "/home/le/draft/.venv/lib/python3.12/site-packages/peewee.py", line 3322, in execute_sql
    cursor.execute(sql, params or ())
sqlite3.IntegrityError: NOT NULL constraint failed: draft.blue

During handling of the above exception, another exception occurred:

Traceback (most recent call last):
  File "handle_request", line 100, in handle_request
    except ImportError:
                        
  File "/home/le/draft/app.py", line 76, in new_draft
    draft_id = Draft.create(
               ^^^^^^^^^^^^^
  File "/home/le/draft/.venv/lib/python3.12/site-packages/peewee.py", line 6748, in create
    inst.save(force_insert=True)
  File "/home/le/draft/.venv/lib/python3.12/site-packages/peewee.py", line 6958, in save
    pk = self.insert(**field_dict).execute()
         ^^^^^^^^^^^^^^^^^^^^^^^^^^^^^^^^^^^
  File "/home/le/draft/.venv/lib/python3.12/site-packages/peewee.py", line 2036, in inner
    return method(self, database, *args, **kwargs)
           ^^^^^^^^^^^^^^^^^^^^^^^^^^^^^^^^^^^^^^^
  File "/home/le/draft/.venv/lib/python3.12/site-packages/peewee.py", line 2107, in execute
    return self._execute(database)
           ^^^^^^^^^^^^^^^^^^^^^^^
  File "/home/le/draft/.venv/lib/python3.12/site-packages/peewee.py", line 2912, in _execute
    return super(Insert, self)._execute(database)
           ^^^^^^^^^^^^^^^^^^^^^^^^^^^^^^^^^^^^^^
  File "/home/le/draft/.venv/lib/python3.12/site-packages/peewee.py", line 2625, in _execute
    cursor = database.execute(self)
             ^^^^^^^^^^^^^^^^^^^^^^
  File "/home/le/draft/.venv/lib/python3.12/site-packages/peewee.py", line 3330, in execute
    return self.execute_sql(sql, params)
           ^^^^^^^^^^^^^^^^^^^^^^^^^^^^^
  File "/home/le/draft/.venv/lib/python3.12/site-packages/peewee.py", line 3320, in execute_sql
    with __exception_wrapper__:
         ^^^^^^^^^^^^^^^^^^^^^
  File "/home/le/draft/.venv/lib/python3.12/site-packages/peewee.py", line 3088, in __exit__
    reraise(new_type, new_type(exc_value, *exc_args), traceback)
  File "/home/le/draft/.venv/lib/python3.12/site-packages/peewee.py", line 196, in reraise
    raise value.with_traceback(tb)
  File "/home/le/draft/.venv/lib/python3.12/site-packages/peewee.py", line 3322, in execute_sql
    cursor.execute(sql, params or ())
peewee.IntegrityError: NOT NULL constraint failed: draft.blue
ERROR:sanic.error:Exception occurred in one of response middleware handlers
Traceback (most recent call last):
  File "/home/le/draft/.venv/lib/python3.12/site-packages/peewee.py", line 3322, in execute_sql
    cursor.execute(sql, params or ())
sqlite3.IntegrityError: NOT NULL constraint failed: draft.blue

During handling of the above exception, another exception occurred:

Traceback (most recent call last):
  File "handle_request", line 100, in handle_request
    except ImportError:
                        
  File "/home/le/draft/app.py", line 76, in new_draft
    draft_id = Draft.create(
               ^^^^^^^^^^^^^
  File "/home/le/draft/.venv/lib/python3.12/site-packages/peewee.py", line 6748, in create
    inst.save(force_insert=True)
  File "/home/le/draft/.venv/lib/python3.12/site-packages/peewee.py", line 6958, in save
    pk = self.insert(**field_dict).execute()
         ^^^^^^^^^^^^^^^^^^^^^^^^^^^^^^^^^^^
  File "/home/le/draft/.venv/lib/python3.12/site-packages/peewee.py", line 2036, in inner
    return method(self, database, *args, **kwargs)
           ^^^^^^^^^^^^^^^^^^^^^^^^^^^^^^^^^^^^^^^
  File "/home/le/draft/.venv/lib/python3.12/site-packages/peewee.py", line 2107, in execute
    return self._execute(database)
           ^^^^^^^^^^^^^^^^^^^^^^^
  File "/home/le/draft/.venv/lib/python3.12/site-packages/peewee.py", line 2912, in _execute
    return super(Insert, self)._execute(database)
           ^^^^^^^^^^^^^^^^^^^^^^^^^^^^^^^^^^^^^^
  File "/home/le/draft/.venv/lib/python3.12/site-packages/peewee.py", line 2625, in _execute
    cursor = database.execute(self)
             ^^^^^^^^^^^^^^^^^^^^^^
  File "/home/le/draft/.venv/lib/python3.12/site-packages/peewee.py", line 3330, in execute
    return self.execute_sql(sql, params)
           ^^^^^^^^^^^^^^^^^^^^^^^^^^^^^
  File "/home/le/draft/.venv/lib/python3.12/site-packages/peewee.py", line 3320, in execute_sql
    with __exception_wrapper__:
         ^^^^^^^^^^^^^^^^^^^^^
  File "/home/le/draft/.venv/lib/python3.12/site-packages/peewee.py", line 3088, in __exit__
    reraise(new_type, new_type(exc_value, *exc_args), traceback)
  File "/home/le/draft/.venv/lib/python3.12/site-packages/peewee.py", line 196, in reraise
    raise value.with_traceback(tb)
  File "/home/le/draft/.venv/lib/python3.12/site-packages/peewee.py", line 3322, in execute_sql
    cursor.execute(sql, params or ())
peewee.IntegrityError: NOT NULL constraint failed: draft.blue

During handling of the above exception, another exception occurred:

Traceback (most recent call last):
  File "/home/le/draft/.venv/lib/python3.12/site-packages/sanic/request/types.py", line 402, in respond
    response = await self.app._run_response_middleware(
               ^^^^^^^^^^^^^^^^^^^^^^^^^^^^^^^^^^^^^^^^
  File "_run_response_middleware", line 17, in _run_response_middleware
    from asyncio.futures import Future
                            ^^^^^^^^^^^
  File "/home/le/draft/app.py", line 49, in cookie
    if not request.cookies.get("user_id") and "user_id" not in response.cookies.cookies():
                                                               ^^^^^^^^^^^^^^^^^^^^^^^^^^
TypeError: 'list' object is not callable
INFO:sanic.server:Stopping worker [28231]
INFO:sanic.server:Worker complete [28231]
DEBUG:peewee:('BEGIN', None)
DEBUG:peewee:('CREATE TABLE IF NOT EXISTS "draft" ("id" INTEGER NOT NULL PRIMARY KEY, "created" DATETIME NOT NULL, "blue" TEXT NOT NULL, "red" TEXT, "current_move" INTEGER NOT NULL, "r1b" INTEGER, "b1b" INTEGER, "b2b" INTEGER, "r2b" INTEGER, "r3b" INTEGER, "b3b" INTEGER, "b1p" INTEGER, "r1p" INTEGER, "r2p" INTEGER, "b2p" INTEGER, "b3p" INTEGER, "r3p" INTEGER, "r4b" INTEGER, "b4b" INTEGER, "b5b" INTEGER, "r5b" INTEGER, "r4p" INTEGER, "b4p" INTEGER, "b5p" INTEGER, "r5p" INTEGER, "votes_blue" INTEGER NOT NULL, "votes_red" INTEGER NOT NULL)', [])
INFO:sanic.server:Starting worker [28292]
DEBUG:peewee:('SELECT "t1"."id", "t1"."created", "t1"."blue", "t1"."red", "t1"."current_move", "t1"."r1b", "t1"."b1b", "t1"."b2b", "t1"."r2b", "t1"."r3b", "t1"."b3b", "t1"."b1p", "t1"."r1p", "t1"."r2p", "t1"."b2p", "t1"."b3p", "t1"."r3p", "t1"."r4b", "t1"."b4b", "t1"."b5b", "t1"."r5b", "t1"."r4p", "t1"."b4p", "t1"."b5p", "t1"."r5p", "t1"."votes_blue", "t1"."votes_red" FROM "draft" AS "t1"', [])
DEBUG:peewee:('SELECT "t1"."id", "t1"."created", "t1"."blue", "t1"."red", "t1"."current_move", "t1"."r1b", "t1"."b1b", "t1"."b2b", "t1"."r2b", "t1"."r3b", "t1"."b3b", "t1"."b1p", "t1"."r1p", "t1"."r2p", "t1"."b2p", "t1"."b3p", "t1"."r3p", "t1"."r4b", "t1"."b4b", "t1"."b5b", "t1"."r5b", "t1"."r4p", "t1"."b4p", "t1"."b5p", "t1"."r5p", "t1"."votes_blue", "t1"."votes_red" FROM "draft" AS "t1"', [])
DEBUG:peewee:('INSERT INTO "draft" ("created", "blue", "red", "current_move", "votes_blue", "votes_red") VALUES (?, ?, ?, ?, ?, ?)', [datetime.datetime(2025, 10, 22, 14, 13, 44, 548880), '8c9a5848e5db4b5b8e767c2f116f2be9', '8c9a5848e5db4b5b8e767c2f116f2be9', 0, 1, 1])
DEBUG:peewee:('SELECT "t1"."id", "t1"."created", "t1"."blue", "t1"."red", "t1"."current_move", "t1"."r1b", "t1"."b1b", "t1"."b2b", "t1"."r2b", "t1"."r3b", "t1"."b3b", "t1"."b1p", "t1"."r1p", "t1"."r2p", "t1"."b2p", "t1"."b3p", "t1"."r3p", "t1"."r4b", "t1"."b4b", "t1"."b5b", "t1"."r5b", "t1"."r4p", "t1"."b4p", "t1"."b5p", "t1"."r5p", "t1"."votes_blue", "t1"."votes_red" FROM "draft" AS "t1" WHERE ("t1"."id" = ?) LIMIT ? OFFSET ?', [1, 1, 0])
DEBUG:peewee:('SELECT "t1"."id", "t1"."created", "t1"."blue", "t1"."red", "t1"."current_move", "t1"."r1b", "t1"."b1b", "t1"."b2b", "t1"."r2b", "t1"."r3b", "t1"."b3b", "t1"."b1p", "t1"."r1p", "t1"."r2p", "t1"."b2p", "t1"."b3p", "t1"."r3p", "t1"."r4b", "t1"."b4b", "t1"."b5b", "t1"."r5b", "t1"."r4p", "t1"."b4p", "t1"."b5p", "t1"."r5p", "t1"."votes_blue", "t1"."votes_red" FROM "draft" AS "t1" WHERE ("t1"."id" = ?) LIMIT ? OFFSET ?', [1, 1, 0])
DEBUG:peewee:('UPDATE "draft" SET "created" = ?, "blue" = ?, "red" = ?, "current_move" = ?, "r1b" = ?, "b1b" = ?, "b2b" = ?, "r2b" = ?, "r3b" = ?, "b3b" = ?, "b1p" = ?, "r1p" = ?, "r2p" = ?, "b2p" = ?, "b3p" = ?, "r3p" = ?, "r4b" = ?, "b4b" = ?, "b5b" = ?, "r5b" = ?, "r4p" = ?, "b4p" = ?, "b5p" = ?, "r5p" = ?, "votes_blue" = ?, "votes_red" = ? WHERE ("draft"."id" = ?)', [datetime.datetime(2025, 10, 22, 14, 13, 44, 548880), '8c9a5848e5db4b5b8e767c2f116f2be9', '8c9a5848e5db4b5b8e767c2f116f2be9', 1, 0, None, None, None, None, None, None, None, None, None, None, None, None, None, None, None, None, None, None, None, 1, 1, 1])
DEBUG:peewee:('SELECT "t1"."id", "t1"."created", "t1"."blue", "t1"."red", "t1"."current_move", "t1"."r1b", "t1"."b1b", "t1"."b2b", "t1"."r2b", "t1"."r3b", "t1"."b3b", "t1"."b1p", "t1"."r1p", "t1"."r2p", "t1"."b2p", "t1"."b3p", "t1"."r3p", "t1"."r4b", "t1"."b4b", "t1"."b5b", "t1"."r5b", "t1"."r4p", "t1"."b4p", "t1"."b5p", "t1"."r5p", "t1"."votes_blue", "t1"."votes_red" FROM "draft" AS "t1" WHERE ("t1"."id" = ?) LIMIT ? OFFSET ?', [1, 1, 0])
DEBUG:peewee:('SELECT "t1"."id", "t1"."created", "t1"."blue", "t1"."red", "t1"."current_move", "t1"."r1b", "t1"."b1b", "t1"."b2b", "t1"."r2b", "t1"."r3b", "t1"."b3b", "t1"."b1p", "t1"."r1p", "t1"."r2p", "t1"."b2p", "t1"."b3p", "t1"."r3p", "t1"."r4b", "t1"."b4b", "t1"."b5b", "t1"."r5b", "t1"."r4p", "t1"."b4p", "t1"."b5p", "t1"."r5p", "t1"."votes_blue", "t1"."votes_red" FROM "draft" AS "t1" WHERE ("t1"."id" = ?) LIMIT ? OFFSET ?', [1, 1, 0])
DEBUG:peewee:('UPDATE "draft" SET "created" = ?, "blue" = ?, "red" = ?, "current_move" = ?, "r1b" = ?, "b1b" = ?, "b2b" = ?, "r2b" = ?, "r3b" = ?, "b3b" = ?, "b1p" = ?, "r1p" = ?, "r2p" = ?, "b2p" = ?, "b3p" = ?, "r3p" = ?, "r4b" = ?, "b4b" = ?, "b5b" = ?, "r5b" = ?, "r4p" = ?, "b4p" = ?, "b5p" = ?, "r5p" = ?, "votes_blue" = ?, "votes_red" = ? WHERE ("draft"."id" = ?)', [datetime.datetime(2025, 10, 22, 14, 13, 44, 548880), '8c9a5848e5db4b5b8e767c2f116f2be9', '8c9a5848e5db4b5b8e767c2f116f2be9', 2, 0, 1, None, None, None, None, None, None, None, None, None, None, None, None, None, None, None, None, None, None, 1, 1, 1])
DEBUG:peewee:('SELECT "t1"."id", "t1"."created", "t1"."blue", "t1"."red", "t1"."current_move", "t1"."r1b", "t1"."b1b", "t1"."b2b", "t1"."r2b", "t1"."r3b", "t1"."b3b", "t1"."b1p", "t1"."r1p", "t1"."r2p", "t1"."b2p", "t1"."b3p", "t1"."r3p", "t1"."r4b", "t1"."b4b", "t1"."b5b", "t1"."r5b", "t1"."r4p", "t1"."b4p", "t1"."b5p", "t1"."r5p", "t1"."votes_blue", "t1"."votes_red" FROM "draft" AS "t1" WHERE ("t1"."id" = ?) LIMIT ? OFFSET ?', [1, 1, 0])
DEBUG:peewee:('SELECT "t1"."id", "t1"."created", "t1"."blue", "t1"."red", "t1"."current_move", "t1"."r1b", "t1"."b1b", "t1"."b2b", "t1"."r2b", "t1"."r3b", "t1"."b3b", "t1"."b1p", "t1"."r1p", "t1"."r2p", "t1"."b2p", "t1"."b3p", "t1"."r3p", "t1"."r4b", "t1"."b4b", "t1"."b5b", "t1"."r5b", "t1"."r4p", "t1"."b4p", "t1"."b5p", "t1"."r5p", "t1"."votes_blue", "t1"."votes_red" FROM "draft" AS "t1" WHERE ("t1"."id" = ?) LIMIT ? OFFSET ?', [1, 1, 0])
DEBUG:peewee:('UPDATE "draft" SET "created" = ?, "blue" = ?, "red" = ?, "current_move" = ?, "r1b" = ?, "b1b" = ?, "b2b" = ?, "r2b" = ?, "r3b" = ?, "b3b" = ?, "b1p" = ?, "r1p" = ?, "r2p" = ?, "b2p" = ?, "b3p" = ?, "r3p" = ?, "r4b" = ?, "b4b" = ?, "b5b" = ?, "r5b" = ?, "r4p" = ?, "b4p" = ?, "b5p" = ?, "r5p" = ?, "votes_blue" = ?, "votes_red" = ? WHERE ("draft"."id" = ?)', [datetime.datetime(2025, 10, 22, 14, 13, 44, 548880), '8c9a5848e5db4b5b8e767c2f116f2be9', '8c9a5848e5db4b5b8e767c2f116f2be9', 3, 0, 1, 2, None, None, None, None, None, None, None, None, None, None, None, None, None, None, None, None, None, 1, 1, 1])
DEBUG:peewee:('SELECT "t1"."id", "t1"."created", "t1"."blue", "t1"."red", "t1"."current_move", "t1"."r1b", "t1"."b1b", "t1"."b2b", "t1"."r2b", "t1"."r3b", "t1"."b3b", "t1"."b1p", "t1"."r1p", "t1"."r2p", "t1"."b2p", "t1"."b3p", "t1"."r3p", "t1"."r4b", "t1"."b4b", "t1"."b5b", "t1"."r5b", "t1"."r4p", "t1"."b4p", "t1"."b5p", "t1"."r5p", "t1"."votes_blue", "t1"."votes_red" FROM "draft" AS "t1" WHERE ("t1"."id" = ?) LIMIT ? OFFSET ?', [1, 1, 0])
DEBUG:peewee:('SELECT "t1"."id", "t1"."created", "t1"."blue", "t1"."red", "t1"."current_move", "t1"."r1b", "t1"."b1b", "t1"."b2b", "t1"."r2b", "t1"."r3b", "t1"."b3b", "t1"."b1p", "t1"."r1p", "t1"."r2p", "t1"."b2p", "t1"."b3p", "t1"."r3p", "t1"."r4b", "t1"."b4b", "t1"."b5b", "t1"."r5b", "t1"."r4p", "t1"."b4p", "t1"."b5p", "t1"."r5p", "t1"."votes_blue", "t1"."votes_red" FROM "draft" AS "t1" WHERE ("t1"."id" = ?) LIMIT ? OFFSET ?', [1, 1, 0])
DEBUG:peewee:('UPDATE "draft" SET "created" = ?, "blue" = ?, "red" = ?, "current_move" = ?, "r1b" = ?, "b1b" = ?, "b2b" = ?, "r2b" = ?, "r3b" = ?, "b3b" = ?, "b1p" = ?, "r1p" = ?, "r2p" = ?, "b2p" = ?, "b3p" = ?, "r3p" = ?, "r4b" = ?, "b4b" = ?, "b5b" = ?, "r5b" = ?, "r4p" = ?, "b4p" = ?, "b5p" = ?, "r5p" = ?, "votes_blue" = ?, "votes_red" = ? WHERE ("draft"."id" = ?)', [datetime.datetime(2025, 10, 22, 14, 13, 44, 548880), '8c9a5848e5db4b5b8e767c2f116f2be9', '8c9a5848e5db4b5b8e767c2f116f2be9', 4, 0, 1, 2, 3, None, None, None, None, None, None, None, None, None, None, None, None, None, None, None, None, 1, 1, 1])
DEBUG:peewee:('SELECT "t1"."id", "t1"."created", "t1"."blue", "t1"."red", "t1"."current_move", "t1"."r1b", "t1"."b1b", "t1"."b2b", "t1"."r2b", "t1"."r3b", "t1"."b3b", "t1"."b1p", "t1"."r1p", "t1"."r2p", "t1"."b2p", "t1"."b3p", "t1"."r3p", "t1"."r4b", "t1"."b4b", "t1"."b5b", "t1"."r5b", "t1"."r4p", "t1"."b4p", "t1"."b5p", "t1"."r5p", "t1"."votes_blue", "t1"."votes_red" FROM "draft" AS "t1" WHERE ("t1"."id" = ?) LIMIT ? OFFSET ?', [1, 1, 0])
DEBUG:peewee:('SELECT "t1"."id", "t1"."created", "t1"."blue", "t1"."red", "t1"."current_move", "t1"."r1b", "t1"."b1b", "t1"."b2b", "t1"."r2b", "t1"."r3b", "t1"."b3b", "t1"."b1p", "t1"."r1p", "t1"."r2p", "t1"."b2p", "t1"."b3p", "t1"."r3p", "t1"."r4b", "t1"."b4b", "t1"."b5b", "t1"."r5b", "t1"."r4p", "t1"."b4p", "t1"."b5p", "t1"."r5p", "t1"."votes_blue", "t1"."votes_red" FROM "draft" AS "t1" WHERE ("t1"."id" = ?) LIMIT ? OFFSET ?', [1, 1, 0])
DEBUG:peewee:('UPDATE "draft" SET "created" = ?, "blue" = ?, "red" = ?, "current_move" = ?, "r1b" = ?, "b1b" = ?, "b2b" = ?, "r2b" = ?, "r3b" = ?, "b3b" = ?, "b1p" = ?, "r1p" = ?, "r2p" = ?, "b2p" = ?, "b3p" = ?, "r3p" = ?, "r4b" = ?, "b4b" = ?, "b5b" = ?, "r5b" = ?, "r4p" = ?, "b4p" = ?, "b5p" = ?, "r5p" = ?, "votes_blue" = ?, "votes_red" = ? WHERE ("draft"."id" = ?)', [datetime.datetime(2025, 10, 22, 14, 13, 44, 548880), '8c9a5848e5db4b5b8e767c2f116f2be9', '8c9a5848e5db4b5b8e767c2f116f2be9', 5, 0, 1, 2, 3, 4, None, None, None, None, None, None, None, None, None, None, None, None, None, None, None, 1, 1, 1])
DEBUG:peewee:('SELECT "t1"."id", "t1"."created", "t1"."blue", "t1"."red", "t1"."current_move", "t1"."r1b", "t1"."b1b", "t1"."b2b", "t1"."r2b", "t1"."r3b", "t1"."b3b", "t1"."b1p", "t1"."r1p", "t1"."r2p", "t1"."b2p", "t1"."b3p", "t1"."r3p", "t1"."r4b", "t1"."b4b", "t1"."b5b", "t1"."r5b", "t1"."r4p", "t1"."b4p", "t1"."b5p", "t1"."r5p", "t1"."votes_blue", "t1"."votes_red" FROM "draft" AS "t1" WHERE ("t1"."id" = ?) LIMIT ? OFFSET ?', [1, 1, 0])
DEBUG:peewee:('SELECT "t1"."id", "t1"."created", "t1"."blue", "t1"."red", "t1"."current_move", "t1"."r1b", "t1"."b1b", "t1"."b2b", "t1"."r2b", "t1"."r3b", "t1"."b3b", "t1"."b1p", "t1"."r1p", "t1"."r2p", "t1"."b2p", "t1"."b3p", "t1"."r3p", "t1"."r4b", "t1"."b4b", "t1"."b5b", "t1"."r5b", "t1"."r4p", "t1"."b4p", "t1"."b5p", "t1"."r5p", "t1"."votes_blue", "t1"."votes_red" FROM "draft" AS "t1" WHERE ("t1"."id" = ?) LIMIT ? OFFSET ?', [1, 1, 0])
DEBUG:peewee:('UPDATE "draft" SET "created" = ?, "blue" = ?, "red" = ?, "current_move" = ?, "r1b" = ?, "b1b" = ?, "b2b" = ?, "r2b" = ?, "r3b" = ?, "b3b" = ?, "b1p" = ?, "r1p" = ?, "r2p" = ?, "b2p" = ?, "b3p" = ?, "r3p" = ?, "r4b" = ?, "b4b" = ?, "b5b" = ?, "r5b" = ?, "r4p" = ?, "b4p" = ?, "b5p" = ?, "r5p" = ?, "votes_blue" = ?, "votes_red" = ? WHERE ("draft"."id" = ?)', [datetime.datetime(2025, 10, 22, 14, 13, 44, 548880), '8c9a5848e5db4b5b8e767c2f116f2be9', '8c9a5848e5db4b5b8e767c2f116f2be9', 6, 0, 1, 2, 3, 4, 5, None, None, None, None, None, None, None, None, None, None, None, None, None, None, 1, 1, 1])
DEBUG:peewee:('SELECT "t1"."id", "t1"."created", "t1"."blue", "t1"."red", "t1"."current_move", "t1"."r1b", "t1"."b1b", "t1"."b2b", "t1"."r2b", "t1"."r3b", "t1"."b3b", "t1"."b1p", "t1"."r1p", "t1"."r2p", "t1"."b2p", "t1"."b3p", "t1"."r3p", "t1"."r4b", "t1"."b4b", "t1"."b5b", "t1"."r5b", "t1"."r4p", "t1"."b4p", "t1"."b5p", "t1"."r5p", "t1"."votes_blue", "t1"."votes_red" FROM "draft" AS "t1" WHERE ("t1"."id" = ?) LIMIT ? OFFSET ?', [1, 1, 0])
DEBUG:peewee:('SELECT "t1"."id", "t1"."created", "t1"."blue", "t1"."red", "t1"."current_move", "t1"."r1b", "t1"."b1b", "t1"."b2b", "t1"."r2b", "t1"."r3b", "t1"."b3b", "t1"."b1p", "t1"."r1p", "t1"."r2p", "t1"."b2p", "t1"."b3p", "t1"."r3p", "t1"."r4b", "t1"."b4b", "t1"."b5b", "t1"."r5b", "t1"."r4p", "t1"."b4p", "t1"."b5p", "t1"."r5p", "t1"."votes_blue", "t1"."votes_red" FROM "draft" AS "t1" WHERE ("t1"."id" = ?) LIMIT ? OFFSET ?', [1, 1, 0])
DEBUG:peewee:('UPDATE "draft" SET "created" = ?, "blue" = ?, "red" = ?, "current_move" = ?, "r1b" = ?, "b1b" = ?, "b2b" = ?, "r2b" = ?, "r3b" = ?, "b3b" = ?, "b1p" = ?, "r1p" = ?, "r2p" = ?, "b2p" = ?, "b3p" = ?, "r3p" = ?, "r4b" = ?, "b4b" = ?, "b5b" = ?, "r5b" = ?, "r4p" = ?, "b4p" = ?, "b5p" = ?, "r5p" = ?, "votes_blue" = ?, "votes_red" = ? WHERE ("draft"."id" = ?)', [datetime.datetime(2025, 10, 22, 14, 13, 44, 548880), '8c9a5848e5db4b5b8e767c2f116f2be9', '8c9a5848e5db4b5b8e767c2f116f2be9', 7, 0, 1, 2, 3, 4, 5, 6, None, None, None, None, None, None, None, None, None, None, None, None, None, 1, 1, 1])
DEBUG:peewee:('SELECT "t1"."id", "t1"."created", "t1"."blue", "t1"."red", "t1"."current_move", "t1"."r1b", "t1"."b1b", "t1"."b2b", "t1"."r2b", "t1"."r3b", "t1"."b3b", "t1"."b1p", "t1"."r1p", "t1"."r2p", "t1"."b2p", "t1"."b3p", "t1"."r3p", "t1"."r4b", "t1"."b4b", "t1"."b5b", "t1"."r5b", "t1"."r4p", "t1"."b4p", "t1"."b5p", "t1"."r5p", "t1"."votes_blue", "t1"."votes_red" FROM "draft" AS "t1" WHERE ("t1"."id" = ?) LIMIT ? OFFSET ?', [1, 1, 0])
DEBUG:peewee:('SELECT "t1"."id", "t1"."created", "t1"."blue", "t1"."red", "t1"."current_move", "t1"."r1b", "t1"."b1b", "t1"."b2b", "t1"."r2b", "t1"."r3b", "t1"."b3b", "t1"."b1p", "t1"."r1p", "t1"."r2p", "t1"."b2p", "t1"."b3p", "t1"."r3p", "t1"."r4b", "t1"."b4b", "t1"."b5b", "t1"."r5b", "t1"."r4p", "t1"."b4p", "t1"."b5p", "t1"."r5p", "t1"."votes_blue", "t1"."votes_red" FROM "draft" AS "t1" WHERE ("t1"."id" = ?) LIMIT ? OFFSET ?', [1, 1, 0])
DEBUG:peewee:('UPDATE "draft" SET "created" = ?, "blue" = ?, "red" = ?, "current_move" = ?, "r1b" = ?, "b1b" = ?, "b2b" = ?, "r2b" = ?, "r3b" = ?, "b3b" = ?, "b1p" = ?, "r1p" = ?, "r2p" = ?, "b2p" = ?, "b3p" = ?, "r3p" = ?, "r4b" = ?, "b4b" = ?, "b5b" = ?, "r5b" = ?, "r4p" = ?, "b4p" = ?, "b5p" = ?, "r5p" = ?, "votes_blue" = ?, "votes_red" = ? WHERE ("draft"."id" = ?)', [datetime.datetime(2025, 10, 22, 14, 13, 44, 548880), '8c9a5848e5db4b5b8e767c2f116f2be9', '8c9a5848e5db4b5b8e767c2f116f2be9', 8, 0, 1, 2, 3, 4, 5, 6, 7, None, None, None, None, None, None, None, None, None, None, None, None, 1, 1, 1])
DEBUG:peewee:('SELECT "t1"."id", "t1"."created", "t1"."blue", "t1"."red", "t1"."current_move", "t1"."r1b", "t1"."b1b", "t1"."b2b", "t1"."r2b", "t1"."r3b", "t1"."b3b", "t1"."b1p", "t1"."r1p", "t1"."r2p", "t1"."b2p", "t1"."b3p", "t1"."r3p", "t1"."r4b", "t1"."b4b", "t1"."b5b", "t1"."r5b", "t1"."r4p", "t1"."b4p", "t1"."b5p", "t1"."r5p", "t1"."votes_blue", "t1"."votes_red" FROM "draft" AS "t1" WHERE ("t1"."id" = ?) LIMIT ? OFFSET ?', [1, 1, 0])
DEBUG:peewee:('SELECT "t1"."id", "t1"."created", "t1"."blue", "t1"."red", "t1"."current_move", "t1"."r1b", "t1"."b1b", "t1"."b2b", "t1"."r2b", "t1"."r3b", "t1"."b3b", "t1"."b1p", "t1"."r1p", "t1"."r2p", "t1"."b2p", "t1"."b3p", "t1"."r3p", "t1"."r4b", "t1"."b4b", "t1"."b5b", "t1"."r5b", "t1"."r4p", "t1"."b4p", "t1"."b5p", "t1"."r5p", "t1"."votes_blue", "t1"."votes_red" FROM "draft" AS "t1" WHERE ("t1"."id" = ?) LIMIT ? OFFSET ?', [1, 1, 0])
DEBUG:peewee:('UPDATE "draft" SET "created" = ?, "blue" = ?, "red" = ?, "current_move" = ?, "r1b" = ?, "b1b" = ?, "b2b" = ?, "r2b" = ?, "r3b" = ?, "b3b" = ?, "b1p" = ?, "r1p" = ?, "r2p" = ?, "b2p" = ?, "b3p" = ?, "r3p" = ?, "r4b" = ?, "b4b" = ?, "b5b" = ?, "r5b" = ?, "r4p" = ?, "b4p" = ?, "b5p" = ?, "r5p" = ?, "votes_blue" = ?, "votes_red" = ? WHERE ("draft"."id" = ?)', [datetime.datetime(2025, 10, 22, 14, 13, 44, 548880), '8c9a5848e5db4b5b8e767c2f116f2be9', '8c9a5848e5db4b5b8e767c2f116f2be9', 9, 0, 1, 2, 3, 4, 5, 6, 7, 8, None, None, None, None, None, None, None, None, None, None, None, 1, 1, 1])
DEBUG:peewee:('SELECT "t1"."id", "t1"."created", "t1"."blue", "t1"."red", "t1"."current_move", "t1"."r1b", "t1"."b1b", "t1"."b2b", "t1"."r2b", "t1"."r3b", "t1"."b3b", "t1"."b1p", "t1"."r1p", "t1"."r2p", "t1"."b2p", "t1"."b3p", "t1"."r3p", "t1"."r4b", "t1"."b4b", "t1"."b5b", "t1"."r5b", "t1"."r4p", "t1"."b4p", "t1"."b5p", "t1"."r5p", "t1"."votes_blue", "t1"."votes_red" FROM "draft" AS "t1" WHERE ("t1"."id" = ?) LIMIT ? OFFSET ?', [1, 1, 0])
DEBUG:peewee:('SELECT "t1"."id", "t1"."created", "t1"."blue", "t1"."red", "t1"."current_move", "t1"."r1b", "t1"."b1b", "t1"."b2b", "t1"."r2b", "t1"."r3b", "t1"."b3b", "t1"."b1p", "t1"."r1p", "t1"."r2p", "t1"."b2p", "t1"."b3p", "t1"."r3p", "t1"."r4b", "t1"."b4b", "t1"."b5b", "t1"."r5b", "t1"."r4p", "t1"."b4p", "t1"."b5p", "t1"."r5p", "t1"."votes_blue", "t1"."votes_red" FROM "draft" AS "t1" WHERE ("t1"."id" = ?) LIMIT ? OFFSET ?', [1, 1, 0])
DEBUG:peewee:('UPDATE "draft" SET "created" = ?, "blue" = ?, "red" = ?, "current_move" = ?, "r1b" = ?, "b1b" = ?, "b2b" = ?, "r2b" = ?, "r3b" = ?, "b3b" = ?, "b1p" = ?, "r1p" = ?, "r2p" = ?, "b2p" = ?, "b3p" = ?, "r3p" = ?, "r4b" = ?, "b4b" = ?, "b5b" = ?, "r5b" = ?, "r4p" = ?, "b4p" = ?, "b5p" = ?, "r5p" = ?, "votes_blue" = ?, "votes_red" = ? WHERE ("draft"."id" = ?)', [datetime.datetime(2025, 10, 22, 14, 13, 44, 548880), '8c9a5848e5db4b5b8e767c2f116f2be9', '8c9a5848e5db4b5b8e767c2f116f2be9', 10, 0, 1, 2, 3, 4, 5, 6, 7, 8, 9, None, None, None, None, None, None, None, None, None, None, 1, 1, 1])
DEBUG:peewee:('SELECT "t1"."id", "t1"."created", "t1"."blue", "t1"."red", "t1"."current_move", "t1"."r1b", "t1"."b1b", "t1"."b2b", "t1"."r2b", "t1"."r3b", "t1"."b3b", "t1"."b1p", "t1"."r1p", "t1"."r2p", "t1"."b2p", "t1"."b3p", "t1"."r3p", "t1"."r4b", "t1"."b4b", "t1"."b5b", "t1"."r5b", "t1"."r4p", "t1"."b4p", "t1"."b5p", "t1"."r5p", "t1"."votes_blue", "t1"."votes_red" FROM "draft" AS "t1" WHERE ("t1"."id" = ?) LIMIT ? OFFSET ?', [1, 1, 0])
DEBUG:peewee:('SELECT "t1"."id", "t1"."created", "t1"."blue", "t1"."red", "t1"."current_move", "t1"."r1b", "t1"."b1b", "t1"."b2b", "t1"."r2b", "t1"."r3b", "t1"."b3b", "t1"."b1p", "t1"."r1p", "t1"."r2p", "t1"."b2p", "t1"."b3p", "t1"."r3p", "t1"."r4b", "t1"."b4b", "t1"."b5b", "t1"."r5b", "t1"."r4p", "t1"."b4p", "t1"."b5p", "t1"."r5p", "t1"."votes_blue", "t1"."votes_red" FROM "draft" AS "t1" WHERE ("t1"."id" = ?) LIMIT ? OFFSET ?', [1, 1, 0])
DEBUG:peewee:('UPDATE "draft" SET "created" = ?, "blue" = ?, "red" = ?, "current_move" = ?, "r1b" = ?, "b1b" = ?, "b2b" = ?, "r2b" = ?, "r3b" = ?, "b3b" = ?, "b1p" = ?, "r1p" = ?, "r2p" = ?, "b2p" = ?, "b3p" = ?, "r3p" = ?, "r4b" = ?, "b4b" = ?, "b5b" = ?, "r5b" = ?, "r4p" = ?, "b4p" = ?, "b5p" = ?, "r5p" = ?, "votes_blue" = ?, "votes_red" = ? WHERE ("draft"."id" = ?)', [datetime.datetime(2025, 10, 22, 14, 13, 44, 548880), '8c9a5848e5db4b5b8e767c2f116f2be9', '8c9a5848e5db4b5b8e767c2f116f2be9', 11, 0, 1, 2, 3, 4, 5, 6, 7, 8, 9, 10, None, None, None, None, None, None, None, None, None, 1, 1, 1])
DEBUG:peewee:('SELECT "t1"."id", "t1"."created", "t1"."blue", "t1"."red", "t1"."current_move", "t1"."r1b", "t1"."b1b", "t1"."b2b", "t1"."r2b", "t1"."r3b", "t1"."b3b", "t1"."b1p", "t1"."r1p", "t1"."r2p", "t1"."b2p", "t1"."b3p", "t1"."r3p", "t1"."r4b", "t1"."b4b", "t1"."b5b", "t1"."r5b", "t1"."r4p", "t1"."b4p", "t1"."b5p", "t1"."r5p", "t1"."votes_blue", "t1"."votes_red" FROM "draft" AS "t1" WHERE ("t1"."id" = ?) LIMIT ? OFFSET ?', [1, 1, 0])
DEBUG:peewee:('SELECT "t1"."id", "t1"."created", "t1"."blue", "t1"."red", "t1"."current_move", "t1"."r1b", "t1"."b1b", "t1"."b2b", "t1"."r2b", "t1"."r3b", "t1"."b3b", "t1"."b1p", "t1"."r1p", "t1"."r2p", "t1"."b2p", "t1"."b3p", "t1"."r3p", "t1"."r4b", "t1"."b4b", "t1"."b5b", "t1"."r5b", "t1"."r4p", "t1"."b4p", "t1"."b5p", "t1"."r5p", "t1"."votes_blue", "t1"."votes_red" FROM "draft" AS "t1" WHERE ("t1"."id" = ?) LIMIT ? OFFSET ?', [1, 1, 0])
DEBUG:peewee:('UPDATE "draft" SET "created" = ?, "blue" = ?, "red" = ?, "current_move" = ?, "r1b" = ?, "b1b" = ?, "b2b" = ?, "r2b" = ?, "r3b" = ?, "b3b" = ?, "b1p" = ?, "r1p" = ?, "r2p" = ?, "b2p" = ?, "b3p" = ?, "r3p" = ?, "r4b" = ?, "b4b" = ?, "b5b" = ?, "r5b" = ?, "r4p" = ?, "b4p" = ?, "b5p" = ?, "r5p" = ?, "votes_blue" = ?, "votes_red" = ? WHERE ("draft"."id" = ?)', [datetime.datetime(2025, 10, 22, 14, 13, 44, 548880), '8c9a5848e5db4b5b8e767c2f116f2be9', '8c9a5848e5db4b5b8e767c2f116f2be9', 12, 0, 1, 2, 3, 4, 5, 6, 7, 8, 9, 10, 11, None, None, None, None, None, None, None, None, 1, 1, 1])
DEBUG:peewee:('SELECT "t1"."id", "t1"."created", "t1"."blue", "t1"."red", "t1"."current_move", "t1"."r1b", "t1"."b1b", "t1"."b2b", "t1"."r2b", "t1"."r3b", "t1"."b3b", "t1"."b1p", "t1"."r1p", "t1"."r2p", "t1"."b2p", "t1"."b3p", "t1"."r3p", "t1"."r4b", "t1"."b4b", "t1"."b5b", "t1"."r5b", "t1"."r4p", "t1"."b4p", "t1"."b5p", "t1"."r5p", "t1"."votes_blue", "t1"."votes_red" FROM "draft" AS "t1" WHERE ("t1"."id" = ?) LIMIT ? OFFSET ?', [1, 1, 0])
DEBUG:peewee:('SELECT "t1"."id", "t1"."created", "t1"."blue", "t1"."red", "t1"."current_move", "t1"."r1b", "t1"."b1b", "t1"."b2b", "t1"."r2b", "t1"."r3b", "t1"."b3b", "t1"."b1p", "t1"."r1p", "t1"."r2p", "t1"."b2p", "t1"."b3p", "t1"."r3p", "t1"."r4b", "t1"."b4b", "t1"."b5b", "t1"."r5b", "t1"."r4p", "t1"."b4p", "t1"."b5p", "t1"."r5p", "t1"."votes_blue", "t1"."votes_red" FROM "draft" AS "t1" WHERE ("t1"."id" = ?) LIMIT ? OFFSET ?', [1, 1, 0])
DEBUG:peewee:('UPDATE "draft" SET "created" = ?, "blue" = ?, "red" = ?, "current_move" = ?, "r1b" = ?, "b1b" = ?, "b2b" = ?, "r2b" = ?, "r3b" = ?, "b3b" = ?, "b1p" = ?, "r1p" = ?, "r2p" = ?, "b2p" = ?, "b3p" = ?, "r3p" = ?, "r4b" = ?, "b4b" = ?, "b5b" = ?, "r5b" = ?, "r4p" = ?, "b4p" = ?, "b5p" = ?, "r5p" = ?, "votes_blue" = ?, "votes_red" = ? WHERE ("draft"."id" = ?)', [datetime.datetime(2025, 10, 22, 14, 13, 44, 548880), '8c9a5848e5db4b5b8e767c2f116f2be9', '8c9a5848e5db4b5b8e767c2f116f2be9', 13, 0, 1, 2, 3, 4, 5, 6, 7, 8, 9, 10, 11, 12, None, None, None, None, None, None, None, 1, 1, 1])
DEBUG:peewee:('SELECT "t1"."id", "t1"."created", "t1"."blue", "t1"."red", "t1"."current_move", "t1"."r1b", "t1"."b1b", "t1"."b2b", "t1"."r2b", "t1"."r3b", "t1"."b3b", "t1"."b1p", "t1"."r1p", "t1"."r2p", "t1"."b2p", "t1"."b3p", "t1"."r3p", "t1"."r4b", "t1"."b4b", "t1"."b5b", "t1"."r5b", "t1"."r4p", "t1"."b4p", "t1"."b5p", "t1"."r5p", "t1"."votes_blue", "t1"."votes_red" FROM "draft" AS "t1" WHERE ("t1"."id" = ?) LIMIT ? OFFSET ?', [1, 1, 0])
DEBUG:peewee:('SELECT "t1"."id", "t1"."created", "t1"."blue", "t1"."red", "t1"."current_move", "t1"."r1b", "t1"."b1b", "t1"."b2b", "t1"."r2b", "t1"."r3b", "t1"."b3b", "t1"."b1p", "t1"."r1p", "t1"."r2p", "t1"."b2p", "t1"."b3p", "t1"."r3p", "t1"."r4b", "t1"."b4b", "t1"."b5b", "t1"."r5b", "t1"."r4p", "t1"."b4p", "t1"."b5p", "t1"."r5p", "t1"."votes_blue", "t1"."votes_red" FROM "draft" AS "t1" WHERE ("t1"."id" = ?) LIMIT ? OFFSET ?', [1, 1, 0])
DEBUG:peewee:('UPDATE "draft" SET "created" = ?, "blue" = ?, "red" = ?, "current_move" = ?, "r1b" = ?, "b1b" = ?, "b2b" = ?, "r2b" = ?, "r3b" = ?, "b3b" = ?, "b1p" = ?, "r1p" = ?, "r2p" = ?, "b2p" = ?, "b3p" = ?, "r3p" = ?, "r4b" = ?, "b4b" = ?, "b5b" = ?, "r5b" = ?, "r4p" = ?, "b4p" = ?, "b5p" = ?, "r5p" = ?, "votes_blue" = ?, "votes_red" = ? WHERE ("draft"."id" = ?)', [datetime.datetime(2025, 10, 22, 14, 13, 44, 548880), '8c9a5848e5db4b5b8e767c2f116f2be9', '8c9a5848e5db4b5b8e767c2f116f2be9', 14, 0, 1, 2, 3, 4, 5, 6, 7, 8, 9, 10, 11, 12, 13, None, None, None, None, None, None, 1, 1, 1])
DEBUG:peewee:('SELECT "t1"."id", "t1"."created", "t1"."blue", "t1"."red", "t1"."current_move", "t1"."r1b", "t1"."b1b", "t1"."b2b", "t1"."r2b", "t1"."r3b", "t1"."b3b", "t1"."b1p", "t1"."r1p", "t1"."r2p", "t1"."b2p", "t1"."b3p", "t1"."r3p", "t1"."r4b", "t1"."b4b", "t1"."b5b", "t1"."r5b", "t1"."r4p", "t1"."b4p", "t1"."b5p", "t1"."r5p", "t1"."votes_blue", "t1"."votes_red" FROM "draft" AS "t1" WHERE ("t1"."id" = ?) LIMIT ? OFFSET ?', [1, 1, 0])
DEBUG:peewee:('SELECT "t1"."id", "t1"."created", "t1"."blue", "t1"."red", "t1"."current_move", "t1"."r1b", "t1"."b1b", "t1"."b2b", "t1"."r2b", "t1"."r3b", "t1"."b3b", "t1"."b1p", "t1"."r1p", "t1"."r2p", "t1"."b2p", "t1"."b3p", "t1"."r3p", "t1"."r4b", "t1"."b4b", "t1"."b5b", "t1"."r5b", "t1"."r4p", "t1"."b4p", "t1"."b5p", "t1"."r5p", "t1"."votes_blue", "t1"."votes_red" FROM "draft" AS "t1" WHERE ("t1"."id" = ?) LIMIT ? OFFSET ?', [1, 1, 0])
DEBUG:peewee:('UPDATE "draft" SET "created" = ?, "blue" = ?, "red" = ?, "current_move" = ?, "r1b" = ?, "b1b" = ?, "b2b" = ?, "r2b" = ?, "r3b" = ?, "b3b" = ?, "b1p" = ?, "r1p" = ?, "r2p" = ?, "b2p" = ?, "b3p" = ?, "r3p" = ?, "r4b" = ?, "b4b" = ?, "b5b" = ?, "r5b" = ?, "r4p" = ?, "b4p" = ?, "b5p" = ?, "r5p" = ?, "votes_blue" = ?, "votes_red" = ? WHERE ("draft"."id" = ?)', [datetime.datetime(2025, 10, 22, 14, 13, 44, 548880), '8c9a5848e5db4b5b8e767c2f116f2be9', '8c9a5848e5db4b5b8e767c2f116f2be9', 15, 0, 1, 2, 3, 4, 5, 6, 7, 8, 9, 10, 11, 12, 13, 14, None, None, None, None, None, 1, 1, 1])
DEBUG:peewee:('SELECT "t1"."id", "t1"."created", "t1"."blue", "t1"."red", "t1"."current_move", "t1"."r1b", "t1"."b1b", "t1"."b2b", "t1"."r2b", "t1"."r3b", "t1"."b3b", "t1"."b1p", "t1"."r1p", "t1"."r2p", "t1"."b2p", "t1"."b3p", "t1"."r3p", "t1"."r4b", "t1"."b4b", "t1"."b5b", "t1"."r5b", "t1"."r4p", "t1"."b4p", "t1"."b5p", "t1"."r5p", "t1"."votes_blue", "t1"."votes_red" FROM "draft" AS "t1" WHERE ("t1"."id" = ?) LIMIT ? OFFSET ?', [1, 1, 0])
DEBUG:peewee:('SELECT "t1"."id", "t1"."created", "t1"."blue", "t1"."red", "t1"."current_move", "t1"."r1b", "t1"."b1b", "t1"."b2b", "t1"."r2b", "t1"."r3b", "t1"."b3b", "t1"."b1p", "t1"."r1p", "t1"."r2p", "t1"."b2p", "t1"."b3p", "t1"."r3p", "t1"."r4b", "t1"."b4b", "t1"."b5b", "t1"."r5b", "t1"."r4p", "t1"."b4p", "t1"."b5p", "t1"."r5p", "t1"."votes_blue", "t1"."votes_red" FROM "draft" AS "t1" WHERE ("t1"."id" = ?) LIMIT ? OFFSET ?', [1, 1, 0])
DEBUG:peewee:('UPDATE "draft" SET "created" = ?, "blue" = ?, "red" = ?, "current_move" = ?, "r1b" = ?, "b1b" = ?, "b2b" = ?, "r2b" = ?, "r3b" = ?, "b3b" = ?, "b1p" = ?, "r1p" = ?, "r2p" = ?, "b2p" = ?, "b3p" = ?, "r3p" = ?, "r4b" = ?, "b4b" = ?, "b5b" = ?, "r5b" = ?, "r4p" = ?, "b4p" = ?, "b5p" = ?, "r5p" = ?, "votes_blue" = ?, "votes_red" = ? WHERE ("draft"."id" = ?)', [datetime.datetime(2025, 10, 22, 14, 13, 44, 548880), '8c9a5848e5db4b5b8e767c2f116f2be9', '8c9a5848e5db4b5b8e767c2f116f2be9', 16, 0, 1, 2, 3, 4, 5, 6, 7, 8, 9, 10, 11, 12, 13, 14, 15, None, None, None, None, 1, 1, 1])
DEBUG:peewee:('SELECT "t1"."id", "t1"."created", "t1"."blue", "t1"."red", "t1"."current_move", "t1"."r1b", "t1"."b1b", "t1"."b2b", "t1"."r2b", "t1"."r3b", "t1"."b3b", "t1"."b1p", "t1"."r1p", "t1"."r2p", "t1"."b2p", "t1"."b3p", "t1"."r3p", "t1"."r4b", "t1"."b4b", "t1"."b5b", "t1"."r5b", "t1"."r4p", "t1"."b4p", "t1"."b5p", "t1"."r5p", "t1"."votes_blue", "t1"."votes_red" FROM "draft" AS "t1" WHERE ("t1"."id" = ?) LIMIT ? OFFSET ?', [1, 1, 0])
DEBUG:peewee:('SELECT "t1"."id", "t1"."created", "t1"."blue", "t1"."red", "t1"."current_move", "t1"."r1b", "t1"."b1b", "t1"."b2b", "t1"."r2b", "t1"."r3b", "t1"."b3b", "t1"."b1p", "t1"."r1p", "t1"."r2p", "t1"."b2p", "t1"."b3p", "t1"."r3p", "t1"."r4b", "t1"."b4b", "t1"."b5b", "t1"."r5b", "t1"."r4p", "t1"."b4p", "t1"."b5p", "t1"."r5p", "t1"."votes_blue", "t1"."votes_red" FROM "draft" AS "t1" WHERE ("t1"."id" = ?) LIMIT ? OFFSET ?', [1, 1, 0])
DEBUG:peewee:('UPDATE "draft" SET "created" = ?, "blue" = ?, "red" = ?, "current_move" = ?, "r1b" = ?, "b1b" = ?, "b2b" = ?, "r2b" = ?, "r3b" = ?, "b3b" = ?, "b1p" = ?, "r1p" = ?, "r2p" = ?, "b2p" = ?, "b3p" = ?, "r3p" = ?, "r4b" = ?, "b4b" = ?, "b5b" = ?, "r5b" = ?, "r4p" = ?, "b4p" = ?, "b5p" = ?, "r5p" = ?, "votes_blue" = ?, "votes_red" = ? WHERE ("draft"."id" = ?)', [datetime.datetime(2025, 10, 22, 14, 13, 44, 548880), '8c9a5848e5db4b5b8e767c2f116f2be9', '8c9a5848e5db4b5b8e767c2f116f2be9', 17, 0, 1, 2, 3, 4, 5, 6, 7, 8, 9, 10, 11, 12, 13, 14, 15, 16, None, None, None, 1, 1, 1])
DEBUG:peewee:('SELECT "t1"."id", "t1"."created", "t1"."blue", "t1"."red", "t1"."current_move", "t1"."r1b", "t1"."b1b", "t1"."b2b", "t1"."r2b", "t1"."r3b", "t1"."b3b", "t1"."b1p", "t1"."r1p", "t1"."r2p", "t1"."b2p", "t1"."b3p", "t1"."r3p", "t1"."r4b", "t1"."b4b", "t1"."b5b", "t1"."r5b", "t1"."r4p", "t1"."b4p", "t1"."b5p", "t1"."r5p", "t1"."votes_blue", "t1"."votes_red" FROM "draft" AS "t1" WHERE ("t1"."id" = ?) LIMIT ? OFFSET ?', [1, 1, 0])
DEBUG:peewee:('SELECT "t1"."id", "t1"."created", "t1"."blue", "t1"."red", "t1"."current_move", "t1"."r1b", "t1"."b1b", "t1"."b2b", "t1"."r2b", "t1"."r3b", "t1"."b3b", "t1"."b1p", "t1"."r1p", "t1"."r2p", "t1"."b2p", "t1"."b3p", "t1"."r3p", "t1"."r4b", "t1"."b4b", "t1"."b5b", "t1"."r5b", "t1"."r4p", "t1"."b4p", "t1"."b5p", "t1"."r5p", "t1"."votes_blue", "t1"."votes_red" FROM "draft" AS "t1" WHERE ("t1"."id" = ?) LIMIT ? OFFSET ?', [1, 1, 0])
DEBUG:peewee:('UPDATE "draft" SET "created" = ?, "blue" = ?, "red" = ?, "current_move" = ?, "r1b" = ?, "b1b" = ?, "b2b" = ?, "r2b" = ?, "r3b" = ?, "b3b" = ?, "b1p" = ?, "r1p" = ?, "r2p" = ?, "b2p" = ?, "b3p" = ?, "r3p" = ?, "r4b" = ?, "b4b" = ?, "b5b" = ?, "r5b" = ?, "r4p" = ?, "b4p" = ?, "b5p" = ?, "r5p" = ?, "votes_blue" = ?, "votes_red" = ? WHERE ("draft"."id" = ?)', [datetime.datetime(2025, 10, 22, 14, 13, 44, 548880), '8c9a5848e5db4b5b8e767c2f116f2be9', '8c9a5848e5db4b5b8e767c2f116f2be9', 18, 0, 1, 2, 3, 4, 5, 6, 7, 8, 9, 10, 11, 12, 13, 14, 15, 16, 17, None, None, 1, 1, 1])
DEBUG:peewee:('SELECT "t1"."id", "t1"."created", "t1"."blue", "t1"."red", "t1"."current_move", "t1"."r1b", "t1"."b1b", "t1"."b2b", "t1"."r2b", "t1"."r3b", "t1"."b3b", "t1"."b1p", "t1"."r1p", "t1"."r2p", "t1"."b2p", "t1"."b3p", "t1"."r3p", "t1"."r4b", "t1"."b4b", "t1"."b5b", "t1"."r5b", "t1"."r4p", "t1"."b4p", "t1"."b5p", "t1"."r5p", "t1"."votes_blue", "t1"."votes_red" FROM "draft" AS "t1" WHERE ("t1"."id" = ?) LIMIT ? OFFSET ?', [1, 1, 0])
DEBUG:peewee:('SELECT "t1"."id", "t1"."created", "t1"."blue", "t1"."red", "t1"."current_move", "t1"."r1b", "t1"."b1b", "t1"."b2b", "t1"."r2b", "t1"."r3b", "t1"."b3b", "t1"."b1p", "t1"."r1p", "t1"."r2p", "t1"."b2p", "t1"."b3p", "t1"."r3p", "t1"."r4b", "t1"."b4b", "t1"."b5b", "t1"."r5b", "t1"."r4p", "t1"."b4p", "t1"."b5p", "t1"."r5p", "t1"."votes_blue", "t1"."votes_red" FROM "draft" AS "t1" WHERE ("t1"."id" = ?) LIMIT ? OFFSET ?', [1, 1, 0])
DEBUG:peewee:('UPDATE "draft" SET "created" = ?, "blue" = ?, "red" = ?, "current_move" = ?, "r1b" = ?, "b1b" = ?, "b2b" = ?, "r2b" = ?, "r3b" = ?, "b3b" = ?, "b1p" = ?, "r1p" = ?, "r2p" = ?, "b2p" = ?, "b3p" = ?, "r3p" = ?, "r4b" = ?, "b4b" = ?, "b5b" = ?, "r5b" = ?, "r4p" = ?, "b4p" = ?, "b5p" = ?, "r5p" = ?, "votes_blue" = ?, "votes_red" = ? WHERE ("draft"."id" = ?)', [datetime.datetime(2025, 10, 22, 14, 13, 44, 548880), '8c9a5848e5db4b5b8e767c2f116f2be9', '8c9a5848e5db4b5b8e767c2f116f2be9', 19, 0, 1, 2, 3, 4, 5, 6, 7, 8, 9, 10, 11, 12, 13, 14, 15, 16, 17, 18, None, 1, 1, 1])
DEBUG:peewee:('SELECT "t1"."id", "t1"."created", "t1"."blue", "t1"."red", "t1"."current_move", "t1"."r1b", "t1"."b1b", "t1"."b2b", "t1"."r2b", "t1"."r3b", "t1"."b3b", "t1"."b1p", "t1"."r1p", "t1"."r2p", "t1"."b2p", "t1"."b3p", "t1"."r3p", "t1"."r4b", "t1"."b4b", "t1"."b5b", "t1"."r5b", "t1"."r4p", "t1"."b4p", "t1"."b5p", "t1"."r5p", "t1"."votes_blue", "t1"."votes_red" FROM "draft" AS "t1" WHERE ("t1"."id" = ?) LIMIT ? OFFSET ?', [1, 1, 0])
DEBUG:peewee:('SELECT "t1"."id", "t1"."created", "t1"."blue", "t1"."red", "t1"."current_move", "t1"."r1b", "t1"."b1b", "t1"."b2b", "t1"."r2b", "t1"."r3b", "t1"."b3b", "t1"."b1p", "t1"."r1p", "t1"."r2p", "t1"."b2p", "t1"."b3p", "t1"."r3p", "t1"."r4b", "t1"."b4b", "t1"."b5b", "t1"."r5b", "t1"."r4p", "t1"."b4p", "t1"."b5p", "t1"."r5p", "t1"."votes_blue", "t1"."votes_red" FROM "draft" AS "t1" WHERE ("t1"."id" = ?) LIMIT ? OFFSET ?', [1, 1, 0])
DEBUG:peewee:('UPDATE "draft" SET "created" = ?, "blue" = ?, "red" = ?, "current_move" = ?, "r1b" = ?, "b1b" = ?, "b2b" = ?, "r2b" = ?, "r3b" = ?, "b3b" = ?, "b1p" = ?, "r1p" = ?, "r2p" = ?, "b2p" = ?, "b3p" = ?, "r3p" = ?, "r4b" = ?, "b4b" = ?, "b5b" = ?, "r5b" = ?, "r4p" = ?, "b4p" = ?, "b5p" = ?, "r5p" = ?, "votes_blue" = ?, "votes_red" = ? WHERE ("draft"."id" = ?)', [datetime.datetime(2025, 10, 22, 14, 13, 44, 548880), '8c9a5848e5db4b5b8e767c2f116f2be9', '8c9a5848e5db4b5b8e767c2f116f2be9', 20, 0, 1, 2, 3, 4, 5, 6, 7, 8, 9, 10, 11, 12, 13, 14, 15, 16, 17, 18, 19, 1, 1, 1])
DEBUG:peewee:('SELECT "t1"."id", "t1"."created", "t1"."blue", "t1"."red", "t1"."current_move", "t1"."r1b", "t1"."b1b", "t1"."b2b", "t1"."r2b", "t1"."r3b", "t1"."b3b", "t1"."b1p", "t1"."r1p", "t1"."r2p", "t1"."b2p", "t1"."b3p", "t1"."r3p", "t1"."r4b", "t1"."b4b", "t1"."b5b", "t1"."r5b", "t1"."r4p", "t1"."b4p", "t1"."b5p", "t1"."r5p", "t1"."votes_blue", "t1"."votes_red" FROM "draft" AS "t1" WHERE ("t1"."id" = ?) LIMIT ? OFFSET ?', [1, 1, 0])
DEBUG:peewee:('SELECT "t1"."id", "t1"."created", "t1"."blue", "t1"."red", "t1"."current_move", "t1"."r1b", "t1"."b1b", "t1"."b2b", "t1"."r2b", "t1"."r3b", "t1"."b3b", "t1"."b1p", "t1"."r1p", "t1"."r2p", "t1"."b2p", "t1"."b3p", "t1"."r3p", "t1"."r4b", "t1"."b4b", "t1"."b5b", "t1"."r5b", "t1"."r4p", "t1"."b4p", "t1"."b5p", "t1"."r5p", "t1"."votes_blue", "t1"."votes_red" FROM "draft" AS "t1"', [])
DEBUG:peewee:('INSERT INTO "draft" ("created", "blue", "red", "current_move", "votes_blue", "votes_red") VALUES (?, ?, ?, ?, ?, ?)', [datetime.datetime(2025, 10, 22, 14, 14, 28, 305091), '8c9a5848e5db4b5b8e767c2f116f2be9', '8c9a5848e5db4b5b8e767c2f116f2be9', 0, 1, 1])
DEBUG:peewee:('SELECT "t1"."id", "t1"."created", "t1"."blue", "t1"."red", "t1"."current_move", "t1"."r1b", "t1"."b1b", "t1"."b2b", "t1"."r2b", "t1"."r3b", "t1"."b3b", "t1"."b1p", "t1"."r1p", "t1"."r2p", "t1"."b2p", "t1"."b3p", "t1"."r3p", "t1"."r4b", "t1"."b4b", "t1"."b5b", "t1"."r5b", "t1"."r4p", "t1"."b4p", "t1"."b5p", "t1"."r5p", "t1"."votes_blue", "t1"."votes_red" FROM "draft" AS "t1" WHERE ("t1"."id" = ?) LIMIT ? OFFSET ?', [2, 1, 0])
DEBUG:peewee:('SELECT "t1"."id", "t1"."created", "t1"."blue", "t1"."red", "t1"."current_move", "t1"."r1b", "t1"."b1b", "t1"."b2b", "t1"."r2b", "t1"."r3b", "t1"."b3b", "t1"."b1p", "t1"."r1p", "t1"."r2p", "t1"."b2p", "t1"."b3p", "t1"."r3p", "t1"."r4b", "t1"."b4b", "t1"."b5b", "t1"."r5b", "t1"."r4p", "t1"."b4p", "t1"."b5p", "t1"."r5p", "t1"."votes_blue", "t1"."votes_red" FROM "draft" AS "t1" WHERE ("t1"."id" = ?) LIMIT ? OFFSET ?', [2, 1, 0])
DEBUG:peewee:('UPDATE "draft" SET "created" = ?, "blue" = ?, "red" = ?, "current_move" = ?, "r1b" = ?, "b1b" = ?, "b2b" = ?, "r2b" = ?, "r3b" = ?, "b3b" = ?, "b1p" = ?, "r1p" = ?, "r2p" = ?, "b2p" = ?, "b3p" = ?, "r3p" = ?, "r4b" = ?, "b4b" = ?, "b5b" = ?, "r5b" = ?, "r4p" = ?, "b4p" = ?, "b5p" = ?, "r5p" = ?, "votes_blue" = ?, "votes_red" = ? WHERE ("draft"."id" = ?)', [datetime.datetime(2025, 10, 22, 14, 14, 28, 305091), '8c9a5848e5db4b5b8e767c2f116f2be9', '8c9a5848e5db4b5b8e767c2f116f2be9', 1, 0, None, None, None, None, None, None, None, None, None, None, None, None, None, None, None, None, None, None, None, 1, 1, 2])
DEBUG:peewee:('SELECT "t1"."id", "t1"."created", "t1"."blue", "t1"."red", "t1"."current_move", "t1"."r1b", "t1"."b1b", "t1"."b2b", "t1"."r2b", "t1"."r3b", "t1"."b3b", "t1"."b1p", "t1"."r1p", "t1"."r2p", "t1"."b2p", "t1"."b3p", "t1"."r3p", "t1"."r4b", "t1"."b4b", "t1"."b5b", "t1"."r5b", "t1"."r4p", "t1"."b4p", "t1"."b5p", "t1"."r5p", "t1"."votes_blue", "t1"."votes_red" FROM "draft" AS "t1" WHERE ("t1"."id" = ?) LIMIT ? OFFSET ?', [2, 1, 0])
DEBUG:peewee:('SELECT "t1"."id", "t1"."created", "t1"."blue", "t1"."red", "t1"."current_move", "t1"."r1b", "t1"."b1b", "t1"."b2b", "t1"."r2b", "t1"."r3b", "t1"."b3b", "t1"."b1p", "t1"."r1p", "t1"."r2p", "t1"."b2p", "t1"."b3p", "t1"."r3p", "t1"."r4b", "t1"."b4b", "t1"."b5b", "t1"."r5b", "t1"."r4p", "t1"."b4p", "t1"."b5p", "t1"."r5p", "t1"."votes_blue", "t1"."votes_red" FROM "draft" AS "t1" WHERE ("t1"."id" = ?) LIMIT ? OFFSET ?', [2, 1, 0])
DEBUG:peewee:('UPDATE "draft" SET "created" = ?, "blue" = ?, "red" = ?, "current_move" = ?, "r1b" = ?, "b1b" = ?, "b2b" = ?, "r2b" = ?, "r3b" = ?, "b3b" = ?, "b1p" = ?, "r1p" = ?, "r2p" = ?, "b2p" = ?, "b3p" = ?, "r3p" = ?, "r4b" = ?, "b4b" = ?, "b5b" = ?, "r5b" = ?, "r4p" = ?, "b4p" = ?, "b5p" = ?, "r5p" = ?, "votes_blue" = ?, "votes_red" = ? WHERE ("draft"."id" = ?)', [datetime.datetime(2025, 10, 22, 14, 14, 28, 305091), '8c9a5848e5db4b5b8e767c2f116f2be9', '8c9a5848e5db4b5b8e767c2f116f2be9', 2, 0, 1, None, None, None, None, None, None, None, None, None, None, None, None, None, None, None, None, None, None, 1, 1, 2])
DEBUG:peewee:('SELECT "t1"."id", "t1"."created", "t1"."blue", "t1"."red", "t1"."current_move", "t1"."r1b", "t1"."b1b", "t1"."b2b", "t1"."r2b", "t1"."r3b", "t1"."b3b", "t1"."b1p", "t1"."r1p", "t1"."r2p", "t1"."b2p", "t1"."b3p", "t1"."r3p", "t1"."r4b", "t1"."b4b", "t1"."b5b", "t1"."r5b", "t1"."r4p", "t1"."b4p", "t1"."b5p", "t1"."r5p", "t1"."votes_blue", "t1"."votes_red" FROM "draft" AS "t1" WHERE ("t1"."id" = ?) LIMIT ? OFFSET ?', [2, 1, 0])
DEBUG:peewee:('SELECT "t1"."id", "t1"."created", "t1"."blue", "t1"."red", "t1"."current_move", "t1"."r1b", "t1"."b1b", "t1"."b2b", "t1"."r2b", "t1"."r3b", "t1"."b3b", "t1"."b1p", "t1"."r1p", "t1"."r2p", "t1"."b2p", "t1"."b3p", "t1"."r3p", "t1"."r4b", "t1"."b4b", "t1"."b5b", "t1"."r5b", "t1"."r4p", "t1"."b4p", "t1"."b5p", "t1"."r5p", "t1"."votes_blue", "t1"."votes_red" FROM "draft" AS "t1" WHERE ("t1"."id" = ?) LIMIT ? OFFSET ?', [2, 1, 0])
DEBUG:peewee:('UPDATE "draft" SET "created" = ?, "blue" = ?, "red" = ?, "current_move" = ?, "r1b" = ?, "b1b" = ?, "b2b" = ?, "r2b" = ?, "r3b" = ?, "b3b" = ?, "b1p" = ?, "r1p" = ?, "r2p" = ?, "b2p" = ?, "b3p" = ?, "r3p" = ?, "r4b" = ?, "b4b" = ?, "b5b" = ?, "r5b" = ?, "r4p" = ?, "b4p" = ?, "b5p" = ?, "r5p" = ?, "votes_blue" = ?, "votes_red" = ? WHERE ("draft"."id" = ?)', [datetime.datetime(2025, 10, 22, 14, 14, 28, 305091), '8c9a5848e5db4b5b8e767c2f116f2be9', '8c9a5848e5db4b5b8e767c2f116f2be9', 3, 0, 1, 2, None, None, None, None, None, None, None, None, None, None, None, None, None, None, None, None, None, 1, 1, 2])
DEBUG:peewee:('SELECT "t1"."id", "t1"."created", "t1"."blue", "t1"."red", "t1"."current_move", "t1"."r1b", "t1"."b1b", "t1"."b2b", "t1"."r2b", "t1"."r3b", "t1"."b3b", "t1"."b1p", "t1"."r1p", "t1"."r2p", "t1"."b2p", "t1"."b3p", "t1"."r3p", "t1"."r4b", "t1"."b4b", "t1"."b5b", "t1"."r5b", "t1"."r4p", "t1"."b4p", "t1"."b5p", "t1"."r5p", "t1"."votes_blue", "t1"."votes_red" FROM "draft" AS "t1" WHERE ("t1"."id" = ?) LIMIT ? OFFSET ?', [2, 1, 0])
DEBUG:peewee:('SELECT "t1"."id", "t1"."created", "t1"."blue", "t1"."red", "t1"."current_move", "t1"."r1b", "t1"."b1b", "t1"."b2b", "t1"."r2b", "t1"."r3b", "t1"."b3b", "t1"."b1p", "t1"."r1p", "t1"."r2p", "t1"."b2p", "t1"."b3p", "t1"."r3p", "t1"."r4b", "t1"."b4b", "t1"."b5b", "t1"."r5b", "t1"."r4p", "t1"."b4p", "t1"."b5p", "t1"."r5p", "t1"."votes_blue", "t1"."votes_red" FROM "draft" AS "t1" WHERE ("t1"."id" = ?) LIMIT ? OFFSET ?', [2, 1, 0])
DEBUG:peewee:('UPDATE "draft" SET "created" = ?, "blue" = ?, "red" = ?, "current_move" = ?, "r1b" = ?, "b1b" = ?, "b2b" = ?, "r2b" = ?, "r3b" = ?, "b3b" = ?, "b1p" = ?, "r1p" = ?, "r2p" = ?, "b2p" = ?, "b3p" = ?, "r3p" = ?, "r4b" = ?, "b4b" = ?, "b5b" = ?, "r5b" = ?, "r4p" = ?, "b4p" = ?, "b5p" = ?, "r5p" = ?, "votes_blue" = ?, "votes_red" = ? WHERE ("draft"."id" = ?)', [datetime.datetime(2025, 10, 22, 14, 14, 28, 305091), '8c9a5848e5db4b5b8e767c2f116f2be9', '8c9a5848e5db4b5b8e767c2f116f2be9', 4, 0, 1, 2, 3, None, None, None, None, None, None, None, None, None, None, None, None, None, None, None, None, 1, 1, 2])
DEBUG:peewee:('SELECT "t1"."id", "t1"."created", "t1"."blue", "t1"."red", "t1"."current_move", "t1"."r1b", "t1"."b1b", "t1"."b2b", "t1"."r2b", "t1"."r3b", "t1"."b3b", "t1"."b1p", "t1"."r1p", "t1"."r2p", "t1"."b2p", "t1"."b3p", "t1"."r3p", "t1"."r4b", "t1"."b4b", "t1"."b5b", "t1"."r5b", "t1"."r4p", "t1"."b4p", "t1"."b5p", "t1"."r5p", "t1"."votes_blue", "t1"."votes_red" FROM "draft" AS "t1" WHERE ("t1"."id" = ?) LIMIT ? OFFSET ?', [2, 1, 0])
DEBUG:peewee:('SELECT "t1"."id", "t1"."created", "t1"."blue", "t1"."red", "t1"."current_move", "t1"."r1b", "t1"."b1b", "t1"."b2b", "t1"."r2b", "t1"."r3b", "t1"."b3b", "t1"."b1p", "t1"."r1p", "t1"."r2p", "t1"."b2p", "t1"."b3p", "t1"."r3p", "t1"."r4b", "t1"."b4b", "t1"."b5b", "t1"."r5b", "t1"."r4p", "t1"."b4p", "t1"."b5p", "t1"."r5p", "t1"."votes_blue", "t1"."votes_red" FROM "draft" AS "t1" WHERE ("t1"."id" = ?) LIMIT ? OFFSET ?', [2, 1, 0])
DEBUG:peewee:('UPDATE "draft" SET "created" = ?, "blue" = ?, "red" = ?, "current_move" = ?, "r1b" = ?, "b1b" = ?, "b2b" = ?, "r2b" = ?, "r3b" = ?, "b3b" = ?, "b1p" = ?, "r1p" = ?, "r2p" = ?, "b2p" = ?, "b3p" = ?, "r3p" = ?, "r4b" = ?, "b4b" = ?, "b5b" = ?, "r5b" = ?, "r4p" = ?, "b4p" = ?, "b5p" = ?, "r5p" = ?, "votes_blue" = ?, "votes_red" = ? WHERE ("draft"."id" = ?)', [datetime.datetime(2025, 10, 22, 14, 14, 28, 305091), '8c9a5848e5db4b5b8e767c2f116f2be9', '8c9a5848e5db4b5b8e767c2f116f2be9', 5, 0, 1, 2, 3, 4, None, None, None, None, None, None, None, None, None, None, None, None, None, None, None, 1, 1, 2])
DEBUG:peewee:('SELECT "t1"."id", "t1"."created", "t1"."blue", "t1"."red", "t1"."current_move", "t1"."r1b", "t1"."b1b", "t1"."b2b", "t1"."r2b", "t1"."r3b", "t1"."b3b", "t1"."b1p", "t1"."r1p", "t1"."r2p", "t1"."b2p", "t1"."b3p", "t1"."r3p", "t1"."r4b", "t1"."b4b", "t1"."b5b", "t1"."r5b", "t1"."r4p", "t1"."b4p", "t1"."b5p", "t1"."r5p", "t1"."votes_blue", "t1"."votes_red" FROM "draft" AS "t1" WHERE ("t1"."id" = ?) LIMIT ? OFFSET ?', [2, 1, 0])
DEBUG:peewee:('SELECT "t1"."id", "t1"."created", "t1"."blue", "t1"."red", "t1"."current_move", "t1"."r1b", "t1"."b1b", "t1"."b2b", "t1"."r2b", "t1"."r3b", "t1"."b3b", "t1"."b1p", "t1"."r1p", "t1"."r2p", "t1"."b2p", "t1"."b3p", "t1"."r3p", "t1"."r4b", "t1"."b4b", "t1"."b5b", "t1"."r5b", "t1"."r4p", "t1"."b4p", "t1"."b5p", "t1"."r5p", "t1"."votes_blue", "t1"."votes_red" FROM "draft" AS "t1" WHERE ("t1"."id" = ?) LIMIT ? OFFSET ?', [2, 1, 0])
DEBUG:peewee:('UPDATE "draft" SET "created" = ?, "blue" = ?, "red" = ?, "current_move" = ?, "r1b" = ?, "b1b" = ?, "b2b" = ?, "r2b" = ?, "r3b" = ?, "b3b" = ?, "b1p" = ?, "r1p" = ?, "r2p" = ?, "b2p" = ?, "b3p" = ?, "r3p" = ?, "r4b" = ?, "b4b" = ?, "b5b" = ?, "r5b" = ?, "r4p" = ?, "b4p" = ?, "b5p" = ?, "r5p" = ?, "votes_blue" = ?, "votes_red" = ? WHERE ("draft"."id" = ?)', [datetime.datetime(2025, 10, 22, 14, 14, 28, 305091), '8c9a5848e5db4b5b8e767c2f116f2be9', '8c9a5848e5db4b5b8e767c2f116f2be9', 6, 0, 1, 2, 3, 4, 5, None, None, None, None, None, None, None, None, None, None, None, None, None, None, 1, 1, 2])
DEBUG:peewee:('SELECT "t1"."id", "t1"."created", "t1"."blue", "t1"."red", "t1"."current_move", "t1"."r1b", "t1"."b1b", "t1"."b2b", "t1"."r2b", "t1"."r3b", "t1"."b3b", "t1"."b1p", "t1"."r1p", "t1"."r2p", "t1"."b2p", "t1"."b3p", "t1"."r3p", "t1"."r4b", "t1"."b4b", "t1"."b5b", "t1"."r5b", "t1"."r4p", "t1"."b4p", "t1"."b5p", "t1"."r5p", "t1"."votes_blue", "t1"."votes_red" FROM "draft" AS "t1" WHERE ("t1"."id" = ?) LIMIT ? OFFSET ?', [2, 1, 0])
DEBUG:peewee:('SELECT "t1"."id", "t1"."created", "t1"."blue", "t1"."red", "t1"."current_move", "t1"."r1b", "t1"."b1b", "t1"."b2b", "t1"."r2b", "t1"."r3b", "t1"."b3b", "t1"."b1p", "t1"."r1p", "t1"."r2p", "t1"."b2p", "t1"."b3p", "t1"."r3p", "t1"."r4b", "t1"."b4b", "t1"."b5b", "t1"."r5b", "t1"."r4p", "t1"."b4p", "t1"."b5p", "t1"."r5p", "t1"."votes_blue", "t1"."votes_red" FROM "draft" AS "t1" WHERE ("t1"."id" = ?) LIMIT ? OFFSET ?', [2, 1, 0])
DEBUG:peewee:('UPDATE "draft" SET "created" = ?, "blue" = ?, "red" = ?, "current_move" = ?, "r1b" = ?, "b1b" = ?, "b2b" = ?, "r2b" = ?, "r3b" = ?, "b3b" = ?, "b1p" = ?, "r1p" = ?, "r2p" = ?, "b2p" = ?, "b3p" = ?, "r3p" = ?, "r4b" = ?, "b4b" = ?, "b5b" = ?, "r5b" = ?, "r4p" = ?, "b4p" = ?, "b5p" = ?, "r5p" = ?, "votes_blue" = ?, "votes_red" = ? WHERE ("draft"."id" = ?)', [datetime.datetime(2025, 10, 22, 14, 14, 28, 305091), '8c9a5848e5db4b5b8e767c2f116f2be9', '8c9a5848e5db4b5b8e767c2f116f2be9', 7, 0, 1, 2, 3, 4, 5, 6, None, None, None, None, None, None, None, None, None, None, None, None, None, 1, 1, 2])
DEBUG:peewee:('SELECT "t1"."id", "t1"."created", "t1"."blue", "t1"."red", "t1"."current_move", "t1"."r1b", "t1"."b1b", "t1"."b2b", "t1"."r2b", "t1"."r3b", "t1"."b3b", "t1"."b1p", "t1"."r1p", "t1"."r2p", "t1"."b2p", "t1"."b3p", "t1"."r3p", "t1"."r4b", "t1"."b4b", "t1"."b5b", "t1"."r5b", "t1"."r4p", "t1"."b4p", "t1"."b5p", "t1"."r5p", "t1"."votes_blue", "t1"."votes_red" FROM "draft" AS "t1" WHERE ("t1"."id" = ?) LIMIT ? OFFSET ?', [2, 1, 0])
DEBUG:peewee:('SELECT "t1"."id", "t1"."created", "t1"."blue", "t1"."red", "t1"."current_move", "t1"."r1b", "t1"."b1b", "t1"."b2b", "t1"."r2b", "t1"."r3b", "t1"."b3b", "t1"."b1p", "t1"."r1p", "t1"."r2p", "t1"."b2p", "t1"."b3p", "t1"."r3p", "t1"."r4b", "t1"."b4b", "t1"."b5b", "t1"."r5b", "t1"."r4p", "t1"."b4p", "t1"."b5p", "t1"."r5p", "t1"."votes_blue", "t1"."votes_red" FROM "draft" AS "t1" WHERE ("t1"."id" = ?) LIMIT ? OFFSET ?', [2, 1, 0])
DEBUG:peewee:('UPDATE "draft" SET "created" = ?, "blue" = ?, "red" = ?, "current_move" = ?, "r1b" = ?, "b1b" = ?, "b2b" = ?, "r2b" = ?, "r3b" = ?, "b3b" = ?, "b1p" = ?, "r1p" = ?, "r2p" = ?, "b2p" = ?, "b3p" = ?, "r3p" = ?, "r4b" = ?, "b4b" = ?, "b5b" = ?, "r5b" = ?, "r4p" = ?, "b4p" = ?, "b5p" = ?, "r5p" = ?, "votes_blue" = ?, "votes_red" = ? WHERE ("draft"."id" = ?)', [datetime.datetime(2025, 10, 22, 14, 14, 28, 305091), '8c9a5848e5db4b5b8e767c2f116f2be9', '8c9a5848e5db4b5b8e767c2f116f2be9', 8, 0, 1, 2, 3, 4, 5, 6, 7, None, None, None, None, None, None, None, None, None, None, None, None, 1, 1, 2])
DEBUG:peewee:('SELECT "t1"."id", "t1"."created", "t1"."blue", "t1"."red", "t1"."current_move", "t1"."r1b", "t1"."b1b", "t1"."b2b", "t1"."r2b", "t1"."r3b", "t1"."b3b", "t1"."b1p", "t1"."r1p", "t1"."r2p", "t1"."b2p", "t1"."b3p", "t1"."r3p", "t1"."r4b", "t1"."b4b", "t1"."b5b", "t1"."r5b", "t1"."r4p", "t1"."b4p", "t1"."b5p", "t1"."r5p", "t1"."votes_blue", "t1"."votes_red" FROM "draft" AS "t1" WHERE ("t1"."id" = ?) LIMIT ? OFFSET ?', [2, 1, 0])
DEBUG:peewee:('SELECT "t1"."id", "t1"."created", "t1"."blue", "t1"."red", "t1"."current_move", "t1"."r1b", "t1"."b1b", "t1"."b2b", "t1"."r2b", "t1"."r3b", "t1"."b3b", "t1"."b1p", "t1"."r1p", "t1"."r2p", "t1"."b2p", "t1"."b3p", "t1"."r3p", "t1"."r4b", "t1"."b4b", "t1"."b5b", "t1"."r5b", "t1"."r4p", "t1"."b4p", "t1"."b5p", "t1"."r5p", "t1"."votes_blue", "t1"."votes_red" FROM "draft" AS "t1" WHERE ("t1"."id" = ?) LIMIT ? OFFSET ?', [2, 1, 0])
DEBUG:peewee:('UPDATE "draft" SET "created" = ?, "blue" = ?, "red" = ?, "current_move" = ?, "r1b" = ?, "b1b" = ?, "b2b" = ?, "r2b" = ?, "r3b" = ?, "b3b" = ?, "b1p" = ?, "r1p" = ?, "r2p" = ?, "b2p" = ?, "b3p" = ?, "r3p" = ?, "r4b" = ?, "b4b" = ?, "b5b" = ?, "r5b" = ?, "r4p" = ?, "b4p" = ?, "b5p" = ?, "r5p" = ?, "votes_blue" = ?, "votes_red" = ? WHERE ("draft"."id" = ?)', [datetime.datetime(2025, 10, 22, 14, 14, 28, 305091), '8c9a5848e5db4b5b8e767c2f116f2be9', '8c9a5848e5db4b5b8e767c2f116f2be9', 9, 0, 1, 2, 3, 4, 5, 6, 7, 8, None, None, None, None, None, None, None, None, None, None, None, 1, 1, 2])
DEBUG:peewee:('SELECT "t1"."id", "t1"."created", "t1"."blue", "t1"."red", "t1"."current_move", "t1"."r1b", "t1"."b1b", "t1"."b2b", "t1"."r2b", "t1"."r3b", "t1"."b3b", "t1"."b1p", "t1"."r1p", "t1"."r2p", "t1"."b2p", "t1"."b3p", "t1"."r3p", "t1"."r4b", "t1"."b4b", "t1"."b5b", "t1"."r5b", "t1"."r4p", "t1"."b4p", "t1"."b5p", "t1"."r5p", "t1"."votes_blue", "t1"."votes_red" FROM "draft" AS "t1" WHERE ("t1"."id" = ?) LIMIT ? OFFSET ?', [2, 1, 0])
DEBUG:peewee:('SELECT "t1"."id", "t1"."created", "t1"."blue", "t1"."red", "t1"."current_move", "t1"."r1b", "t1"."b1b", "t1"."b2b", "t1"."r2b", "t1"."r3b", "t1"."b3b", "t1"."b1p", "t1"."r1p", "t1"."r2p", "t1"."b2p", "t1"."b3p", "t1"."r3p", "t1"."r4b", "t1"."b4b", "t1"."b5b", "t1"."r5b", "t1"."r4p", "t1"."b4p", "t1"."b5p", "t1"."r5p", "t1"."votes_blue", "t1"."votes_red" FROM "draft" AS "t1" WHERE ("t1"."id" = ?) LIMIT ? OFFSET ?', [2, 1, 0])
DEBUG:peewee:('UPDATE "draft" SET "created" = ?, "blue" = ?, "red" = ?, "current_move" = ?, "r1b" = ?, "b1b" = ?, "b2b" = ?, "r2b" = ?, "r3b" = ?, "b3b" = ?, "b1p" = ?, "r1p" = ?, "r2p" = ?, "b2p" = ?, "b3p" = ?, "r3p" = ?, "r4b" = ?, "b4b" = ?, "b5b" = ?, "r5b" = ?, "r4p" = ?, "b4p" = ?, "b5p" = ?, "r5p" = ?, "votes_blue" = ?, "votes_red" = ? WHERE ("draft"."id" = ?)', [datetime.datetime(2025, 10, 22, 14, 14, 28, 305091), '8c9a5848e5db4b5b8e767c2f116f2be9', '8c9a5848e5db4b5b8e767c2f116f2be9', 10, 0, 1, 2, 3, 4, 5, 6, 7, 8, 9, None, None, None, None, None, None, None, None, None, None, 1, 1, 2])
DEBUG:peewee:('SELECT "t1"."id", "t1"."created", "t1"."blue", "t1"."red", "t1"."current_move", "t1"."r1b", "t1"."b1b", "t1"."b2b", "t1"."r2b", "t1"."r3b", "t1"."b3b", "t1"."b1p", "t1"."r1p", "t1"."r2p", "t1"."b2p", "t1"."b3p", "t1"."r3p", "t1"."r4b", "t1"."b4b", "t1"."b5b", "t1"."r5b", "t1"."r4p", "t1"."b4p", "t1"."b5p", "t1"."r5p", "t1"."votes_blue", "t1"."votes_red" FROM "draft" AS "t1" WHERE ("t1"."id" = ?) LIMIT ? OFFSET ?', [2, 1, 0])
DEBUG:peewee:('SELECT "t1"."id", "t1"."created", "t1"."blue", "t1"."red", "t1"."current_move", "t1"."r1b", "t1"."b1b", "t1"."b2b", "t1"."r2b", "t1"."r3b", "t1"."b3b", "t1"."b1p", "t1"."r1p", "t1"."r2p", "t1"."b2p", "t1"."b3p", "t1"."r3p", "t1"."r4b", "t1"."b4b", "t1"."b5b", "t1"."r5b", "t1"."r4p", "t1"."b4p", "t1"."b5p", "t1"."r5p", "t1"."votes_blue", "t1"."votes_red" FROM "draft" AS "t1" WHERE ("t1"."id" = ?) LIMIT ? OFFSET ?', [2, 1, 0])
DEBUG:peewee:('UPDATE "draft" SET "created" = ?, "blue" = ?, "red" = ?, "current_move" = ?, "r1b" = ?, "b1b" = ?, "b2b" = ?, "r2b" = ?, "r3b" = ?, "b3b" = ?, "b1p" = ?, "r1p" = ?, "r2p" = ?, "b2p" = ?, "b3p" = ?, "r3p" = ?, "r4b" = ?, "b4b" = ?, "b5b" = ?, "r5b" = ?, "r4p" = ?, "b4p" = ?, "b5p" = ?, "r5p" = ?, "votes_blue" = ?, "votes_red" = ? WHERE ("draft"."id" = ?)', [datetime.datetime(2025, 10, 22, 14, 14, 28, 305091), '8c9a5848e5db4b5b8e767c2f116f2be9', '8c9a5848e5db4b5b8e767c2f116f2be9', 11, 0, 1, 2, 3, 4, 5, 6, 7, 8, 9, 10, None, None, None, None, None, None, None, None, None, 1, 1, 2])
DEBUG:peewee:('SELECT "t1"."id", "t1"."created", "t1"."blue", "t1"."red", "t1"."current_move", "t1"."r1b", "t1"."b1b", "t1"."b2b", "t1"."r2b", "t1"."r3b", "t1"."b3b", "t1"."b1p", "t1"."r1p", "t1"."r2p", "t1"."b2p", "t1"."b3p", "t1"."r3p", "t1"."r4b", "t1"."b4b", "t1"."b5b", "t1"."r5b", "t1"."r4p", "t1"."b4p", "t1"."b5p", "t1"."r5p", "t1"."votes_blue", "t1"."votes_red" FROM "draft" AS "t1" WHERE ("t1"."id" = ?) LIMIT ? OFFSET ?', [2, 1, 0])
DEBUG:peewee:('SELECT "t1"."id", "t1"."created", "t1"."blue", "t1"."red", "t1"."current_move", "t1"."r1b", "t1"."b1b", "t1"."b2b", "t1"."r2b", "t1"."r3b", "t1"."b3b", "t1"."b1p", "t1"."r1p", "t1"."r2p", "t1"."b2p", "t1"."b3p", "t1"."r3p", "t1"."r4b", "t1"."b4b", "t1"."b5b", "t1"."r5b", "t1"."r4p", "t1"."b4p", "t1"."b5p", "t1"."r5p", "t1"."votes_blue", "t1"."votes_red" FROM "draft" AS "t1" WHERE ("t1"."id" = ?) LIMIT ? OFFSET ?', [2, 1, 0])
DEBUG:peewee:('UPDATE "draft" SET "created" = ?, "blue" = ?, "red" = ?, "current_move" = ?, "r1b" = ?, "b1b" = ?, "b2b" = ?, "r2b" = ?, "r3b" = ?, "b3b" = ?, "b1p" = ?, "r1p" = ?, "r2p" = ?, "b2p" = ?, "b3p" = ?, "r3p" = ?, "r4b" = ?, "b4b" = ?, "b5b" = ?, "r5b" = ?, "r4p" = ?, "b4p" = ?, "b5p" = ?, "r5p" = ?, "votes_blue" = ?, "votes_red" = ? WHERE ("draft"."id" = ?)', [datetime.datetime(2025, 10, 22, 14, 14, 28, 305091), '8c9a5848e5db4b5b8e767c2f116f2be9', '8c9a5848e5db4b5b8e767c2f116f2be9', 12, 0, 1, 2, 3, 4, 5, 6, 7, 8, 9, 10, 11, None, None, None, None, None, None, None, None, 1, 1, 2])
DEBUG:peewee:('SELECT "t1"."id", "t1"."created", "t1"."blue", "t1"."red", "t1"."current_move", "t1"."r1b", "t1"."b1b", "t1"."b2b", "t1"."r2b", "t1"."r3b", "t1"."b3b", "t1"."b1p", "t1"."r1p", "t1"."r2p", "t1"."b2p", "t1"."b3p", "t1"."r3p", "t1"."r4b", "t1"."b4b", "t1"."b5b", "t1"."r5b", "t1"."r4p", "t1"."b4p", "t1"."b5p", "t1"."r5p", "t1"."votes_blue", "t1"."votes_red" FROM "draft" AS "t1" WHERE ("t1"."id" = ?) LIMIT ? OFFSET ?', [2, 1, 0])
DEBUG:peewee:('SELECT "t1"."id", "t1"."created", "t1"."blue", "t1"."red", "t1"."current_move", "t1"."r1b", "t1"."b1b", "t1"."b2b", "t1"."r2b", "t1"."r3b", "t1"."b3b", "t1"."b1p", "t1"."r1p", "t1"."r2p", "t1"."b2p", "t1"."b3p", "t1"."r3p", "t1"."r4b", "t1"."b4b", "t1"."b5b", "t1"."r5b", "t1"."r4p", "t1"."b4p", "t1"."b5p", "t1"."r5p", "t1"."votes_blue", "t1"."votes_red" FROM "draft" AS "t1" WHERE ("t1"."id" = ?) LIMIT ? OFFSET ?', [2, 1, 0])
DEBUG:peewee:('UPDATE "draft" SET "created" = ?, "blue" = ?, "red" = ?, "current_move" = ?, "r1b" = ?, "b1b" = ?, "b2b" = ?, "r2b" = ?, "r3b" = ?, "b3b" = ?, "b1p" = ?, "r1p" = ?, "r2p" = ?, "b2p" = ?, "b3p" = ?, "r3p" = ?, "r4b" = ?, "b4b" = ?, "b5b" = ?, "r5b" = ?, "r4p" = ?, "b4p" = ?, "b5p" = ?, "r5p" = ?, "votes_blue" = ?, "votes_red" = ? WHERE ("draft"."id" = ?)', [datetime.datetime(2025, 10, 22, 14, 14, 28, 305091), '8c9a5848e5db4b5b8e767c2f116f2be9', '8c9a5848e5db4b5b8e767c2f116f2be9', 13, 0, 1, 2, 3, 4, 5, 6, 7, 8, 9, 10, 11, 12, None, None, None, None, None, None, None, 1, 1, 2])
DEBUG:peewee:('SELECT "t1"."id", "t1"."created", "t1"."blue", "t1"."red", "t1"."current_move", "t1"."r1b", "t1"."b1b", "t1"."b2b", "t1"."r2b", "t1"."r3b", "t1"."b3b", "t1"."b1p", "t1"."r1p", "t1"."r2p", "t1"."b2p", "t1"."b3p", "t1"."r3p", "t1"."r4b", "t1"."b4b", "t1"."b5b", "t1"."r5b", "t1"."r4p", "t1"."b4p", "t1"."b5p", "t1"."r5p", "t1"."votes_blue", "t1"."votes_red" FROM "draft" AS "t1" WHERE ("t1"."id" = ?) LIMIT ? OFFSET ?', [2, 1, 0])
DEBUG:peewee:('SELECT "t1"."id", "t1"."created", "t1"."blue", "t1"."red", "t1"."current_move", "t1"."r1b", "t1"."b1b", "t1"."b2b", "t1"."r2b", "t1"."r3b", "t1"."b3b", "t1"."b1p", "t1"."r1p", "t1"."r2p", "t1"."b2p", "t1"."b3p", "t1"."r3p", "t1"."r4b", "t1"."b4b", "t1"."b5b", "t1"."r5b", "t1"."r4p", "t1"."b4p", "t1"."b5p", "t1"."r5p", "t1"."votes_blue", "t1"."votes_red" FROM "draft" AS "t1" WHERE ("t1"."id" = ?) LIMIT ? OFFSET ?', [2, 1, 0])
DEBUG:peewee:('UPDATE "draft" SET "created" = ?, "blue" = ?, "red" = ?, "current_move" = ?, "r1b" = ?, "b1b" = ?, "b2b" = ?, "r2b" = ?, "r3b" = ?, "b3b" = ?, "b1p" = ?, "r1p" = ?, "r2p" = ?, "b2p" = ?, "b3p" = ?, "r3p" = ?, "r4b" = ?, "b4b" = ?, "b5b" = ?, "r5b" = ?, "r4p" = ?, "b4p" = ?, "b5p" = ?, "r5p" = ?, "votes_blue" = ?, "votes_red" = ? WHERE ("draft"."id" = ?)', [datetime.datetime(2025, 10, 22, 14, 14, 28, 305091), '8c9a5848e5db4b5b8e767c2f116f2be9', '8c9a5848e5db4b5b8e767c2f116f2be9', 14, 0, 1, 2, 3, 4, 5, 6, 7, 8, 9, 10, 11, 12, 13, None, None, None, None, None, None, 1, 1, 2])
DEBUG:peewee:('SELECT "t1"."id", "t1"."created", "t1"."blue", "t1"."red", "t1"."current_move", "t1"."r1b", "t1"."b1b", "t1"."b2b", "t1"."r2b", "t1"."r3b", "t1"."b3b", "t1"."b1p", "t1"."r1p", "t1"."r2p", "t1"."b2p", "t1"."b3p", "t1"."r3p", "t1"."r4b", "t1"."b4b", "t1"."b5b", "t1"."r5b", "t1"."r4p", "t1"."b4p", "t1"."b5p", "t1"."r5p", "t1"."votes_blue", "t1"."votes_red" FROM "draft" AS "t1" WHERE ("t1"."id" = ?) LIMIT ? OFFSET ?', [2, 1, 0])
DEBUG:peewee:('SELECT "t1"."id", "t1"."created", "t1"."blue", "t1"."red", "t1"."current_move", "t1"."r1b", "t1"."b1b", "t1"."b2b", "t1"."r2b", "t1"."r3b", "t1"."b3b", "t1"."b1p", "t1"."r1p", "t1"."r2p", "t1"."b2p", "t1"."b3p", "t1"."r3p", "t1"."r4b", "t1"."b4b", "t1"."b5b", "t1"."r5b", "t1"."r4p", "t1"."b4p", "t1"."b5p", "t1"."r5p", "t1"."votes_blue", "t1"."votes_red" FROM "draft" AS "t1" WHERE ("t1"."id" = ?) LIMIT ? OFFSET ?', [2, 1, 0])
DEBUG:peewee:('UPDATE "draft" SET "created" = ?, "blue" = ?, "red" = ?, "current_move" = ?, "r1b" = ?, "b1b" = ?, "b2b" = ?, "r2b" = ?, "r3b" = ?, "b3b" = ?, "b1p" = ?, "r1p" = ?, "r2p" = ?, "b2p" = ?, "b3p" = ?, "r3p" = ?, "r4b" = ?, "b4b" = ?, "b5b" = ?, "r5b" = ?, "r4p" = ?, "b4p" = ?, "b5p" = ?, "r5p" = ?, "votes_blue" = ?, "votes_red" = ? WHERE ("draft"."id" = ?)', [datetime.datetime(2025, 10, 22, 14, 14, 28, 305091), '8c9a5848e5db4b5b8e767c2f116f2be9', '8c9a5848e5db4b5b8e767c2f116f2be9', 15, 0, 1, 2, 3, 4, 5, 6, 7, 8, 9, 10, 11, 12, 13, 14, None, None, None, None, None, 1, 1, 2])
DEBUG:peewee:('SELECT "t1"."id", "t1"."created", "t1"."blue", "t1"."red", "t1"."current_move", "t1"."r1b", "t1"."b1b", "t1"."b2b", "t1"."r2b", "t1"."r3b", "t1"."b3b", "t1"."b1p", "t1"."r1p", "t1"."r2p", "t1"."b2p", "t1"."b3p", "t1"."r3p", "t1"."r4b", "t1"."b4b", "t1"."b5b", "t1"."r5b", "t1"."r4p", "t1"."b4p", "t1"."b5p", "t1"."r5p", "t1"."votes_blue", "t1"."votes_red" FROM "draft" AS "t1" WHERE ("t1"."id" = ?) LIMIT ? OFFSET ?', [2, 1, 0])
DEBUG:peewee:('SELECT "t1"."id", "t1"."created", "t1"."blue", "t1"."red", "t1"."current_move", "t1"."r1b", "t1"."b1b", "t1"."b2b", "t1"."r2b", "t1"."r3b", "t1"."b3b", "t1"."b1p", "t1"."r1p", "t1"."r2p", "t1"."b2p", "t1"."b3p", "t1"."r3p", "t1"."r4b", "t1"."b4b", "t1"."b5b", "t1"."r5b", "t1"."r4p", "t1"."b4p", "t1"."b5p", "t1"."r5p", "t1"."votes_blue", "t1"."votes_red" FROM "draft" AS "t1" WHERE ("t1"."id" = ?) LIMIT ? OFFSET ?', [2, 1, 0])
DEBUG:peewee:('UPDATE "draft" SET "created" = ?, "blue" = ?, "red" = ?, "current_move" = ?, "r1b" = ?, "b1b" = ?, "b2b" = ?, "r2b" = ?, "r3b" = ?, "b3b" = ?, "b1p" = ?, "r1p" = ?, "r2p" = ?, "b2p" = ?, "b3p" = ?, "r3p" = ?, "r4b" = ?, "b4b" = ?, "b5b" = ?, "r5b" = ?, "r4p" = ?, "b4p" = ?, "b5p" = ?, "r5p" = ?, "votes_blue" = ?, "votes_red" = ? WHERE ("draft"."id" = ?)', [datetime.datetime(2025, 10, 22, 14, 14, 28, 305091), '8c9a5848e5db4b5b8e767c2f116f2be9', '8c9a5848e5db4b5b8e767c2f116f2be9', 16, 0, 1, 2, 3, 4, 5, 6, 7, 8, 9, 10, 11, 12, 13, 14, 15, None, None, None, None, 1, 1, 2])
DEBUG:peewee:('SELECT "t1"."id", "t1"."created", "t1"."blue", "t1"."red", "t1"."current_move", "t1"."r1b", "t1"."b1b", "t1"."b2b", "t1"."r2b", "t1"."r3b", "t1"."b3b", "t1"."b1p", "t1"."r1p", "t1"."r2p", "t1"."b2p", "t1"."b3p", "t1"."r3p", "t1"."r4b", "t1"."b4b", "t1"."b5b", "t1"."r5b", "t1"."r4p", "t1"."b4p", "t1"."b5p", "t1"."r5p", "t1"."votes_blue", "t1"."votes_red" FROM "draft" AS "t1" WHERE ("t1"."id" = ?) LIMIT ? OFFSET ?', [2, 1, 0])
DEBUG:peewee:('SELECT "t1"."id", "t1"."created", "t1"."blue", "t1"."red", "t1"."current_move", "t1"."r1b", "t1"."b1b", "t1"."b2b", "t1"."r2b", "t1"."r3b", "t1"."b3b", "t1"."b1p", "t1"."r1p", "t1"."r2p", "t1"."b2p", "t1"."b3p", "t1"."r3p", "t1"."r4b", "t1"."b4b", "t1"."b5b", "t1"."r5b", "t1"."r4p", "t1"."b4p", "t1"."b5p", "t1"."r5p", "t1"."votes_blue", "t1"."votes_red" FROM "draft" AS "t1" WHERE ("t1"."id" = ?) LIMIT ? OFFSET ?', [2, 1, 0])
DEBUG:peewee:('UPDATE "draft" SET "created" = ?, "blue" = ?, "red" = ?, "current_move" = ?, "r1b" = ?, "b1b" = ?, "b2b" = ?, "r2b" = ?, "r3b" = ?, "b3b" = ?, "b1p" = ?, "r1p" = ?, "r2p" = ?, "b2p" = ?, "b3p" = ?, "r3p" = ?, "r4b" = ?, "b4b" = ?, "b5b" = ?, "r5b" = ?, "r4p" = ?, "b4p" = ?, "b5p" = ?, "r5p" = ?, "votes_blue" = ?, "votes_red" = ? WHERE ("draft"."id" = ?)', [datetime.datetime(2025, 10, 22, 14, 14, 28, 305091), '8c9a5848e5db4b5b8e767c2f116f2be9', '8c9a5848e5db4b5b8e767c2f116f2be9', 17, 0, 1, 2, 3, 4, 5, 6, 7, 8, 9, 10, 11, 12, 13, 14, 15, 16, None, None, None, 1, 1, 2])
DEBUG:peewee:('SELECT "t1"."id", "t1"."created", "t1"."blue", "t1"."red", "t1"."current_move", "t1"."r1b", "t1"."b1b", "t1"."b2b", "t1"."r2b", "t1"."r3b", "t1"."b3b", "t1"."b1p", "t1"."r1p", "t1"."r2p", "t1"."b2p", "t1"."b3p", "t1"."r3p", "t1"."r4b", "t1"."b4b", "t1"."b5b", "t1"."r5b", "t1"."r4p", "t1"."b4p", "t1"."b5p", "t1"."r5p", "t1"."votes_blue", "t1"."votes_red" FROM "draft" AS "t1" WHERE ("t1"."id" = ?) LIMIT ? OFFSET ?', [2, 1, 0])
DEBUG:peewee:('SELECT "t1"."id", "t1"."created", "t1"."blue", "t1"."red", "t1"."current_move", "t1"."r1b", "t1"."b1b", "t1"."b2b", "t1"."r2b", "t1"."r3b", "t1"."b3b", "t1"."b1p", "t1"."r1p", "t1"."r2p", "t1"."b2p", "t1"."b3p", "t1"."r3p", "t1"."r4b", "t1"."b4b", "t1"."b5b", "t1"."r5b", "t1"."r4p", "t1"."b4p", "t1"."b5p", "t1"."r5p", "t1"."votes_blue", "t1"."votes_red" FROM "draft" AS "t1" WHERE ("t1"."id" = ?) LIMIT ? OFFSET ?', [2, 1, 0])
DEBUG:peewee:('UPDATE "draft" SET "created" = ?, "blue" = ?, "red" = ?, "current_move" = ?, "r1b" = ?, "b1b" = ?, "b2b" = ?, "r2b" = ?, "r3b" = ?, "b3b" = ?, "b1p" = ?, "r1p" = ?, "r2p" = ?, "b2p" = ?, "b3p" = ?, "r3p" = ?, "r4b" = ?, "b4b" = ?, "b5b" = ?, "r5b" = ?, "r4p" = ?, "b4p" = ?, "b5p" = ?, "r5p" = ?, "votes_blue" = ?, "votes_red" = ? WHERE ("draft"."id" = ?)', [datetime.datetime(2025, 10, 22, 14, 14, 28, 305091), '8c9a5848e5db4b5b8e767c2f116f2be9', '8c9a5848e5db4b5b8e767c2f116f2be9', 18, 0, 1, 2, 3, 4, 5, 6, 7, 8, 9, 10, 11, 12, 13, 14, 15, 16, 17, None, None, 1, 1, 2])
DEBUG:peewee:('SELECT "t1"."id", "t1"."created", "t1"."blue", "t1"."red", "t1"."current_move", "t1"."r1b", "t1"."b1b", "t1"."b2b", "t1"."r2b", "t1"."r3b", "t1"."b3b", "t1"."b1p", "t1"."r1p", "t1"."r2p", "t1"."b2p", "t1"."b3p", "t1"."r3p", "t1"."r4b", "t1"."b4b", "t1"."b5b", "t1"."r5b", "t1"."r4p", "t1"."b4p", "t1"."b5p", "t1"."r5p", "t1"."votes_blue", "t1"."votes_red" FROM "draft" AS "t1" WHERE ("t1"."id" = ?) LIMIT ? OFFSET ?', [2, 1, 0])
DEBUG:peewee:('SELECT "t1"."id", "t1"."created", "t1"."blue", "t1"."red", "t1"."current_move", "t1"."r1b", "t1"."b1b", "t1"."b2b", "t1"."r2b", "t1"."r3b", "t1"."b3b", "t1"."b1p", "t1"."r1p", "t1"."r2p", "t1"."b2p", "t1"."b3p", "t1"."r3p", "t1"."r4b", "t1"."b4b", "t1"."b5b", "t1"."r5b", "t1"."r4p", "t1"."b4p", "t1"."b5p", "t1"."r5p", "t1"."votes_blue", "t1"."votes_red" FROM "draft" AS "t1" WHERE ("t1"."id" = ?) LIMIT ? OFFSET ?', [2, 1, 0])
DEBUG:peewee:('UPDATE "draft" SET "created" = ?, "blue" = ?, "red" = ?, "current_move" = ?, "r1b" = ?, "b1b" = ?, "b2b" = ?, "r2b" = ?, "r3b" = ?, "b3b" = ?, "b1p" = ?, "r1p" = ?, "r2p" = ?, "b2p" = ?, "b3p" = ?, "r3p" = ?, "r4b" = ?, "b4b" = ?, "b5b" = ?, "r5b" = ?, "r4p" = ?, "b4p" = ?, "b5p" = ?, "r5p" = ?, "votes_blue" = ?, "votes_red" = ? WHERE ("draft"."id" = ?)', [datetime.datetime(2025, 10, 22, 14, 14, 28, 305091), '8c9a5848e5db4b5b8e767c2f116f2be9', '8c9a5848e5db4b5b8e767c2f116f2be9', 19, 0, 1, 2, 3, 4, 5, 6, 7, 8, 9, 10, 11, 12, 13, 14, 15, 16, 17, 18, None, 1, 1, 2])
DEBUG:peewee:('SELECT "t1"."id", "t1"."created", "t1"."blue", "t1"."red", "t1"."current_move", "t1"."r1b", "t1"."b1b", "t1"."b2b", "t1"."r2b", "t1"."r3b", "t1"."b3b", "t1"."b1p", "t1"."r1p", "t1"."r2p", "t1"."b2p", "t1"."b3p", "t1"."r3p", "t1"."r4b", "t1"."b4b", "t1"."b5b", "t1"."r5b", "t1"."r4p", "t1"."b4p", "t1"."b5p", "t1"."r5p", "t1"."votes_blue", "t1"."votes_red" FROM "draft" AS "t1" WHERE ("t1"."id" = ?) LIMIT ? OFFSET ?', [2, 1, 0])
DEBUG:peewee:('SELECT "t1"."id", "t1"."created", "t1"."blue", "t1"."red", "t1"."current_move", "t1"."r1b", "t1"."b1b", "t1"."b2b", "t1"."r2b", "t1"."r3b", "t1"."b3b", "t1"."b1p", "t1"."r1p", "t1"."r2p", "t1"."b2p", "t1"."b3p", "t1"."r3p", "t1"."r4b", "t1"."b4b", "t1"."b5b", "t1"."r5b", "t1"."r4p", "t1"."b4p", "t1"."b5p", "t1"."r5p", "t1"."votes_blue", "t1"."votes_red" FROM "draft" AS "t1" WHERE ("t1"."id" = ?) LIMIT ? OFFSET ?', [2, 1, 0])
DEBUG:peewee:('UPDATE "draft" SET "created" = ?, "blue" = ?, "red" = ?, "current_move" = ?, "r1b" = ?, "b1b" = ?, "b2b" = ?, "r2b" = ?, "r3b" = ?, "b3b" = ?, "b1p" = ?, "r1p" = ?, "r2p" = ?, "b2p" = ?, "b3p" = ?, "r3p" = ?, "r4b" = ?, "b4b" = ?, "b5b" = ?, "r5b" = ?, "r4p" = ?, "b4p" = ?, "b5p" = ?, "r5p" = ?, "votes_blue" = ?, "votes_red" = ? WHERE ("draft"."id" = ?)', [datetime.datetime(2025, 10, 22, 14, 14, 28, 305091), '8c9a5848e5db4b5b8e767c2f116f2be9', '8c9a5848e5db4b5b8e767c2f116f2be9', 20, 0, 1, 2, 3, 4, 5, 6, 7, 8, 9, 10, 11, 12, 13, 14, 15, 16, 17, 18, 19, 1, 1, 2])
DEBUG:peewee:('SELECT "t1"."id", "t1"."created", "t1"."blue", "t1"."red", "t1"."current_move", "t1"."r1b", "t1"."b1b", "t1"."b2b", "t1"."r2b", "t1"."r3b", "t1"."b3b", "t1"."b1p", "t1"."r1p", "t1"."r2p", "t1"."b2p", "t1"."b3p", "t1"."r3p", "t1"."r4b", "t1"."b4b", "t1"."b5b", "t1"."r5b", "t1"."r4p", "t1"."b4p", "t1"."b5p", "t1"."r5p", "t1"."votes_blue", "t1"."votes_red" FROM "draft" AS "t1" WHERE ("t1"."id" = ?) LIMIT ? OFFSET ?', [2, 1, 0])
DEBUG:peewee:('SELECT "t1"."id", "t1"."created", "t1"."blue", "t1"."red", "t1"."current_move", "t1"."r1b", "t1"."b1b", "t1"."b2b", "t1"."r2b", "t1"."r3b", "t1"."b3b", "t1"."b1p", "t1"."r1p", "t1"."r2p", "t1"."b2p", "t1"."b3p", "t1"."r3p", "t1"."r4b", "t1"."b4b", "t1"."b5b", "t1"."r5b", "t1"."r4p", "t1"."b4p", "t1"."b5p", "t1"."r5p", "t1"."votes_blue", "t1"."votes_red" FROM "draft" AS "t1" WHERE ("t1"."id" = ?) LIMIT ? OFFSET ?', [2, 1, 0])
DEBUG:peewee:('SELECT "t1"."id", "t1"."created", "t1"."blue", "t1"."red", "t1"."current_move", "t1"."r1b", "t1"."b1b", "t1"."b2b", "t1"."r2b", "t1"."r3b", "t1"."b3b", "t1"."b1p", "t1"."r1p", "t1"."r2p", "t1"."b2p", "t1"."b3p", "t1"."r3p", "t1"."r4b", "t1"."b4b", "t1"."b5b", "t1"."r5b", "t1"."r4p", "t1"."b4p", "t1"."b5p", "t1"."r5p", "t1"."votes_blue", "t1"."votes_red" FROM "draft" AS "t1"', [])
DEBUG:peewee:('INSERT INTO "draft" ("created", "blue", "red", "current_move", "votes_blue", "votes_red") VALUES (?, ?, ?, ?, ?, ?)', [datetime.datetime(2025, 10, 22, 14, 14, 51, 128607), '8c9a5848e5db4b5b8e767c2f116f2be9', '8c9a5848e5db4b5b8e767c2f116f2be9', 0, 1, 1])
DEBUG:peewee:('SELECT "t1"."id", "t1"."created", "t1"."blue", "t1"."red", "t1"."current_move", "t1"."r1b", "t1"."b1b", "t1"."b2b", "t1"."r2b", "t1"."r3b", "t1"."b3b", "t1"."b1p", "t1"."r1p", "t1"."r2p", "t1"."b2p", "t1"."b3p", "t1"."r3p", "t1"."r4b", "t1"."b4b", "t1"."b5b", "t1"."r5b", "t1"."r4p", "t1"."b4p", "t1"."b5p", "t1"."r5p", "t1"."votes_blue", "t1"."votes_red" FROM "draft" AS "t1" WHERE ("t1"."id" = ?) LIMIT ? OFFSET ?', [3, 1, 0])
DEBUG:peewee:('SELECT "t1"."id", "t1"."created", "t1"."blue", "t1"."red", "t1"."current_move", "t1"."r1b", "t1"."b1b", "t1"."b2b", "t1"."r2b", "t1"."r3b", "t1"."b3b", "t1"."b1p", "t1"."r1p", "t1"."r2p", "t1"."b2p", "t1"."b3p", "t1"."r3p", "t1"."r4b", "t1"."b4b", "t1"."b5b", "t1"."r5b", "t1"."r4p", "t1"."b4p", "t1"."b5p", "t1"."r5p", "t1"."votes_blue", "t1"."votes_red" FROM "draft" AS "t1" WHERE ("t1"."id" = ?) LIMIT ? OFFSET ?', [3, 1, 0])
DEBUG:peewee:('UPDATE "draft" SET "created" = ?, "blue" = ?, "red" = ?, "current_move" = ?, "r1b" = ?, "b1b" = ?, "b2b" = ?, "r2b" = ?, "r3b" = ?, "b3b" = ?, "b1p" = ?, "r1p" = ?, "r2p" = ?, "b2p" = ?, "b3p" = ?, "r3p" = ?, "r4b" = ?, "b4b" = ?, "b5b" = ?, "r5b" = ?, "r4p" = ?, "b4p" = ?, "b5p" = ?, "r5p" = ?, "votes_blue" = ?, "votes_red" = ? WHERE ("draft"."id" = ?)', [datetime.datetime(2025, 10, 22, 14, 14, 51, 128607), '8c9a5848e5db4b5b8e767c2f116f2be9', '8c9a5848e5db4b5b8e767c2f116f2be9', 1, 0, None, None, None, None, None, None, None, None, None, None, None, None, None, None, None, None, None, None, None, 1, 1, 3])
DEBUG:peewee:('SELECT "t1"."id", "t1"."created", "t1"."blue", "t1"."red", "t1"."current_move", "t1"."r1b", "t1"."b1b", "t1"."b2b", "t1"."r2b", "t1"."r3b", "t1"."b3b", "t1"."b1p", "t1"."r1p", "t1"."r2p", "t1"."b2p", "t1"."b3p", "t1"."r3p", "t1"."r4b", "t1"."b4b", "t1"."b5b", "t1"."r5b", "t1"."r4p", "t1"."b4p", "t1"."b5p", "t1"."r5p", "t1"."votes_blue", "t1"."votes_red" FROM "draft" AS "t1" WHERE ("t1"."id" = ?) LIMIT ? OFFSET ?', [3, 1, 0])
DEBUG:peewee:('SELECT "t1"."id", "t1"."created", "t1"."blue", "t1"."red", "t1"."current_move", "t1"."r1b", "t1"."b1b", "t1"."b2b", "t1"."r2b", "t1"."r3b", "t1"."b3b", "t1"."b1p", "t1"."r1p", "t1"."r2p", "t1"."b2p", "t1"."b3p", "t1"."r3p", "t1"."r4b", "t1"."b4b", "t1"."b5b", "t1"."r5b", "t1"."r4p", "t1"."b4p", "t1"."b5p", "t1"."r5p", "t1"."votes_blue", "t1"."votes_red" FROM "draft" AS "t1" WHERE ("t1"."id" = ?) LIMIT ? OFFSET ?', [3, 1, 0])
DEBUG:peewee:('UPDATE "draft" SET "created" = ?, "blue" = ?, "red" = ?, "current_move" = ?, "r1b" = ?, "b1b" = ?, "b2b" = ?, "r2b" = ?, "r3b" = ?, "b3b" = ?, "b1p" = ?, "r1p" = ?, "r2p" = ?, "b2p" = ?, "b3p" = ?, "r3p" = ?, "r4b" = ?, "b4b" = ?, "b5b" = ?, "r5b" = ?, "r4p" = ?, "b4p" = ?, "b5p" = ?, "r5p" = ?, "votes_blue" = ?, "votes_red" = ? WHERE ("draft"."id" = ?)', [datetime.datetime(2025, 10, 22, 14, 14, 51, 128607), '8c9a5848e5db4b5b8e767c2f116f2be9', '8c9a5848e5db4b5b8e767c2f116f2be9', 2, 0, 1, None, None, None, None, None, None, None, None, None, None, None, None, None, None, None, None, None, None, 1, 1, 3])
DEBUG:peewee:('SELECT "t1"."id", "t1"."created", "t1"."blue", "t1"."red", "t1"."current_move", "t1"."r1b", "t1"."b1b", "t1"."b2b", "t1"."r2b", "t1"."r3b", "t1"."b3b", "t1"."b1p", "t1"."r1p", "t1"."r2p", "t1"."b2p", "t1"."b3p", "t1"."r3p", "t1"."r4b", "t1"."b4b", "t1"."b5b", "t1"."r5b", "t1"."r4p", "t1"."b4p", "t1"."b5p", "t1"."r5p", "t1"."votes_blue", "t1"."votes_red" FROM "draft" AS "t1" WHERE ("t1"."id" = ?) LIMIT ? OFFSET ?', [3, 1, 0])
DEBUG:peewee:('SELECT "t1"."id", "t1"."created", "t1"."blue", "t1"."red", "t1"."current_move", "t1"."r1b", "t1"."b1b", "t1"."b2b", "t1"."r2b", "t1"."r3b", "t1"."b3b", "t1"."b1p", "t1"."r1p", "t1"."r2p", "t1"."b2p", "t1"."b3p", "t1"."r3p", "t1"."r4b", "t1"."b4b", "t1"."b5b", "t1"."r5b", "t1"."r4p", "t1"."b4p", "t1"."b5p", "t1"."r5p", "t1"."votes_blue", "t1"."votes_red" FROM "draft" AS "t1" WHERE ("t1"."id" = ?) LIMIT ? OFFSET ?', [3, 1, 0])
DEBUG:peewee:('UPDATE "draft" SET "created" = ?, "blue" = ?, "red" = ?, "current_move" = ?, "r1b" = ?, "b1b" = ?, "b2b" = ?, "r2b" = ?, "r3b" = ?, "b3b" = ?, "b1p" = ?, "r1p" = ?, "r2p" = ?, "b2p" = ?, "b3p" = ?, "r3p" = ?, "r4b" = ?, "b4b" = ?, "b5b" = ?, "r5b" = ?, "r4p" = ?, "b4p" = ?, "b5p" = ?, "r5p" = ?, "votes_blue" = ?, "votes_red" = ? WHERE ("draft"."id" = ?)', [datetime.datetime(2025, 10, 22, 14, 14, 51, 128607), '8c9a5848e5db4b5b8e767c2f116f2be9', '8c9a5848e5db4b5b8e767c2f116f2be9', 3, 0, 1, 2, None, None, None, None, None, None, None, None, None, None, None, None, None, None, None, None, None, 1, 1, 3])
DEBUG:peewee:('SELECT "t1"."id", "t1"."created", "t1"."blue", "t1"."red", "t1"."current_move", "t1"."r1b", "t1"."b1b", "t1"."b2b", "t1"."r2b", "t1"."r3b", "t1"."b3b", "t1"."b1p", "t1"."r1p", "t1"."r2p", "t1"."b2p", "t1"."b3p", "t1"."r3p", "t1"."r4b", "t1"."b4b", "t1"."b5b", "t1"."r5b", "t1"."r4p", "t1"."b4p", "t1"."b5p", "t1"."r5p", "t1"."votes_blue", "t1"."votes_red" FROM "draft" AS "t1" WHERE ("t1"."id" = ?) LIMIT ? OFFSET ?', [3, 1, 0])
DEBUG:peewee:('SELECT "t1"."id", "t1"."created", "t1"."blue", "t1"."red", "t1"."current_move", "t1"."r1b", "t1"."b1b", "t1"."b2b", "t1"."r2b", "t1"."r3b", "t1"."b3b", "t1"."b1p", "t1"."r1p", "t1"."r2p", "t1"."b2p", "t1"."b3p", "t1"."r3p", "t1"."r4b", "t1"."b4b", "t1"."b5b", "t1"."r5b", "t1"."r4p", "t1"."b4p", "t1"."b5p", "t1"."r5p", "t1"."votes_blue", "t1"."votes_red" FROM "draft" AS "t1" WHERE ("t1"."id" = ?) LIMIT ? OFFSET ?', [3, 1, 0])
DEBUG:peewee:('UPDATE "draft" SET "created" = ?, "blue" = ?, "red" = ?, "current_move" = ?, "r1b" = ?, "b1b" = ?, "b2b" = ?, "r2b" = ?, "r3b" = ?, "b3b" = ?, "b1p" = ?, "r1p" = ?, "r2p" = ?, "b2p" = ?, "b3p" = ?, "r3p" = ?, "r4b" = ?, "b4b" = ?, "b5b" = ?, "r5b" = ?, "r4p" = ?, "b4p" = ?, "b5p" = ?, "r5p" = ?, "votes_blue" = ?, "votes_red" = ? WHERE ("draft"."id" = ?)', [datetime.datetime(2025, 10, 22, 14, 14, 51, 128607), '8c9a5848e5db4b5b8e767c2f116f2be9', '8c9a5848e5db4b5b8e767c2f116f2be9', 4, 0, 1, 2, 3, None, None, None, None, None, None, None, None, None, None, None, None, None, None, None, None, 1, 1, 3])
DEBUG:peewee:('SELECT "t1"."id", "t1"."created", "t1"."blue", "t1"."red", "t1"."current_move", "t1"."r1b", "t1"."b1b", "t1"."b2b", "t1"."r2b", "t1"."r3b", "t1"."b3b", "t1"."b1p", "t1"."r1p", "t1"."r2p", "t1"."b2p", "t1"."b3p", "t1"."r3p", "t1"."r4b", "t1"."b4b", "t1"."b5b", "t1"."r5b", "t1"."r4p", "t1"."b4p", "t1"."b5p", "t1"."r5p", "t1"."votes_blue", "t1"."votes_red" FROM "draft" AS "t1" WHERE ("t1"."id" = ?) LIMIT ? OFFSET ?', [3, 1, 0])
DEBUG:peewee:('SELECT "t1"."id", "t1"."created", "t1"."blue", "t1"."red", "t1"."current_move", "t1"."r1b", "t1"."b1b", "t1"."b2b", "t1"."r2b", "t1"."r3b", "t1"."b3b", "t1"."b1p", "t1"."r1p", "t1"."r2p", "t1"."b2p", "t1"."b3p", "t1"."r3p", "t1"."r4b", "t1"."b4b", "t1"."b5b", "t1"."r5b", "t1"."r4p", "t1"."b4p", "t1"."b5p", "t1"."r5p", "t1"."votes_blue", "t1"."votes_red" FROM "draft" AS "t1" WHERE ("t1"."id" = ?) LIMIT ? OFFSET ?', [3, 1, 0])
DEBUG:peewee:('UPDATE "draft" SET "created" = ?, "blue" = ?, "red" = ?, "current_move" = ?, "r1b" = ?, "b1b" = ?, "b2b" = ?, "r2b" = ?, "r3b" = ?, "b3b" = ?, "b1p" = ?, "r1p" = ?, "r2p" = ?, "b2p" = ?, "b3p" = ?, "r3p" = ?, "r4b" = ?, "b4b" = ?, "b5b" = ?, "r5b" = ?, "r4p" = ?, "b4p" = ?, "b5p" = ?, "r5p" = ?, "votes_blue" = ?, "votes_red" = ? WHERE ("draft"."id" = ?)', [datetime.datetime(2025, 10, 22, 14, 14, 51, 128607), '8c9a5848e5db4b5b8e767c2f116f2be9', '8c9a5848e5db4b5b8e767c2f116f2be9', 5, 0, 1, 2, 3, 4, None, None, None, None, None, None, None, None, None, None, None, None, None, None, None, 1, 1, 3])
DEBUG:peewee:('SELECT "t1"."id", "t1"."created", "t1"."blue", "t1"."red", "t1"."current_move", "t1"."r1b", "t1"."b1b", "t1"."b2b", "t1"."r2b", "t1"."r3b", "t1"."b3b", "t1"."b1p", "t1"."r1p", "t1"."r2p", "t1"."b2p", "t1"."b3p", "t1"."r3p", "t1"."r4b", "t1"."b4b", "t1"."b5b", "t1"."r5b", "t1"."r4p", "t1"."b4p", "t1"."b5p", "t1"."r5p", "t1"."votes_blue", "t1"."votes_red" FROM "draft" AS "t1" WHERE ("t1"."id" = ?) LIMIT ? OFFSET ?', [3, 1, 0])
DEBUG:peewee:('SELECT "t1"."id", "t1"."created", "t1"."blue", "t1"."red", "t1"."current_move", "t1"."r1b", "t1"."b1b", "t1"."b2b", "t1"."r2b", "t1"."r3b", "t1"."b3b", "t1"."b1p", "t1"."r1p", "t1"."r2p", "t1"."b2p", "t1"."b3p", "t1"."r3p", "t1"."r4b", "t1"."b4b", "t1"."b5b", "t1"."r5b", "t1"."r4p", "t1"."b4p", "t1"."b5p", "t1"."r5p", "t1"."votes_blue", "t1"."votes_red" FROM "draft" AS "t1" WHERE ("t1"."id" = ?) LIMIT ? OFFSET ?', [3, 1, 0])
DEBUG:peewee:('UPDATE "draft" SET "created" = ?, "blue" = ?, "red" = ?, "current_move" = ?, "r1b" = ?, "b1b" = ?, "b2b" = ?, "r2b" = ?, "r3b" = ?, "b3b" = ?, "b1p" = ?, "r1p" = ?, "r2p" = ?, "b2p" = ?, "b3p" = ?, "r3p" = ?, "r4b" = ?, "b4b" = ?, "b5b" = ?, "r5b" = ?, "r4p" = ?, "b4p" = ?, "b5p" = ?, "r5p" = ?, "votes_blue" = ?, "votes_red" = ? WHERE ("draft"."id" = ?)', [datetime.datetime(2025, 10, 22, 14, 14, 51, 128607), '8c9a5848e5db4b5b8e767c2f116f2be9', '8c9a5848e5db4b5b8e767c2f116f2be9', 6, 0, 1, 2, 3, 4, 5, None, None, None, None, None, None, None, None, None, None, None, None, None, None, 1, 1, 3])
DEBUG:peewee:('SELECT "t1"."id", "t1"."created", "t1"."blue", "t1"."red", "t1"."current_move", "t1"."r1b", "t1"."b1b", "t1"."b2b", "t1"."r2b", "t1"."r3b", "t1"."b3b", "t1"."b1p", "t1"."r1p", "t1"."r2p", "t1"."b2p", "t1"."b3p", "t1"."r3p", "t1"."r4b", "t1"."b4b", "t1"."b5b", "t1"."r5b", "t1"."r4p", "t1"."b4p", "t1"."b5p", "t1"."r5p", "t1"."votes_blue", "t1"."votes_red" FROM "draft" AS "t1" WHERE ("t1"."id" = ?) LIMIT ? OFFSET ?', [3, 1, 0])
DEBUG:peewee:('SELECT "t1"."id", "t1"."created", "t1"."blue", "t1"."red", "t1"."current_move", "t1"."r1b", "t1"."b1b", "t1"."b2b", "t1"."r2b", "t1"."r3b", "t1"."b3b", "t1"."b1p", "t1"."r1p", "t1"."r2p", "t1"."b2p", "t1"."b3p", "t1"."r3p", "t1"."r4b", "t1"."b4b", "t1"."b5b", "t1"."r5b", "t1"."r4p", "t1"."b4p", "t1"."b5p", "t1"."r5p", "t1"."votes_blue", "t1"."votes_red" FROM "draft" AS "t1" WHERE ("t1"."id" = ?) LIMIT ? OFFSET ?', [3, 1, 0])
DEBUG:peewee:('UPDATE "draft" SET "created" = ?, "blue" = ?, "red" = ?, "current_move" = ?, "r1b" = ?, "b1b" = ?, "b2b" = ?, "r2b" = ?, "r3b" = ?, "b3b" = ?, "b1p" = ?, "r1p" = ?, "r2p" = ?, "b2p" = ?, "b3p" = ?, "r3p" = ?, "r4b" = ?, "b4b" = ?, "b5b" = ?, "r5b" = ?, "r4p" = ?, "b4p" = ?, "b5p" = ?, "r5p" = ?, "votes_blue" = ?, "votes_red" = ? WHERE ("draft"."id" = ?)', [datetime.datetime(2025, 10, 22, 14, 14, 51, 128607), '8c9a5848e5db4b5b8e767c2f116f2be9', '8c9a5848e5db4b5b8e767c2f116f2be9', 7, 0, 1, 2, 3, 4, 5, 114, None, None, None, None, None, None, None, None, None, None, None, None, None, 1, 1, 3])
DEBUG:peewee:('SELECT "t1"."id", "t1"."created", "t1"."blue", "t1"."red", "t1"."current_move", "t1"."r1b", "t1"."b1b", "t1"."b2b", "t1"."r2b", "t1"."r3b", "t1"."b3b", "t1"."b1p", "t1"."r1p", "t1"."r2p", "t1"."b2p", "t1"."b3p", "t1"."r3p", "t1"."r4b", "t1"."b4b", "t1"."b5b", "t1"."r5b", "t1"."r4p", "t1"."b4p", "t1"."b5p", "t1"."r5p", "t1"."votes_blue", "t1"."votes_red" FROM "draft" AS "t1" WHERE ("t1"."id" = ?) LIMIT ? OFFSET ?', [3, 1, 0])
DEBUG:peewee:('SELECT "t1"."id", "t1"."created", "t1"."blue", "t1"."red", "t1"."current_move", "t1"."r1b", "t1"."b1b", "t1"."b2b", "t1"."r2b", "t1"."r3b", "t1"."b3b", "t1"."b1p", "t1"."r1p", "t1"."r2p", "t1"."b2p", "t1"."b3p", "t1"."r3p", "t1"."r4b", "t1"."b4b", "t1"."b5b", "t1"."r5b", "t1"."r4p", "t1"."b4p", "t1"."b5p", "t1"."r5p", "t1"."votes_blue", "t1"."votes_red" FROM "draft" AS "t1" WHERE ("t1"."id" = ?) LIMIT ? OFFSET ?', [3, 1, 0])
DEBUG:peewee:('UPDATE "draft" SET "created" = ?, "blue" = ?, "red" = ?, "current_move" = ?, "r1b" = ?, "b1b" = ?, "b2b" = ?, "r2b" = ?, "r3b" = ?, "b3b" = ?, "b1p" = ?, "r1p" = ?, "r2p" = ?, "b2p" = ?, "b3p" = ?, "r3p" = ?, "r4b" = ?, "b4b" = ?, "b5b" = ?, "r5b" = ?, "r4p" = ?, "b4p" = ?, "b5p" = ?, "r5p" = ?, "votes_blue" = ?, "votes_red" = ? WHERE ("draft"."id" = ?)', [datetime.datetime(2025, 10, 22, 14, 14, 51, 128607), '8c9a5848e5db4b5b8e767c2f116f2be9', '8c9a5848e5db4b5b8e767c2f116f2be9', 8, 0, 1, 2, 3, 4, 5, 114, 53, None, None, None, None, None, None, None, None, None, None, None, None, 1, 1, 3])
DEBUG:peewee:('SELECT "t1"."id", "t1"."created", "t1"."blue", "t1"."red", "t1"."current_move", "t1"."r1b", "t1"."b1b", "t1"."b2b", "t1"."r2b", "t1"."r3b", "t1"."b3b", "t1"."b1p", "t1"."r1p", "t1"."r2p", "t1"."b2p", "t1"."b3p", "t1"."r3p", "t1"."r4b", "t1"."b4b", "t1"."b5b", "t1"."r5b", "t1"."r4p", "t1"."b4p", "t1"."b5p", "t1"."r5p", "t1"."votes_blue", "t1"."votes_red" FROM "draft" AS "t1" WHERE ("t1"."id" = ?) LIMIT ? OFFSET ?', [3, 1, 0])
DEBUG:peewee:('SELECT "t1"."id", "t1"."created", "t1"."blue", "t1"."red", "t1"."current_move", "t1"."r1b", "t1"."b1b", "t1"."b2b", "t1"."r2b", "t1"."r3b", "t1"."b3b", "t1"."b1p", "t1"."r1p", "t1"."r2p", "t1"."b2p", "t1"."b3p", "t1"."r3p", "t1"."r4b", "t1"."b4b", "t1"."b5b", "t1"."r5b", "t1"."r4p", "t1"."b4p", "t1"."b5p", "t1"."r5p", "t1"."votes_blue", "t1"."votes_red" FROM "draft" AS "t1"', [])
DEBUG:peewee:('INSERT INTO "draft" ("created", "blue", "red", "current_move", "votes_blue", "votes_red") VALUES (?, ?, ?, ?, ?, ?)', [datetime.datetime(2025, 10, 22, 14, 15, 37, 661897), '8c9a5848e5db4b5b8e767c2f116f2be9', '8c9a5848e5db4b5b8e767c2f116f2be9', 0, 1, 1])
DEBUG:peewee:('SELECT "t1"."id", "t1"."created", "t1"."blue", "t1"."red", "t1"."current_move", "t1"."r1b", "t1"."b1b", "t1"."b2b", "t1"."r2b", "t1"."r3b", "t1"."b3b", "t1"."b1p", "t1"."r1p", "t1"."r2p", "t1"."b2p", "t1"."b3p", "t1"."r3p", "t1"."r4b", "t1"."b4b", "t1"."b5b", "t1"."r5b", "t1"."r4p", "t1"."b4p", "t1"."b5p", "t1"."r5p", "t1"."votes_blue", "t1"."votes_red" FROM "draft" AS "t1" WHERE ("t1"."id" = ?) LIMIT ? OFFSET ?', [4, 1, 0])
DEBUG:peewee:('SELECT "t1"."id", "t1"."created", "t1"."blue", "t1"."red", "t1"."current_move", "t1"."r1b", "t1"."b1b", "t1"."b2b", "t1"."r2b", "t1"."r3b", "t1"."b3b", "t1"."b1p", "t1"."r1p", "t1"."r2p", "t1"."b2p", "t1"."b3p", "t1"."r3p", "t1"."r4b", "t1"."b4b", "t1"."b5b", "t1"."r5b", "t1"."r4p", "t1"."b4p", "t1"."b5p", "t1"."r5p", "t1"."votes_blue", "t1"."votes_red" FROM "draft" AS "t1" WHERE ("t1"."id" = ?) LIMIT ? OFFSET ?', [4, 1, 0])
DEBUG:peewee:('UPDATE "draft" SET "created" = ?, "blue" = ?, "red" = ?, "current_move" = ?, "r1b" = ?, "b1b" = ?, "b2b" = ?, "r2b" = ?, "r3b" = ?, "b3b" = ?, "b1p" = ?, "r1p" = ?, "r2p" = ?, "b2p" = ?, "b3p" = ?, "r3p" = ?, "r4b" = ?, "b4b" = ?, "b5b" = ?, "r5b" = ?, "r4p" = ?, "b4p" = ?, "b5p" = ?, "r5p" = ?, "votes_blue" = ?, "votes_red" = ? WHERE ("draft"."id" = ?)', [datetime.datetime(2025, 10, 22, 14, 15, 37, 661897), '8c9a5848e5db4b5b8e767c2f116f2be9', '8c9a5848e5db4b5b8e767c2f116f2be9', 1, 0, None, None, None, None, None, None, None, None, None, None, None, None, None, None, None, None, None, None, None, 1, 1, 4])
DEBUG:peewee:('SELECT "t1"."id", "t1"."created", "t1"."blue", "t1"."red", "t1"."current_move", "t1"."r1b", "t1"."b1b", "t1"."b2b", "t1"."r2b", "t1"."r3b", "t1"."b3b", "t1"."b1p", "t1"."r1p", "t1"."r2p", "t1"."b2p", "t1"."b3p", "t1"."r3p", "t1"."r4b", "t1"."b4b", "t1"."b5b", "t1"."r5b", "t1"."r4p", "t1"."b4p", "t1"."b5p", "t1"."r5p", "t1"."votes_blue", "t1"."votes_red" FROM "draft" AS "t1" WHERE ("t1"."id" = ?) LIMIT ? OFFSET ?', [4, 1, 0])
DEBUG:peewee:('SELECT "t1"."id", "t1"."created", "t1"."blue", "t1"."red", "t1"."current_move", "t1"."r1b", "t1"."b1b", "t1"."b2b", "t1"."r2b", "t1"."r3b", "t1"."b3b", "t1"."b1p", "t1"."r1p", "t1"."r2p", "t1"."b2p", "t1"."b3p", "t1"."r3p", "t1"."r4b", "t1"."b4b", "t1"."b5b", "t1"."r5b", "t1"."r4p", "t1"."b4p", "t1"."b5p", "t1"."r5p", "t1"."votes_blue", "t1"."votes_red" FROM "draft" AS "t1" WHERE ("t1"."id" = ?) LIMIT ? OFFSET ?', [4, 1, 0])
DEBUG:peewee:('UPDATE "draft" SET "created" = ?, "blue" = ?, "red" = ?, "current_move" = ?, "r1b" = ?, "b1b" = ?, "b2b" = ?, "r2b" = ?, "r3b" = ?, "b3b" = ?, "b1p" = ?, "r1p" = ?, "r2p" = ?, "b2p" = ?, "b3p" = ?, "r3p" = ?, "r4b" = ?, "b4b" = ?, "b5b" = ?, "r5b" = ?, "r4p" = ?, "b4p" = ?, "b5p" = ?, "r5p" = ?, "votes_blue" = ?, "votes_red" = ? WHERE ("draft"."id" = ?)', [datetime.datetime(2025, 10, 22, 14, 15, 37, 661897), '8c9a5848e5db4b5b8e767c2f116f2be9', '8c9a5848e5db4b5b8e767c2f116f2be9', 2, 0, 1, None, None, None, None, None, None, None, None, None, None, None, None, None, None, None, None, None, None, 1, 1, 4])
DEBUG:peewee:('SELECT "t1"."id", "t1"."created", "t1"."blue", "t1"."red", "t1"."current_move", "t1"."r1b", "t1"."b1b", "t1"."b2b", "t1"."r2b", "t1"."r3b", "t1"."b3b", "t1"."b1p", "t1"."r1p", "t1"."r2p", "t1"."b2p", "t1"."b3p", "t1"."r3p", "t1"."r4b", "t1"."b4b", "t1"."b5b", "t1"."r5b", "t1"."r4p", "t1"."b4p", "t1"."b5p", "t1"."r5p", "t1"."votes_blue", "t1"."votes_red" FROM "draft" AS "t1" WHERE ("t1"."id" = ?) LIMIT ? OFFSET ?', [4, 1, 0])
DEBUG:peewee:('SELECT "t1"."id", "t1"."created", "t1"."blue", "t1"."red", "t1"."current_move", "t1"."r1b", "t1"."b1b", "t1"."b2b", "t1"."r2b", "t1"."r3b", "t1"."b3b", "t1"."b1p", "t1"."r1p", "t1"."r2p", "t1"."b2p", "t1"."b3p", "t1"."r3p", "t1"."r4b", "t1"."b4b", "t1"."b5b", "t1"."r5b", "t1"."r4p", "t1"."b4p", "t1"."b5p", "t1"."r5p", "t1"."votes_blue", "t1"."votes_red" FROM "draft" AS "t1" WHERE ("t1"."id" = ?) LIMIT ? OFFSET ?', [4, 1, 0])
DEBUG:peewee:('UPDATE "draft" SET "created" = ?, "blue" = ?, "red" = ?, "current_move" = ?, "r1b" = ?, "b1b" = ?, "b2b" = ?, "r2b" = ?, "r3b" = ?, "b3b" = ?, "b1p" = ?, "r1p" = ?, "r2p" = ?, "b2p" = ?, "b3p" = ?, "r3p" = ?, "r4b" = ?, "b4b" = ?, "b5b" = ?, "r5b" = ?, "r4p" = ?, "b4p" = ?, "b5p" = ?, "r5p" = ?, "votes_blue" = ?, "votes_red" = ? WHERE ("draft"."id" = ?)', [datetime.datetime(2025, 10, 22, 14, 15, 37, 661897), '8c9a5848e5db4b5b8e767c2f116f2be9', '8c9a5848e5db4b5b8e767c2f116f2be9', 3, 0, 1, 2, None, None, None, None, None, None, None, None, None, None, None, None, None, None, None, None, None, 1, 1, 4])
DEBUG:peewee:('SELECT "t1"."id", "t1"."created", "t1"."blue", "t1"."red", "t1"."current_move", "t1"."r1b", "t1"."b1b", "t1"."b2b", "t1"."r2b", "t1"."r3b", "t1"."b3b", "t1"."b1p", "t1"."r1p", "t1"."r2p", "t1"."b2p", "t1"."b3p", "t1"."r3p", "t1"."r4b", "t1"."b4b", "t1"."b5b", "t1"."r5b", "t1"."r4p", "t1"."b4p", "t1"."b5p", "t1"."r5p", "t1"."votes_blue", "t1"."votes_red" FROM "draft" AS "t1" WHERE ("t1"."id" = ?) LIMIT ? OFFSET ?', [4, 1, 0])
DEBUG:peewee:('SELECT "t1"."id", "t1"."created", "t1"."blue", "t1"."red", "t1"."current_move", "t1"."r1b", "t1"."b1b", "t1"."b2b", "t1"."r2b", "t1"."r3b", "t1"."b3b", "t1"."b1p", "t1"."r1p", "t1"."r2p", "t1"."b2p", "t1"."b3p", "t1"."r3p", "t1"."r4b", "t1"."b4b", "t1"."b5b", "t1"."r5b", "t1"."r4p", "t1"."b4p", "t1"."b5p", "t1"."r5p", "t1"."votes_blue", "t1"."votes_red" FROM "draft" AS "t1" WHERE ("t1"."id" = ?) LIMIT ? OFFSET ?', [4, 1, 0])
DEBUG:peewee:('UPDATE "draft" SET "created" = ?, "blue" = ?, "red" = ?, "current_move" = ?, "r1b" = ?, "b1b" = ?, "b2b" = ?, "r2b" = ?, "r3b" = ?, "b3b" = ?, "b1p" = ?, "r1p" = ?, "r2p" = ?, "b2p" = ?, "b3p" = ?, "r3p" = ?, "r4b" = ?, "b4b" = ?, "b5b" = ?, "r5b" = ?, "r4p" = ?, "b4p" = ?, "b5p" = ?, "r5p" = ?, "votes_blue" = ?, "votes_red" = ? WHERE ("draft"."id" = ?)', [datetime.datetime(2025, 10, 22, 14, 15, 37, 661897), '8c9a5848e5db4b5b8e767c2f116f2be9', '8c9a5848e5db4b5b8e767c2f116f2be9', 4, 0, 1, 2, 3, None, None, None, None, None, None, None, None, None, None, None, None, None, None, None, None, 1, 1, 4])
DEBUG:peewee:('SELECT "t1"."id", "t1"."created", "t1"."blue", "t1"."red", "t1"."current_move", "t1"."r1b", "t1"."b1b", "t1"."b2b", "t1"."r2b", "t1"."r3b", "t1"."b3b", "t1"."b1p", "t1"."r1p", "t1"."r2p", "t1"."b2p", "t1"."b3p", "t1"."r3p", "t1"."r4b", "t1"."b4b", "t1"."b5b", "t1"."r5b", "t1"."r4p", "t1"."b4p", "t1"."b5p", "t1"."r5p", "t1"."votes_blue", "t1"."votes_red" FROM "draft" AS "t1" WHERE ("t1"."id" = ?) LIMIT ? OFFSET ?', [4, 1, 0])
DEBUG:peewee:('SELECT "t1"."id", "t1"."created", "t1"."blue", "t1"."red", "t1"."current_move", "t1"."r1b", "t1"."b1b", "t1"."b2b", "t1"."r2b", "t1"."r3b", "t1"."b3b", "t1"."b1p", "t1"."r1p", "t1"."r2p", "t1"."b2p", "t1"."b3p", "t1"."r3p", "t1"."r4b", "t1"."b4b", "t1"."b5b", "t1"."r5b", "t1"."r4p", "t1"."b4p", "t1"."b5p", "t1"."r5p", "t1"."votes_blue", "t1"."votes_red" FROM "draft" AS "t1" WHERE ("t1"."id" = ?) LIMIT ? OFFSET ?', [4, 1, 0])
DEBUG:peewee:('UPDATE "draft" SET "created" = ?, "blue" = ?, "red" = ?, "current_move" = ?, "r1b" = ?, "b1b" = ?, "b2b" = ?, "r2b" = ?, "r3b" = ?, "b3b" = ?, "b1p" = ?, "r1p" = ?, "r2p" = ?, "b2p" = ?, "b3p" = ?, "r3p" = ?, "r4b" = ?, "b4b" = ?, "b5b" = ?, "r5b" = ?, "r4p" = ?, "b4p" = ?, "b5p" = ?, "r5p" = ?, "votes_blue" = ?, "votes_red" = ? WHERE ("draft"."id" = ?)', [datetime.datetime(2025, 10, 22, 14, 15, 37, 661897), '8c9a5848e5db4b5b8e767c2f116f2be9', '8c9a5848e5db4b5b8e767c2f116f2be9', 5, 0, 1, 2, 3, 4, None, None, None, None, None, None, None, None, None, None, None, None, None, None, None, 1, 1, 4])
DEBUG:peewee:('SELECT "t1"."id", "t1"."created", "t1"."blue", "t1"."red", "t1"."current_move", "t1"."r1b", "t1"."b1b", "t1"."b2b", "t1"."r2b", "t1"."r3b", "t1"."b3b", "t1"."b1p", "t1"."r1p", "t1"."r2p", "t1"."b2p", "t1"."b3p", "t1"."r3p", "t1"."r4b", "t1"."b4b", "t1"."b5b", "t1"."r5b", "t1"."r4p", "t1"."b4p", "t1"."b5p", "t1"."r5p", "t1"."votes_blue", "t1"."votes_red" FROM "draft" AS "t1" WHERE ("t1"."id" = ?) LIMIT ? OFFSET ?', [4, 1, 0])
DEBUG:peewee:('SELECT "t1"."id", "t1"."created", "t1"."blue", "t1"."red", "t1"."current_move", "t1"."r1b", "t1"."b1b", "t1"."b2b", "t1"."r2b", "t1"."r3b", "t1"."b3b", "t1"."b1p", "t1"."r1p", "t1"."r2p", "t1"."b2p", "t1"."b3p", "t1"."r3p", "t1"."r4b", "t1"."b4b", "t1"."b5b", "t1"."r5b", "t1"."r4p", "t1"."b4p", "t1"."b5p", "t1"."r5p", "t1"."votes_blue", "t1"."votes_red" FROM "draft" AS "t1" WHERE ("t1"."id" = ?) LIMIT ? OFFSET ?', [4, 1, 0])
DEBUG:peewee:('UPDATE "draft" SET "created" = ?, "blue" = ?, "red" = ?, "current_move" = ?, "r1b" = ?, "b1b" = ?, "b2b" = ?, "r2b" = ?, "r3b" = ?, "b3b" = ?, "b1p" = ?, "r1p" = ?, "r2p" = ?, "b2p" = ?, "b3p" = ?, "r3p" = ?, "r4b" = ?, "b4b" = ?, "b5b" = ?, "r5b" = ?, "r4p" = ?, "b4p" = ?, "b5p" = ?, "r5p" = ?, "votes_blue" = ?, "votes_red" = ? WHERE ("draft"."id" = ?)', [datetime.datetime(2025, 10, 22, 14, 15, 37, 661897), '8c9a5848e5db4b5b8e767c2f116f2be9', '8c9a5848e5db4b5b8e767c2f116f2be9', 6, 0, 1, 2, 3, 4, 5, None, None, None, None, None, None, None, None, None, None, None, None, None, None, 1, 1, 4])
DEBUG:peewee:('SELECT "t1"."id", "t1"."created", "t1"."blue", "t1"."red", "t1"."current_move", "t1"."r1b", "t1"."b1b", "t1"."b2b", "t1"."r2b", "t1"."r3b", "t1"."b3b", "t1"."b1p", "t1"."r1p", "t1"."r2p", "t1"."b2p", "t1"."b3p", "t1"."r3p", "t1"."r4b", "t1"."b4b", "t1"."b5b", "t1"."r5b", "t1"."r4p", "t1"."b4p", "t1"."b5p", "t1"."r5p", "t1"."votes_blue", "t1"."votes_red" FROM "draft" AS "t1" WHERE ("t1"."id" = ?) LIMIT ? OFFSET ?', [4, 1, 0])
DEBUG:peewee:('SELECT "t1"."id", "t1"."created", "t1"."blue", "t1"."red", "t1"."current_move", "t1"."r1b", "t1"."b1b", "t1"."b2b", "t1"."r2b", "t1"."r3b", "t1"."b3b", "t1"."b1p", "t1"."r1p", "t1"."r2p", "t1"."b2p", "t1"."b3p", "t1"."r3p", "t1"."r4b", "t1"."b4b", "t1"."b5b", "t1"."r5b", "t1"."r4p", "t1"."b4p", "t1"."b5p", "t1"."r5p", "t1"."votes_blue", "t1"."votes_red" FROM "draft" AS "t1" WHERE ("t1"."id" = ?) LIMIT ? OFFSET ?', [4, 1, 0])
DEBUG:peewee:('UPDATE "draft" SET "created" = ?, "blue" = ?, "red" = ?, "current_move" = ?, "r1b" = ?, "b1b" = ?, "b2b" = ?, "r2b" = ?, "r3b" = ?, "b3b" = ?, "b1p" = ?, "r1p" = ?, "r2p" = ?, "b2p" = ?, "b3p" = ?, "r3p" = ?, "r4b" = ?, "b4b" = ?, "b5b" = ?, "r5b" = ?, "r4p" = ?, "b4p" = ?, "b5p" = ?, "r5p" = ?, "votes_blue" = ?, "votes_red" = ? WHERE ("draft"."id" = ?)', [datetime.datetime(2025, 10, 22, 14, 15, 37, 661897), '8c9a5848e5db4b5b8e767c2f116f2be9', '8c9a5848e5db4b5b8e767c2f116f2be9', 7, 0, 1, 2, 3, 4, 5, 114, None, None, None, None, None, None, None, None, None, None, None, None, None, 1, 1, 4])
DEBUG:peewee:('SELECT "t1"."id", "t1"."created", "t1"."blue", "t1"."red", "t1"."current_move", "t1"."r1b", "t1"."b1b", "t1"."b2b", "t1"."r2b", "t1"."r3b", "t1"."b3b", "t1"."b1p", "t1"."r1p", "t1"."r2p", "t1"."b2p", "t1"."b3p", "t1"."r3p", "t1"."r4b", "t1"."b4b", "t1"."b5b", "t1"."r5b", "t1"."r4p", "t1"."b4p", "t1"."b5p", "t1"."r5p", "t1"."votes_blue", "t1"."votes_red" FROM "draft" AS "t1" WHERE ("t1"."id" = ?) LIMIT ? OFFSET ?', [4, 1, 0])
DEBUG:peewee:('SELECT "t1"."id", "t1"."created", "t1"."blue", "t1"."red", "t1"."current_move", "t1"."r1b", "t1"."b1b", "t1"."b2b", "t1"."r2b", "t1"."r3b", "t1"."b3b", "t1"."b1p", "t1"."r1p", "t1"."r2p", "t1"."b2p", "t1"."b3p", "t1"."r3p", "t1"."r4b", "t1"."b4b", "t1"."b5b", "t1"."r5b", "t1"."r4p", "t1"."b4p", "t1"."b5p", "t1"."r5p", "t1"."votes_blue", "t1"."votes_red" FROM "draft" AS "t1" WHERE ("t1"."id" = ?) LIMIT ? OFFSET ?', [4, 1, 0])
DEBUG:peewee:('UPDATE "draft" SET "created" = ?, "blue" = ?, "red" = ?, "current_move" = ?, "r1b" = ?, "b1b" = ?, "b2b" = ?, "r2b" = ?, "r3b" = ?, "b3b" = ?, "b1p" = ?, "r1p" = ?, "r2p" = ?, "b2p" = ?, "b3p" = ?, "r3p" = ?, "r4b" = ?, "b4b" = ?, "b5b" = ?, "r5b" = ?, "r4p" = ?, "b4p" = ?, "b5p" = ?, "r5p" = ?, "votes_blue" = ?, "votes_red" = ? WHERE ("draft"."id" = ?)', [datetime.datetime(2025, 10, 22, 14, 15, 37, 661897), '8c9a5848e5db4b5b8e767c2f116f2be9', '8c9a5848e5db4b5b8e767c2f116f2be9', 8, 0, 1, 2, 3, 4, 5, 114, 96, None, None, None, None, None, None, None, None, None, None, None, None, 1, 1, 4])
DEBUG:peewee:('SELECT "t1"."id", "t1"."created", "t1"."blue", "t1"."red", "t1"."current_move", "t1"."r1b", "t1"."b1b", "t1"."b2b", "t1"."r2b", "t1"."r3b", "t1"."b3b", "t1"."b1p", "t1"."r1p", "t1"."r2p", "t1"."b2p", "t1"."b3p", "t1"."r3p", "t1"."r4b", "t1"."b4b", "t1"."b5b", "t1"."r5b", "t1"."r4p", "t1"."b4p", "t1"."b5p", "t1"."r5p", "t1"."votes_blue", "t1"."votes_red" FROM "draft" AS "t1" WHERE ("t1"."id" = ?) LIMIT ? OFFSET ?', [4, 1, 0])
DEBUG:peewee:('SELECT "t1"."id", "t1"."created", "t1"."blue", "t1"."red", "t1"."current_move", "t1"."r1b", "t1"."b1b", "t1"."b2b", "t1"."r2b", "t1"."r3b", "t1"."b3b", "t1"."b1p", "t1"."r1p", "t1"."r2p", "t1"."b2p", "t1"."b3p", "t1"."r3p", "t1"."r4b", "t1"."b4b", "t1"."b5b", "t1"."r5b", "t1"."r4p", "t1"."b4p", "t1"."b5p", "t1"."r5p", "t1"."votes_blue", "t1"."votes_red" FROM "draft" AS "t1" WHERE ("t1"."id" = ?) LIMIT ? OFFSET ?', [4, 1, 0])
DEBUG:peewee:('UPDATE "draft" SET "created" = ?, "blue" = ?, "red" = ?, "current_move" = ?, "r1b" = ?, "b1b" = ?, "b2b" = ?, "r2b" = ?, "r3b" = ?, "b3b" = ?, "b1p" = ?, "r1p" = ?, "r2p" = ?, "b2p" = ?, "b3p" = ?, "r3p" = ?, "r4b" = ?, "b4b" = ?, "b5b" = ?, "r5b" = ?, "r4p" = ?, "b4p" = ?, "b5p" = ?, "r5p" = ?, "votes_blue" = ?, "votes_red" = ? WHERE ("draft"."id" = ?)', [datetime.datetime(2025, 10, 22, 14, 15, 37, 661897), '8c9a5848e5db4b5b8e767c2f116f2be9', '8c9a5848e5db4b5b8e767c2f116f2be9', 9, 0, 1, 2, 3, 4, 5, 114, 96, 27, None, None, None, None, None, None, None, None, None, None, None, 1, 1, 4])
DEBUG:peewee:('SELECT "t1"."id", "t1"."created", "t1"."blue", "t1"."red", "t1"."current_move", "t1"."r1b", "t1"."b1b", "t1"."b2b", "t1"."r2b", "t1"."r3b", "t1"."b3b", "t1"."b1p", "t1"."r1p", "t1"."r2p", "t1"."b2p", "t1"."b3p", "t1"."r3p", "t1"."r4b", "t1"."b4b", "t1"."b5b", "t1"."r5b", "t1"."r4p", "t1"."b4p", "t1"."b5p", "t1"."r5p", "t1"."votes_blue", "t1"."votes_red" FROM "draft" AS "t1" WHERE ("t1"."id" = ?) LIMIT ? OFFSET ?', [4, 1, 0])
DEBUG:peewee:('SELECT "t1"."id", "t1"."created", "t1"."blue", "t1"."red", "t1"."current_move", "t1"."r1b", "t1"."b1b", "t1"."b2b", "t1"."r2b", "t1"."r3b", "t1"."b3b", "t1"."b1p", "t1"."r1p", "t1"."r2p", "t1"."b2p", "t1"."b3p", "t1"."r3p", "t1"."r4b", "t1"."b4b", "t1"."b5b", "t1"."r5b", "t1"."r4p", "t1"."b4p", "t1"."b5p", "t1"."r5p", "t1"."votes_blue", "t1"."votes_red" FROM "draft" AS "t1" WHERE ("t1"."id" = ?) LIMIT ? OFFSET ?', [4, 1, 0])
DEBUG:peewee:('UPDATE "draft" SET "created" = ?, "blue" = ?, "red" = ?, "current_move" = ?, "r1b" = ?, "b1b" = ?, "b2b" = ?, "r2b" = ?, "r3b" = ?, "b3b" = ?, "b1p" = ?, "r1p" = ?, "r2p" = ?, "b2p" = ?, "b3p" = ?, "r3p" = ?, "r4b" = ?, "b4b" = ?, "b5b" = ?, "r5b" = ?, "r4p" = ?, "b4p" = ?, "b5p" = ?, "r5p" = ?, "votes_blue" = ?, "votes_red" = ? WHERE ("draft"."id" = ?)', [datetime.datetime(2025, 10, 22, 14, 15, 37, 661897), '8c9a5848e5db4b5b8e767c2f116f2be9', '8c9a5848e5db4b5b8e767c2f116f2be9', 10, 0, 1, 2, 3, 4, 5, 114, 96, 27, 108, None, None, None, None, None, None, None, None, None, None, 1, 1, 4])
DEBUG:peewee:('SELECT "t1"."id", "t1"."created", "t1"."blue", "t1"."red", "t1"."current_move", "t1"."r1b", "t1"."b1b", "t1"."b2b", "t1"."r2b", "t1"."r3b", "t1"."b3b", "t1"."b1p", "t1"."r1p", "t1"."r2p", "t1"."b2p", "t1"."b3p", "t1"."r3p", "t1"."r4b", "t1"."b4b", "t1"."b5b", "t1"."r5b", "t1"."r4p", "t1"."b4p", "t1"."b5p", "t1"."r5p", "t1"."votes_blue", "t1"."votes_red" FROM "draft" AS "t1" WHERE ("t1"."id" = ?) LIMIT ? OFFSET ?', [4, 1, 0])
DEBUG:peewee:('SELECT "t1"."id", "t1"."created", "t1"."blue", "t1"."red", "t1"."current_move", "t1"."r1b", "t1"."b1b", "t1"."b2b", "t1"."r2b", "t1"."r3b", "t1"."b3b", "t1"."b1p", "t1"."r1p", "t1"."r2p", "t1"."b2p", "t1"."b3p", "t1"."r3p", "t1"."r4b", "t1"."b4b", "t1"."b5b", "t1"."r5b", "t1"."r4p", "t1"."b4p", "t1"."b5p", "t1"."r5p", "t1"."votes_blue", "t1"."votes_red" FROM "draft" AS "t1" WHERE ("t1"."id" = ?) LIMIT ? OFFSET ?', [4, 1, 0])
DEBUG:peewee:('UPDATE "draft" SET "created" = ?, "blue" = ?, "red" = ?, "current_move" = ?, "r1b" = ?, "b1b" = ?, "b2b" = ?, "r2b" = ?, "r3b" = ?, "b3b" = ?, "b1p" = ?, "r1p" = ?, "r2p" = ?, "b2p" = ?, "b3p" = ?, "r3p" = ?, "r4b" = ?, "b4b" = ?, "b5b" = ?, "r5b" = ?, "r4p" = ?, "b4p" = ?, "b5p" = ?, "r5p" = ?, "votes_blue" = ?, "votes_red" = ? WHERE ("draft"."id" = ?)', [datetime.datetime(2025, 10, 22, 14, 15, 37, 661897), '8c9a5848e5db4b5b8e767c2f116f2be9', '8c9a5848e5db4b5b8e767c2f116f2be9', 11, 0, 1, 2, 3, 4, 5, 114, 96, 27, 108, 13, None, None, None, None, None, None, None, None, None, 1, 1, 4])
DEBUG:peewee:('SELECT "t1"."id", "t1"."created", "t1"."blue", "t1"."red", "t1"."current_move", "t1"."r1b", "t1"."b1b", "t1"."b2b", "t1"."r2b", "t1"."r3b", "t1"."b3b", "t1"."b1p", "t1"."r1p", "t1"."r2p", "t1"."b2p", "t1"."b3p", "t1"."r3p", "t1"."r4b", "t1"."b4b", "t1"."b5b", "t1"."r5b", "t1"."r4p", "t1"."b4p", "t1"."b5p", "t1"."r5p", "t1"."votes_blue", "t1"."votes_red" FROM "draft" AS "t1" WHERE ("t1"."id" = ?) LIMIT ? OFFSET ?', [4, 1, 0])
DEBUG:peewee:('SELECT "t1"."id", "t1"."created", "t1"."blue", "t1"."red", "t1"."current_move", "t1"."r1b", "t1"."b1b", "t1"."b2b", "t1"."r2b", "t1"."r3b", "t1"."b3b", "t1"."b1p", "t1"."r1p", "t1"."r2p", "t1"."b2p", "t1"."b3p", "t1"."r3p", "t1"."r4b", "t1"."b4b", "t1"."b5b", "t1"."r5b", "t1"."r4p", "t1"."b4p", "t1"."b5p", "t1"."r5p", "t1"."votes_blue", "t1"."votes_red" FROM "draft" AS "t1" WHERE ("t1"."id" = ?) LIMIT ? OFFSET ?', [4, 1, 0])
DEBUG:peewee:('UPDATE "draft" SET "created" = ?, "blue" = ?, "red" = ?, "current_move" = ?, "r1b" = ?, "b1b" = ?, "b2b" = ?, "r2b" = ?, "r3b" = ?, "b3b" = ?, "b1p" = ?, "r1p" = ?, "r2p" = ?, "b2p" = ?, "b3p" = ?, "r3p" = ?, "r4b" = ?, "b4b" = ?, "b5b" = ?, "r5b" = ?, "r4p" = ?, "b4p" = ?, "b5p" = ?, "r5p" = ?, "votes_blue" = ?, "votes_red" = ? WHERE ("draft"."id" = ?)', [datetime.datetime(2025, 10, 22, 14, 15, 37, 661897), '8c9a5848e5db4b5b8e767c2f116f2be9', '8c9a5848e5db4b5b8e767c2f116f2be9', 12, 0, 1, 2, 3, 4, 5, 114, 96, 27, 108, 13, 51, None, None, None, None, None, None, None, None, 1, 1, 4])
DEBUG:peewee:('SELECT "t1"."id", "t1"."created", "t1"."blue", "t1"."red", "t1"."current_move", "t1"."r1b", "t1"."b1b", "t1"."b2b", "t1"."r2b", "t1"."r3b", "t1"."b3b", "t1"."b1p", "t1"."r1p", "t1"."r2p", "t1"."b2p", "t1"."b3p", "t1"."r3p", "t1"."r4b", "t1"."b4b", "t1"."b5b", "t1"."r5b", "t1"."r4p", "t1"."b4p", "t1"."b5p", "t1"."r5p", "t1"."votes_blue", "t1"."votes_red" FROM "draft" AS "t1" WHERE ("t1"."id" = ?) LIMIT ? OFFSET ?', [4, 1, 0])
DEBUG:peewee:('SELECT "t1"."id", "t1"."created", "t1"."blue", "t1"."red", "t1"."current_move", "t1"."r1b", "t1"."b1b", "t1"."b2b", "t1"."r2b", "t1"."r3b", "t1"."b3b", "t1"."b1p", "t1"."r1p", "t1"."r2p", "t1"."b2p", "t1"."b3p", "t1"."r3p", "t1"."r4b", "t1"."b4b", "t1"."b5b", "t1"."r5b", "t1"."r4p", "t1"."b4p", "t1"."b5p", "t1"."r5p", "t1"."votes_blue", "t1"."votes_red" FROM "draft" AS "t1" WHERE ("t1"."id" = ?) LIMIT ? OFFSET ?', [4, 1, 0])
DEBUG:peewee:('UPDATE "draft" SET "created" = ?, "blue" = ?, "red" = ?, "current_move" = ?, "r1b" = ?, "b1b" = ?, "b2b" = ?, "r2b" = ?, "r3b" = ?, "b3b" = ?, "b1p" = ?, "r1p" = ?, "r2p" = ?, "b2p" = ?, "b3p" = ?, "r3p" = ?, "r4b" = ?, "b4b" = ?, "b5b" = ?, "r5b" = ?, "r4p" = ?, "b4p" = ?, "b5p" = ?, "r5p" = ?, "votes_blue" = ?, "votes_red" = ? WHERE ("draft"."id" = ?)', [datetime.datetime(2025, 10, 22, 14, 15, 37, 661897), '8c9a5848e5db4b5b8e767c2f116f2be9', '8c9a5848e5db4b5b8e767c2f116f2be9', 13, 0, 1, 2, 3, 4, 5, 114, 96, 27, 108, 13, 51, 6, None, None, None, None, None, None, None, 1, 1, 4])
DEBUG:peewee:('SELECT "t1"."id", "t1"."created", "t1"."blue", "t1"."red", "t1"."current_move", "t1"."r1b", "t1"."b1b", "t1"."b2b", "t1"."r2b", "t1"."r3b", "t1"."b3b", "t1"."b1p", "t1"."r1p", "t1"."r2p", "t1"."b2p", "t1"."b3p", "t1"."r3p", "t1"."r4b", "t1"."b4b", "t1"."b5b", "t1"."r5b", "t1"."r4p", "t1"."b4p", "t1"."b5p", "t1"."r5p", "t1"."votes_blue", "t1"."votes_red" FROM "draft" AS "t1" WHERE ("t1"."id" = ?) LIMIT ? OFFSET ?', [4, 1, 0])
DEBUG:peewee:('SELECT "t1"."id", "t1"."created", "t1"."blue", "t1"."red", "t1"."current_move", "t1"."r1b", "t1"."b1b", "t1"."b2b", "t1"."r2b", "t1"."r3b", "t1"."b3b", "t1"."b1p", "t1"."r1p", "t1"."r2p", "t1"."b2p", "t1"."b3p", "t1"."r3p", "t1"."r4b", "t1"."b4b", "t1"."b5b", "t1"."r5b", "t1"."r4p", "t1"."b4p", "t1"."b5p", "t1"."r5p", "t1"."votes_blue", "t1"."votes_red" FROM "draft" AS "t1" WHERE ("t1"."id" = ?) LIMIT ? OFFSET ?', [4, 1, 0])
DEBUG:peewee:('UPDATE "draft" SET "created" = ?, "blue" = ?, "red" = ?, "current_move" = ?, "r1b" = ?, "b1b" = ?, "b2b" = ?, "r2b" = ?, "r3b" = ?, "b3b" = ?, "b1p" = ?, "r1p" = ?, "r2p" = ?, "b2p" = ?, "b3p" = ?, "r3p" = ?, "r4b" = ?, "b4b" = ?, "b5b" = ?, "r5b" = ?, "r4p" = ?, "b4p" = ?, "b5p" = ?, "r5p" = ?, "votes_blue" = ?, "votes_red" = ? WHERE ("draft"."id" = ?)', [datetime.datetime(2025, 10, 22, 14, 15, 37, 661897), '8c9a5848e5db4b5b8e767c2f116f2be9', '8c9a5848e5db4b5b8e767c2f116f2be9', 14, 0, 1, 2, 3, 4, 5, 114, 96, 27, 108, 13, 51, 6, 7, None, None, None, None, None, None, 1, 1, 4])
DEBUG:peewee:('SELECT "t1"."id", "t1"."created", "t1"."blue", "t1"."red", "t1"."current_move", "t1"."r1b", "t1"."b1b", "t1"."b2b", "t1"."r2b", "t1"."r3b", "t1"."b3b", "t1"."b1p", "t1"."r1p", "t1"."r2p", "t1"."b2p", "t1"."b3p", "t1"."r3p", "t1"."r4b", "t1"."b4b", "t1"."b5b", "t1"."r5b", "t1"."r4p", "t1"."b4p", "t1"."b5p", "t1"."r5p", "t1"."votes_blue", "t1"."votes_red" FROM "draft" AS "t1" WHERE ("t1"."id" = ?) LIMIT ? OFFSET ?', [4, 1, 0])
DEBUG:peewee:('SELECT "t1"."id", "t1"."created", "t1"."blue", "t1"."red", "t1"."current_move", "t1"."r1b", "t1"."b1b", "t1"."b2b", "t1"."r2b", "t1"."r3b", "t1"."b3b", "t1"."b1p", "t1"."r1p", "t1"."r2p", "t1"."b2p", "t1"."b3p", "t1"."r3p", "t1"."r4b", "t1"."b4b", "t1"."b5b", "t1"."r5b", "t1"."r4p", "t1"."b4p", "t1"."b5p", "t1"."r5p", "t1"."votes_blue", "t1"."votes_red" FROM "draft" AS "t1" WHERE ("t1"."id" = ?) LIMIT ? OFFSET ?', [4, 1, 0])
DEBUG:peewee:('UPDATE "draft" SET "created" = ?, "blue" = ?, "red" = ?, "current_move" = ?, "r1b" = ?, "b1b" = ?, "b2b" = ?, "r2b" = ?, "r3b" = ?, "b3b" = ?, "b1p" = ?, "r1p" = ?, "r2p" = ?, "b2p" = ?, "b3p" = ?, "r3p" = ?, "r4b" = ?, "b4b" = ?, "b5b" = ?, "r5b" = ?, "r4p" = ?, "b4p" = ?, "b5p" = ?, "r5p" = ?, "votes_blue" = ?, "votes_red" = ? WHERE ("draft"."id" = ?)', [datetime.datetime(2025, 10, 22, 14, 15, 37, 661897), '8c9a5848e5db4b5b8e767c2f116f2be9', '8c9a5848e5db4b5b8e767c2f116f2be9', 15, 0, 1, 2, 3, 4, 5, 114, 96, 27, 108, 13, 51, 6, 7, 8, None, None, None, None, None, 1, 1, 4])
DEBUG:peewee:('SELECT "t1"."id", "t1"."created", "t1"."blue", "t1"."red", "t1"."current_move", "t1"."r1b", "t1"."b1b", "t1"."b2b", "t1"."r2b", "t1"."r3b", "t1"."b3b", "t1"."b1p", "t1"."r1p", "t1"."r2p", "t1"."b2p", "t1"."b3p", "t1"."r3p", "t1"."r4b", "t1"."b4b", "t1"."b5b", "t1"."r5b", "t1"."r4p", "t1"."b4p", "t1"."b5p", "t1"."r5p", "t1"."votes_blue", "t1"."votes_red" FROM "draft" AS "t1" WHERE ("t1"."id" = ?) LIMIT ? OFFSET ?', [4, 1, 0])
DEBUG:peewee:('SELECT "t1"."id", "t1"."created", "t1"."blue", "t1"."red", "t1"."current_move", "t1"."r1b", "t1"."b1b", "t1"."b2b", "t1"."r2b", "t1"."r3b", "t1"."b3b", "t1"."b1p", "t1"."r1p", "t1"."r2p", "t1"."b2p", "t1"."b3p", "t1"."r3p", "t1"."r4b", "t1"."b4b", "t1"."b5b", "t1"."r5b", "t1"."r4p", "t1"."b4p", "t1"."b5p", "t1"."r5p", "t1"."votes_blue", "t1"."votes_red" FROM "draft" AS "t1" WHERE ("t1"."id" = ?) LIMIT ? OFFSET ?', [4, 1, 0])
DEBUG:peewee:('UPDATE "draft" SET "created" = ?, "blue" = ?, "red" = ?, "current_move" = ?, "r1b" = ?, "b1b" = ?, "b2b" = ?, "r2b" = ?, "r3b" = ?, "b3b" = ?, "b1p" = ?, "r1p" = ?, "r2p" = ?, "b2p" = ?, "b3p" = ?, "r3p" = ?, "r4b" = ?, "b4b" = ?, "b5b" = ?, "r5b" = ?, "r4p" = ?, "b4p" = ?, "b5p" = ?, "r5p" = ?, "votes_blue" = ?, "votes_red" = ? WHERE ("draft"."id" = ?)', [datetime.datetime(2025, 10, 22, 14, 15, 37, 661897), '8c9a5848e5db4b5b8e767c2f116f2be9', '8c9a5848e5db4b5b8e767c2f116f2be9', 16, 0, 1, 2, 3, 4, 5, 114, 96, 27, 108, 13, 51, 6, 7, 8, 9, None, None, None, None, 1, 1, 4])
DEBUG:peewee:('SELECT "t1"."id", "t1"."created", "t1"."blue", "t1"."red", "t1"."current_move", "t1"."r1b", "t1"."b1b", "t1"."b2b", "t1"."r2b", "t1"."r3b", "t1"."b3b", "t1"."b1p", "t1"."r1p", "t1"."r2p", "t1"."b2p", "t1"."b3p", "t1"."r3p", "t1"."r4b", "t1"."b4b", "t1"."b5b", "t1"."r5b", "t1"."r4p", "t1"."b4p", "t1"."b5p", "t1"."r5p", "t1"."votes_blue", "t1"."votes_red" FROM "draft" AS "t1" WHERE ("t1"."id" = ?) LIMIT ? OFFSET ?', [4, 1, 0])
DEBUG:peewee:('SELECT "t1"."id", "t1"."created", "t1"."blue", "t1"."red", "t1"."current_move", "t1"."r1b", "t1"."b1b", "t1"."b2b", "t1"."r2b", "t1"."r3b", "t1"."b3b", "t1"."b1p", "t1"."r1p", "t1"."r2p", "t1"."b2p", "t1"."b3p", "t1"."r3p", "t1"."r4b", "t1"."b4b", "t1"."b5b", "t1"."r5b", "t1"."r4p", "t1"."b4p", "t1"."b5p", "t1"."r5p", "t1"."votes_blue", "t1"."votes_red" FROM "draft" AS "t1" WHERE ("t1"."id" = ?) LIMIT ? OFFSET ?', [4, 1, 0])
DEBUG:peewee:('UPDATE "draft" SET "created" = ?, "blue" = ?, "red" = ?, "current_move" = ?, "r1b" = ?, "b1b" = ?, "b2b" = ?, "r2b" = ?, "r3b" = ?, "b3b" = ?, "b1p" = ?, "r1p" = ?, "r2p" = ?, "b2p" = ?, "b3p" = ?, "r3p" = ?, "r4b" = ?, "b4b" = ?, "b5b" = ?, "r5b" = ?, "r4p" = ?, "b4p" = ?, "b5p" = ?, "r5p" = ?, "votes_blue" = ?, "votes_red" = ? WHERE ("draft"."id" = ?)', [datetime.datetime(2025, 10, 22, 14, 15, 37, 661897), '8c9a5848e5db4b5b8e767c2f116f2be9', '8c9a5848e5db4b5b8e767c2f116f2be9', 17, 0, 1, 2, 3, 4, 5, 114, 96, 27, 108, 13, 51, 6, 7, 8, 9, 106, None, None, None, 1, 1, 4])
DEBUG:peewee:('SELECT "t1"."id", "t1"."created", "t1"."blue", "t1"."red", "t1"."current_move", "t1"."r1b", "t1"."b1b", "t1"."b2b", "t1"."r2b", "t1"."r3b", "t1"."b3b", "t1"."b1p", "t1"."r1p", "t1"."r2p", "t1"."b2p", "t1"."b3p", "t1"."r3p", "t1"."r4b", "t1"."b4b", "t1"."b5b", "t1"."r5b", "t1"."r4p", "t1"."b4p", "t1"."b5p", "t1"."r5p", "t1"."votes_blue", "t1"."votes_red" FROM "draft" AS "t1" WHERE ("t1"."id" = ?) LIMIT ? OFFSET ?', [4, 1, 0])
DEBUG:peewee:('SELECT "t1"."id", "t1"."created", "t1"."blue", "t1"."red", "t1"."current_move", "t1"."r1b", "t1"."b1b", "t1"."b2b", "t1"."r2b", "t1"."r3b", "t1"."b3b", "t1"."b1p", "t1"."r1p", "t1"."r2p", "t1"."b2p", "t1"."b3p", "t1"."r3p", "t1"."r4b", "t1"."b4b", "t1"."b5b", "t1"."r5b", "t1"."r4p", "t1"."b4p", "t1"."b5p", "t1"."r5p", "t1"."votes_blue", "t1"."votes_red" FROM "draft" AS "t1" WHERE ("t1"."id" = ?) LIMIT ? OFFSET ?', [4, 1, 0])
DEBUG:peewee:('UPDATE "draft" SET "created" = ?, "blue" = ?, "red" = ?, "current_move" = ?, "r1b" = ?, "b1b" = ?, "b2b" = ?, "r2b" = ?, "r3b" = ?, "b3b" = ?, "b1p" = ?, "r1p" = ?, "r2p" = ?, "b2p" = ?, "b3p" = ?, "r3p" = ?, "r4b" = ?, "b4b" = ?, "b5b" = ?, "r5b" = ?, "r4p" = ?, "b4p" = ?, "b5p" = ?, "r5p" = ?, "votes_blue" = ?, "votes_red" = ? WHERE ("draft"."id" = ?)', [datetime.datetime(2025, 10, 22, 14, 15, 37, 661897), '8c9a5848e5db4b5b8e767c2f116f2be9', '8c9a5848e5db4b5b8e767c2f116f2be9', 18, 0, 1, 2, 3, 4, 5, 114, 96, 27, 108, 13, 51, 6, 7, 8, 9, 106, 144, None, None, 1, 1, 4])
DEBUG:peewee:('SELECT "t1"."id", "t1"."created", "t1"."blue", "t1"."red", "t1"."current_move", "t1"."r1b", "t1"."b1b", "t1"."b2b", "t1"."r2b", "t1"."r3b", "t1"."b3b", "t1"."b1p", "t1"."r1p", "t1"."r2p", "t1"."b2p", "t1"."b3p", "t1"."r3p", "t1"."r4b", "t1"."b4b", "t1"."b5b", "t1"."r5b", "t1"."r4p", "t1"."b4p", "t1"."b5p", "t1"."r5p", "t1"."votes_blue", "t1"."votes_red" FROM "draft" AS "t1" WHERE ("t1"."id" = ?) LIMIT ? OFFSET ?', [4, 1, 0])
DEBUG:peewee:('SELECT "t1"."id", "t1"."created", "t1"."blue", "t1"."red", "t1"."current_move", "t1"."r1b", "t1"."b1b", "t1"."b2b", "t1"."r2b", "t1"."r3b", "t1"."b3b", "t1"."b1p", "t1"."r1p", "t1"."r2p", "t1"."b2p", "t1"."b3p", "t1"."r3p", "t1"."r4b", "t1"."b4b", "t1"."b5b", "t1"."r5b", "t1"."r4p", "t1"."b4p", "t1"."b5p", "t1"."r5p", "t1"."votes_blue", "t1"."votes_red" FROM "draft" AS "t1" WHERE ("t1"."id" = ?) LIMIT ? OFFSET ?', [4, 1, 0])
DEBUG:peewee:('UPDATE "draft" SET "created" = ?, "blue" = ?, "red" = ?, "current_move" = ?, "r1b" = ?, "b1b" = ?, "b2b" = ?, "r2b" = ?, "r3b" = ?, "b3b" = ?, "b1p" = ?, "r1p" = ?, "r2p" = ?, "b2p" = ?, "b3p" = ?, "r3p" = ?, "r4b" = ?, "b4b" = ?, "b5b" = ?, "r5b" = ?, "r4p" = ?, "b4p" = ?, "b5p" = ?, "r5p" = ?, "votes_blue" = ?, "votes_red" = ? WHERE ("draft"."id" = ?)', [datetime.datetime(2025, 10, 22, 14, 15, 37, 661897), '8c9a5848e5db4b5b8e767c2f116f2be9', '8c9a5848e5db4b5b8e767c2f116f2be9', 19, 0, 1, 2, 3, 4, 5, 114, 96, 27, 108, 13, 51, 6, 7, 8, 9, 106, 144, 89, None, 1, 1, 4])
DEBUG:peewee:('SELECT "t1"."id", "t1"."created", "t1"."blue", "t1"."red", "t1"."current_move", "t1"."r1b", "t1"."b1b", "t1"."b2b", "t1"."r2b", "t1"."r3b", "t1"."b3b", "t1"."b1p", "t1"."r1p", "t1"."r2p", "t1"."b2p", "t1"."b3p", "t1"."r3p", "t1"."r4b", "t1"."b4b", "t1"."b5b", "t1"."r5b", "t1"."r4p", "t1"."b4p", "t1"."b5p", "t1"."r5p", "t1"."votes_blue", "t1"."votes_red" FROM "draft" AS "t1" WHERE ("t1"."id" = ?) LIMIT ? OFFSET ?', [4, 1, 0])
DEBUG:peewee:('SELECT "t1"."id", "t1"."created", "t1"."blue", "t1"."red", "t1"."current_move", "t1"."r1b", "t1"."b1b", "t1"."b2b", "t1"."r2b", "t1"."r3b", "t1"."b3b", "t1"."b1p", "t1"."r1p", "t1"."r2p", "t1"."b2p", "t1"."b3p", "t1"."r3p", "t1"."r4b", "t1"."b4b", "t1"."b5b", "t1"."r5b", "t1"."r4p", "t1"."b4p", "t1"."b5p", "t1"."r5p", "t1"."votes_blue", "t1"."votes_red" FROM "draft" AS "t1" WHERE ("t1"."id" = ?) LIMIT ? OFFSET ?', [4, 1, 0])
DEBUG:peewee:('UPDATE "draft" SET "created" = ?, "blue" = ?, "red" = ?, "current_move" = ?, "r1b" = ?, "b1b" = ?, "b2b" = ?, "r2b" = ?, "r3b" = ?, "b3b" = ?, "b1p" = ?, "r1p" = ?, "r2p" = ?, "b2p" = ?, "b3p" = ?, "r3p" = ?, "r4b" = ?, "b4b" = ?, "b5b" = ?, "r5b" = ?, "r4p" = ?, "b4p" = ?, "b5p" = ?, "r5p" = ?, "votes_blue" = ?, "votes_red" = ? WHERE ("draft"."id" = ?)', [datetime.datetime(2025, 10, 22, 14, 15, 37, 661897), '8c9a5848e5db4b5b8e767c2f116f2be9', '8c9a5848e5db4b5b8e767c2f116f2be9', 20, 0, 1, 2, 3, 4, 5, 114, 96, 27, 108, 13, 51, 6, 7, 8, 9, 106, 144, 89, 53, 1, 1, 4])
DEBUG:peewee:('SELECT "t1"."id", "t1"."created", "t1"."blue", "t1"."red", "t1"."current_move", "t1"."r1b", "t1"."b1b", "t1"."b2b", "t1"."r2b", "t1"."r3b", "t1"."b3b", "t1"."b1p", "t1"."r1p", "t1"."r2p", "t1"."b2p", "t1"."b3p", "t1"."r3p", "t1"."r4b", "t1"."b4b", "t1"."b5b", "t1"."r5b", "t1"."r4p", "t1"."b4p", "t1"."b5p", "t1"."r5p", "t1"."votes_blue", "t1"."votes_red" FROM "draft" AS "t1" WHERE ("t1"."id" = ?) LIMIT ? OFFSET ?', [4, 1, 0])
DEBUG:peewee:('SELECT "t1"."id", "t1"."created", "t1"."blue", "t1"."red", "t1"."current_move", "t1"."r1b", "t1"."b1b", "t1"."b2b", "t1"."r2b", "t1"."r3b", "t1"."b3b", "t1"."b1p", "t1"."r1p", "t1"."r2p", "t1"."b2p", "t1"."b3p", "t1"."r3p", "t1"."r4b", "t1"."b4b", "t1"."b5b", "t1"."r5b", "t1"."r4p", "t1"."b4p", "t1"."b5p", "t1"."r5p", "t1"."votes_blue", "t1"."votes_red" FROM "draft" AS "t1"', [])
